     1                                  bits 32 ; assembling for the 32 bits architecture
     2                                  
     3                                  ; declare the EntryPoint (a label defining the very first instruction of the program)
     4                                  global start        
     5                                  
     6                                  ; declare external functions needed by our program
     7                                  extern exit               ; tell nasm that exit exists even if we won't be defining it
     8                                  import exit msvcrt.dll    ; exit is a function that ends the calling process. It is defined in msvcrt.dll
     9                                                            ; msvcrt.dll contains exit, printf and all the other important C-runtime specific functions
    10                                  
    11                                  segment data use32 class=data
    12                                      ; ...
    13 00000000 02                              a db 2h
    14 00000001 05                              b db 5h
    15                                  segment code use32 class=code
    16                                      start:
    17                                          ; ...
    18 00000000 A0[00000000]                    mov AL, [a]
    19 00000005 8A35[01000000]                  mov DH, [b]
    20 0000000B F6E6                            mul DH ; AX ← AL * DH
    21                                          
    22                                          ; exit(0)
    23 0000000D 6A00                            push    dword 0      ; push the parameter for exit onto the stack
    24 0000000F FF15[00000000]                  call    [exit]       ; call exit to terminate the program
