     1                                  bits 32
     2                                  
     3                                  global start        
     4                                  
     5                                  extern exit         
     6                                  extern scanf         
     7                                  extern gets         
     8                                  extern printf                
     9                                  import exit msvcrt.dll
    10                                  import scanf msvcrt.dll
    11                                  import gets msvcrt.dll
    12                                  import printf msvcrt.dll
    13                                  extern concatenate_words   
    14                                  
    15                                  segment data use32 class=data
    16 00000000 00000000                    n dd 0
    17 00000004 256400                      n_fr db "%d",0
    18 00000007 00000000                    i dd 0
    19 0000000B 00<rept>                    s times 100 db 0
    20 0000006F 00<rept>                    result times 300 db 0
    21 0000019B 25730A00                    format_print db '%s',10,0
    22 0000019F 0A456E746572207365-         nice_message db 10,"Enter sentence %d: ",0
    22 000001A8 6E74656E6365202564-
    22 000001B1 3A2000             
    23 000001B4 0A456E746572206E3A-         nice_message0 db 10,"Enter n: ",0
    23 000001BD 2000               
    24 000001BF 596F752063616E2072-         bad_message db "You can read 100 characters max per string.",0
    24 000001C8 656164203130302063-
    24 000001D1 686172616374657273-
    24 000001DA 206D61782070657220-
    24 000001E3 737472696E672E00   
    25                                  segment code use32 class=code
    26                                      start:
    27 00000000 68[B4010000]                push dword nice_message0
    28 00000005 FF15[00000000]              call [printf]
    29 0000000B 83C404                      add esp,4*1
    30                                      
    31 0000000E 68[00000000]                push dword n
    32 00000013 68[04000000]                push dword n_fr
    33 00000018 FF15[00000000]              call [scanf]
    34 0000001E 83C408                      add esp,4*2  
    35                                      
    36 00000021 68[0B000000]                push dword s
    37 00000026 FF15[00000000]              call [gets]
    38 0000002C 83C404                      add esp, 4
    39                                      
    40 0000002F 31C9                        xor ecx,ecx
    41                                      loop_sentences:
    42 00000031 3B0D[00000000]                  cmp ecx,[n]
    43 00000037 7347                            jae done_looping
    44 00000039 60                          pushad
    45 0000003A 51                              push ecx
    46 0000003B 68[9F010000]                    push dword nice_message
    47 00000040 FF15[00000000]                  call [printf]
    48 00000046 83C408                          add esp,4*2
    49 00000049 61                          popad
    50                                      
    51                                      
    52                                          ;char *fgets(char *s, int size, FILE *stream);
    53 0000004A 60                          pushad
    54 0000004B 68[0B000000]                    push dword s
    55 00000050 FF15[00000000]                  call [gets]
    56 00000056 83C404                          add esp, 4
    57 00000059 61                          popad
    58                                          
    59 0000005A 803D[6E000000]00                cmp byte [result-1],0
    60 00000061 7532                            jne bad
    61 00000063 83F800                          cmp eax,0
    62 00000066 742D                            je bad
    63                                          
    64                                          ;concatenate_words(s,result,i)
    65                                          ; we take the i'th word from string s,add it to end of result
    66 00000068 60                              pushad
    67                                          
    68 00000069 51                              push dword ecx
    69 0000006A 68[6F000000]                    push dword result
    70 0000006F 68[0B000000]                    push dword s
    71 00000074 E8(00000000)                    call concatenate_words
    72 00000079 83C40C                          add esp,4*3
    73 0000007C 61                          popad
    74                                          
    75 0000007D 41                              inc ecx
    76 0000007E EBB1                        jmp loop_sentences
    77                                      done_looping:
    78                                      
    79                                      
    80 00000080 68[6F000000]                push dword result
    81 00000085 68[9B010000]                push dword format_print
    82 0000008A FF15[00000000]              call [printf]
    83 00000090 83C408                      add esp,4*2
    84 00000093 EB0B                        jmp done
    85                                      
    86                                      bad:
    87 00000095 68[BF010000]                push dword bad_message
    88 0000009A FF15[00000000]              call [printf]
    89                                      
    90                                      done:
    91                                  
    92 000000A0 6A00                            push    dword 0
    93 000000A2 FF15[00000000]                  call    [exit]
