GCkjLuyi4qCkYvki1acwt3Lt00Ti+WJLfNiqnyd8KDTi695p8zoCfd26qohaVElYhL3sclDta739xwDRYr1WJJnRUdzVtxdbN05BUvrAfSF1fz9/URV1rgA=
2gwlpXybjgoFe+sUZUhOdd/4242Yog+Y1FQMv6lj2N23iAxpRuYQl1yK33QIqlWWytwInG79Kgzp1uHKG54nbK4b
4cZGELVsLeg3/6CiFk8bySkfg7d6/hliED4MWyvL4NAOT3mBjHjJ3trEDWZhzSvPnMIvDOgyxR1IVJsEDgVaxKke0fI7hjdkrhM=
tqcgIkApOgi3VMLtzRJ0qvvc+OzSru1DATvK+KpkW0/IybLPeNH/yNpozXGuLXB3jYe0YrUAGpbp4+ZDXWFMgPsq8MjZI6gmX7Jm79ZKWXxlNENcC3quAQ==
6t3Z5SsbJRJlvYgkZEG1XjT2+FW7pmre2fVRTaACL1wk9Ctly7Qv0xR7da07uqD0TzGHC6X369EXrmI=
bVShPrj9D6vh2lT9PVmYxoYgOMJxdxrhIlhu8h+NTGC7inBoGUmrRpsS5k+WqlmcJZTD/MsarmE=
Bit+g9PrkzmwXt0jCDLHTTT2+FW7pmre2fVRTaACL1wk9Ctly7Qv0xp/da07uqD0TzGHC6X369EXrmI=
EnjgjyeHs6uNC4oD8H/4zoYgOMJxdxrhIlhu8h+NTGC7inBoGUevRpsS5k+WqlmcJZTD/MsarmE=
6hw22BhhPrJ4dUyTA5X3OCkfg7d6/hliED4MWyvL4NAOT3mBjHjJ3trEDWZhzSvPnMIvDOgyxRxLVJkFDgVaxKke0fI7hjdkrhM=
eXm6NPbNEqODIti32R9uKYijJQ0rmayiLR4zgaXkKnuwxFs6KnCqB+Aylcb4H3gY+1OjentTpz32CbqExTnljAEPUZv7N5SCjuihQUmXK0+lDXmuDA==
OOkCJ3XyVlnZhfkFINBvVm8imwDv+ezFov3cY1E67djdi0wvdfSHT72V60mPAxDA1pCQEyV7BPYtjJoSYX92t+UN7CSTlgCcge5rYpVvNtsuZjmYTUhzSBN2rgU=
+4VSZ+plQdwIiPy8q5RxTCkfg7d6/hliED4MWyvL4NAOT3mBjHjJ3trEDWZhzSvPnMIvDOgyxRpLVJkFDgVaxKke0fI7hjdkrhM=
TTSTvGt6OLqQKMZjiAeyV6uZoLHl5s1mQxvW/LBIKQCGhefZcsiql/otg2GsHj5tjYe0YrUAGpbp8OlHR2FMgPsq8MjZJKsmXbNm79ZKWXxlNENcC3quAQ==
A0Rzw2lEeNwKmQ7myEHNtinvNpk+ruIkqJ4/Mb+WhkImH0rR1ZzAXQlr8McgG9oZmoxHVB0YaJuKsJmHaTqxh9YaABewlO9d10RDW707kaMWCjwMCxGDU1lnRxlzrgY=
+4VSZ+plQdwIiPy8q5RxTCkfg7d6/hliED4MWyvL4NAOT3mBjHjJ3trEDWZhzSvPnMIvDOgyxRpLVJkFDgVaxKke0fI7hjdkrhM=
Zk5jkC6mhTQfQiqWDZZTwquaoLHl5s1mQxvW/LBIKQCGhefZcsiql/otg2GsHj5tjYe0YrUAGpbp8OlHR2FMgPsq8MjZJKsmXbNm79ZKWXxlNENcC3quAQ==
Vza6MPPejlTsm+jm1q3U7SnvNpk+ruIkqJ4/Mb+WhkImH0rR1ZzAXQpr8McgG9oZmoxHVB0YaJuKsJmHaTqxh9YaABewlO9d10RDW707kaMWCjwMCxGDU1lnRxlzrgY=
eUpDNk9+XVQfMNGG6t9VfCkfg7d6/hliED4MWyvL4NAOT3mBjHjJ3trEDWZhzSvPnMIvDOgyxRtLVJkFDgVaxKke0fI7hjdkrhM=
hJeGZN/0Dwi+NHxDiSoD/6uboLHl5s1mQxvW/LBIKQCGhefZcsiql/otg2GsHj5tjYe0YrUAGpbp8OlHR2FMgPsq8MjZJasmXbNm79ZKWXxlNENcC3quAQ==
h7/8USRqf1jnUU6V1Cl5xSnvNpk+ruIkqJ4/Mb+WhkImH0rR1ZzAXQtr8McgG9oZmoxHVB0YaJuKsJmHaTqxh9YaABewlO9d10RDW7w7kaMWCjwMCxGDU1lnRxlzrgY=
PxZWKlkZ8jWEXn3jgenmzjYlibQOCVd9ipTqQ5IBk2W0Il6ZxctEBg2cmgJBnDkDH51stPMmwOyh/W9ytR/2a072uQit+DO4M2auFQ==
9rKQYvcI9CwS8GgpdWLU5fOr+BUMY8LMziEumcimy1/wX4zNzN9WXkN2rtPOQD0f5bo9H2FlwMXstBNV01RnI3P/3RvymriEt3Ffmx1XowF/rgo=
Zy/35ylCYKI3wWD0y5J/dPKr+BUMY8LPziEumcimy1/wX4zNzN9WXkN2rtPOQD0f5bo9H2FlwMXstBNV01RnI3P+3RvymriEt3Ffmx1XowF/rgo=
SMF6swDzCrtDeH/9FhTiifSr+BUMY8LOziEumcimy1/wX4zNzN9WXkN2rtPOQD0f5bo9H2FlwMXstBNV01RnI3X73RrymriEt3Ffmx1XowF/rgo=
9EUlockX/HaiT5kitKs2Jg/jr8tbc3nVx2lCrPVdLx97VSPJ3Mb+JV2/1IqFGBqe+QjJb7c5DEirkhCgab0rrszLxkemkpk0tQwjtDtirgk=
XFsPt4yXz+DIyEuh/5QVCykFhbdm5hhiED4MWyvL4NAOT3mBjHjJ3trEDWZhzSvPnMIvDOgyxRpLVJsFDgVaxKke0fI7hjdkrhM=
2QnT7LAhCOJPRgN+WCz0+QiDopQaanuHmHFSp8hJf0BQFm3FxvSwP12/1IqFGBqe+RvGa605DEirkhCgabwrrs/Lxkemkpk0tQwjtDtirgk=
4OHoHgL04uB/s/Hz9tISofaLvQ4NLLndlWI5kNmhzVqpQJeuzN9WXkN2rtPOQD0f5bo9H2FlwMXstBNV01RnI3363RnymriEt3Ffmx1XowF/rgo=
34aKUp6HwbMQ4CRdBaa/Nhjl3lCs2pJee3FIf4pQOFlQcsfv/qQkMSxt8s4Rm9v8Ym8aaPsut+jW5zRIJ/vX+o/76OI+a45k0SHpvH0nj9qv3SjyAnA14b0vZ595ZU2uOA==
RnjDp6WvGoWBQnAAEhoriCkfg7d6/hliED4MWyvL4NAOT3mBjHjJ3trEDWZhzSvPnMIvDOgyxRZKVJoFDgVaxKke0fI7hjdkrhM=
wogwoQhZRIRQtfKd8HwEd4ijJQ0rmayiLR4zgaXkKnuwxFs6KnCqB+Aylcb4H3gY+1OjentTpz32CbqExTnljAEPW5r7NJSCjuihQUmXK0+lDXmuDA==
WUBuQKhNfV/Cky/aapjnv28imwDv+ezFov3cY1E67djdi0wvdfSHT72V60mPAxDA1pCQEyV7BPYtjJoSYX92t+UN7CSTlgCcgeRqYpZvNtsuZjmYTUhzSBN2rgU=
MbfgflWudKkK9lcZYel9faIzOjsAbQgEJZAnCJK/yFgLM7N6a7PG/EqkWwRVmbVMUS9qmgtURELeCDHB+ffbD5Utaa4c
YqUH9YtyBRMQmVSp2MMbcCgFhbdm5hhiED4MWyvL4NAOT3mBjHjJ3trEDWZhzSvPnMIvDOgyxRhIVJwFDgVaxKke0fI7hjdkrhM=
1oWKt2gzRZxR1IrSjFpyRgiDopQaanuHmHFSp8hJf0FQFm3FxvSwP12/1IqFGBqe+RvGa605DEirkhCgab4orsjLxkemkpk0tQwjtDtirgk=
39AAF1zuMT7EE/pzuXLEkSsFhbdm5hhiED4MWyvL4NAOT3mBjHjJ3trEDWZhzSvPnMIvDOgyxR1PVJwFDgVaxKke0fI7hjdkrhM=
MmgcKFqPXOYdcJ7zTi+RGwiDopQaanuHmHFSp8hJf0JQFm3FxvSwP12/1IqFGBqe+RvGa605DEirkhCgabsvrsjLxkemkpk0tQwjtDtirgk=
iT1WEHBoyeQckGl9p94JQyoFhbdm5hhiED4MWyvL4NAOT3mBjHjJ3trEDWZhzSvPnMIvDOgyxRlPVJwFDgVaxKke0fI7hjdkrhM=
x8cg+lq1c9vtPF62pEirvgiDopQaanuHmHFSp8hJf0NQFm3FxvSwP12/1IqFGBqe+RvGa605DEirkhCgab8vrsjLxkemkpk0tQwjtDtirgk=
SgOOtmLYEE4AM5o6YvuGky0Fhbdm5hhiED4MWyvL4NAOT3mBjHjJ3trEDWZhzSvPnMIvDOgyxR5OVJwFDgVaxKke0fI7hjdkrhM=
pvHgTrGRJfoqAFWq9lNKNwiDopQaanuHmHFSp8hJf0RQFm3FxvSwP12/1IqFGBqe+RvGa605DEirkhCgabgursjLxkemkpk0tQwjtDtirgk=
gICxPkDqc5dV4e6ac2q05iwFhbdm5hhiED4MWyvL4NAOT3mBjHjJ3trEDWZhzSvPnMIvDOgyxRtOVJwFDgVaxKke0fI7hjdkrhM=
8mODRIxa00H6LKLTobEN5giDopQaanuHmHFSp8hJf0VQFm3FxvSwP12/1IqFGBqe+RvGa605DEirkhCgab0ursjLxkemkpk0tQwjtDtirgk=
uf2ufVHuc8kvnLZhawzY/A+ewy7QctQXm2e4PG6j4S089FFSWkiV6tFhsyP8LnegWH4dVY4YR0k+KQIoyfLJ3guKL2iuHw==
QG/OulgEW0uy5EN4tUMT7U09y4BfsXEuGi5DFjGezuFAVXmBjHjJ3trEDXVuyTHPnMIvDOgyxRlOVJ8FDgVaxKke0fI7hjdkrhM=
yw8rNEyvhhNzHjRKwIP0OQ6ewy7QctQXm2e4PG6j4S089FFSWkiV6tFhsyP8LnegWH4dUIsYRkk+KQIoyfLJ3guKL2iuHw==
DlNDUHzmbPWqti6/LUE58E09y4BfsXEuGi5DFjGfzuFAVXmBjHjJ3trEDXVuyTHPnMIvDOgyxRxLVJ4FDgVaxKke0fI7hjdkrhM=
qGOKkFyD07Xd81MdXb/wECkfg7V99BhiED4MWyvL4NAOT3mBjHjJ3trEDWZhzSvPnMIvDOgyxRpLVJ4FDgVaxKke0fI7hjdkrhM=
Y3NYPV+a2923UzBBVodedG3JlUViWNG4ijUMB8odVLff4q52x3S4GgBtqelsUPnG2tw9XY6h4ffcOn+kSFo1gsvM7u2urYq8aSaBGluuB3yuCw==
dN1/l75M7O6248J1isReJ047Lhj+hsHB2q5zAQXOneHUHmLnqkUG5Z3P/syNqsTtuBNvYU8fInEA93XhJg75tsjHAu3c3ZG+Y31athx/V6HSULvsLxSf/QeEczutOoGLZkrs7LuRE/Oppxd5Q642
Aic0pKeM2TN3BAO1LF6ot9J4EyYSiijTPHl2Ta36SiC+/wXvthtaVVrVoYi0hlxxOX1SBuFD7koL7xio8EjtoSNffDgBCxj7n/LLQeQiaqCc4m+saJKF/kk0UaWOpZrkqf4Rkrtmd0SuMw==
yXfUz0pS08HgNUz1HLENVdJ4EyYSii7TPHl2Ta36SiC+/wXvthtaVVrVoYi0hlxxOX1SBuFD7koL7xio8EjtoCNffDgBCxj7n/LLQeQiaqCc4m+saJKF+Ek0UaWOpZrkqf4Rkrtmd0SuMw==
1k136N1p3xe3rE/5U1vqJ+Lzo8be2KrXTirJhc3cz0Xz0hh8TCRJl8/QzQd1NFAYM/LHyd+hk+pbs/5KILBBg21KRwrA8sm1XLnfNAd7vGxecmzUM8ZATGHeblJ9v3aLjpa56O2YsxhzRq41
yQA0nqz5goRDfFSF2ffC9hyf0mhunc0e+u3OY6v5twjmPOwEU/aAPMEMboLcz7a77kY5uA2o8+jTFq5l
HkTBQH8SA38H6gdefSvxHT4U+RJa3rqcqLiLoQaGtrMnV73nghFOl8MV58y+4MwQW/qwGPkwrjZ0YyY/dtrZ7MXkA4wraq4R
D1WQdd4U/csQ7yZG+qDIsF3jciGnl64XbCeC8bFQfgT1wBmjv4pTqFl1fMLhEQxgrtrfgGBuqJ3ou3ckmVS3DT/kO+sxvhlarmqU3FNRe2MxR18Je64O
fQ4mDk9LVG3YSpeV/l2SH2kAxr8OXA98z4/xDOMIz2n0JFnfzsdOWBqdzhNLqXdYRoxstPMmwOyh/GtytRj2a072uQit+DO4M2auFQ==
LRbAyPv1lCILfi/mTdg7qGb73k3IpvBGOigKOtQOWk1eL4y8pOl3cjt64t8f6YvmMSlfa+Bqh6GK7DhCeezWrp7xzqNhKJ9k0SHpvH0ngtmv3y/yAnA14b0vZ595ZU2uOA==
8ieXe8zhD2BIzr3hwzNfxyUMrjrWCUIXDQ6Magb2TITsokKC3M3YoxokQkUBws22pIfJBa2GF8VJc+ZmcZH8wN6aL6AQbli9mHuHhOnUJ61vJOvLI78JM/mqRLzD0csDgYdvaUuuPg==
//OeNV6Wuft5yFCO8xTJ7eYoJypVIXMbPNIDQc60xFJVJLIuernisx3wWwRVmbVMUS9gmwtWQ0LeCDHB+ffbD5Utaa4c
S+H1SJAxCMfBhXjGewochl3jciGnl64XbCeC8bFQfgT1wBmjv4pTqFl1fMLhEQxgrtrfgGBuqJ3ou3ckmVS3DT/kO+syuxlSqWqU3FNRe2MxR18Je64O
J/ZUNR0Rt5UlgoW8poiBDRsGeoRzoG/BpOwZF57vbnAKlc4bW4FXcBZELHyjjmBEMXfr+iOwVsMePvnA/dATkCNurh0=
24PS+HXO1+pBJgSI4WN+aT4U+RJa3rqcqLiLoQaGtrMnV73nghFOl8MV58y+4MwQW/qwGPkzqzZ7ZCY/dtrZ7MXkA4wraq4R
76dm4adSYhNLPPr1rXLjOl3jciGnl64XbCeC8bFQfgT1wBmjv4pTqFl1fMLhEQxgrtrfgGBuqJ3ou3ckmVS3DT/kO+s0uRlVqWqU3FNRe2MxR18Je64O
axBB8T7xxzZlrKMWXuA2LA2ewy7QctQXm2e4PG6j4S089FFSWkiV6tFhsyP8LnegWH4dUI8YQk8+KQIoyfLJ3guKL2iuHw==
MDuRPvBv5463BiJoot1sp009y4BfsXEuGi5DFjGczuFAVXmBjHjJ3trEDXVuyTHPnMIvDOgyxRxPVJoDDgVaxKke0fI7hjdkrhM=
oVsXsRfx/95CatzX74kBZgyewy7QctQXm2e4PG6j4S089FFSWkiV6tFhsyP8LnegWH4dWo8YQk8+KQIoyfLJ3guKL2iuHw==
reoJGv8OjM7XpNolbiCzvU09y4BfsXEuGi5DFjGdzuFAVXmBjHjJ3trEDXVuyTHPnMIvDOgyxRZPVJoDDgVaxKke0fI7hjdkrhM=
QzJQElOFq2DFpA/R3kfH8ygfg7V99BhiED4MWyvL4NAOT3mBjHjJ3trEDWZhzSvPnMIvDOgyxR9LVJ0DDgVaxKke0fI7hjdkrhM=
OLh8SZmhHL9Ewha51OVLcG3JlUViWNG4ijUMB8odVLff4652x3S4GgBtqelsUPnG2tw9XY6h4ffcOn+kSFo1h8vM7euurYq8aSaBGluuB3yuCw==
kbnolHKjLKkWSldU7xw08F9Cv01iAHiF0ia31j4ss6NK3zlRnU+s0oM7Ck5qha//16KvhFdbKz8rgDcVXqiEHjPf04eluJSMkX+Qfx92QzV0loJEPIYHGLhmTbwOcJVXXpHygIka+aarEn9Arjc=
W2Wog4BtrQdGEcfEBzPbedJ4EyYSiinTPHl2Ta36SiC+/wXvthtZVVrVoYi0hlxxOX1SBuFD7koL7xio8EjtoiNffDgBCxj7n/LLQeQiaqCc4m+saJKF/Es0XKOOpZrkqf4Rkrtmd0SuMw==
0xvAgPfIaitCBVazEATRONJ4EyYSii/TPHl2Ta36SiC+/wXvthtZVVrVoYi0hlxxOX1SBuFD7koL7xio8EjtoyNffDgBCxj7n/LLQeQiaqCc4m+saJKF+Es0XKOOpZrkqf4Rkrtmd0SuMw==
ehqNP5LgL0fx7ELffpTwYkp6IHCJwnuDnwjZr54OohiqVzGtj5y0/96WlKr0DFN5Kz8GidzHOalizj1+hq1YVyMvNSYf7dY+mP/TKV7AR3SLdPtF23S/c+56RU6serCUn7H365W3G3FHrjI=
Mq1lpfuW8NNlvv1gUTpGGhyf0mhunc0e+u3OY6v5twjlPOwEU/aAPMEEboLTyba77kY5uA2o8+jTFq5l
gjjZ1a14lC6PhEn70qgvlD4U+RJa3rqcqLiLoQaGtrMnV73nghFOl8MV58y94MwQW/qwGPk4rjZ7ZSY/dtrZ7MXkA4wraq4R
RwWYA38SGW6GyKvSNkr4W13jciGnl64XbCeC8bFQfgT1wBmjv4pTqFl1fMLhEQxgrtrfgGBuqJ3ou3cnmVS3DT/kO+s2uxlUqGqU3FNRe2MxR18Je64O
u9aZh5tfbvVg2/h0LfYWPWkAxr8OXA98z4/xDOMIz2n0JFnfzsdOWBqdzhNLqXdYRYxstPMmwOyh/mpyshn2a072uQit+DO4M2auFQ==
EVUG6obwszos0kyB9osD9xfSBF805acpZcOjroCyXorYzdyrBjQufeXiqe6Id/VN6UbTjTXDCr7V8Vg4cgqzKJTu3DUE6yv/TTSD9QOUFwNi+c38xNpoZCfxrzttl3NhT646
io2o8P0QTfFs+IHmNliSANvOwqjEfX/y65BkrWXtr5PJCmIazB5STVY/lJzM2Y+yYypKP6eZA2a5mSfLCLrf4bIcECJh/N6uluHWQ0lbp6QJcYEchZcOXycolpKqoO2hxR+Pv2F1Ra4w
uCfBZtDYRsF2mlJLH3oBJguewy7QctQXm2e4PG6j4S089FFSWkiV6tFhsyP8LnegWH4dUIkYQUs+KAIoyfLJ3guKL2iuHw==
QejFNjOifb9TrJZmKI4rZE09y4BfsXEuGi5DFjGazuFAVXmBjHjJ3trEDXVuyTHPnMIvDOgyxRxJVJkHDgRaxKke0fI7hjdkrhM=
0o7ufgj9+7ieTAG/iO0Z8wqewy7QctQXm2e4PG6j4S089FFSWkiV6tFhsyP8LnegWH4dVokYQUs+KAIoyfLJ3guKL2iuHw==
nycMzKuvQk2E84gD5GrAEU09y4BfsXEuGi5DFjGbzuFAVXmBjHjJ3trEDXVuyTHPnMIvDOgyxRpJVJkHDgRaxKke0fI7hjdkrhM=
9DslyyK/7A+LPubxdsPR7Ssfg7V99BhiED4MWyvL4NAOT3mBjHjJ3trEDWZhzSvPnMIvDOgyxR5IVJkHDgRaxKke0fI7hjdkrhM=
Rq+I3oqlen9ftJwuxe+Xzm3JlUViWNG4ijUMB8odVLff4K52x3S4GgBtqelsUPnG2tw9XY6h4ffcOn+kSFo1hsjM6e+urIq8aSaBGluuB3yuCw==
iNfjwcJjcCzJAs7pKlpX6kp6IHCJwnmDnwjZr54OohiqVzGtj5y1xZ2Nif2TAwx5bmFb3MDWEq90xw8bwLZaZWprNCYf7dY+mP/TKV7AR3SLdPtF23S/c+96RUqoerGUn7H365W3G3FHrjI=
77vohLLch9etsNT2yoT7UtJ4EyYSiiqIaWNhRrfrZyCI6jCuxHg7HVbV6M7Ilkdgdz9DC/t0/1Ee7Ezo+W25+BdcfDgBCxj7n/LLQeQiaqCc4m+saJKF+Uo0WKeOpJrkqf4Rkrtmd0SuMw==
bOybT0uzBceFRVfz2Bex3dJ4EyYSiiqIaWNhRrfrZyCI6jCuxXg7HVbV6MzIlkdgdz9DC/t0/1Ee7Ezo+W25+BdcfDgBCxj7n/LLQeQiaqCc4m+saJKF/Ek0WKeOpJrkqf4Rkrtmd0SuMw==
KgIAqoirBZg7+Xl2KnSaTV9Cv01iAHrehzyg3SQ9nqN8ygwQ6R37zJIqMBlW0eC/2KKvhFdbKz8rgDcVXqiEHCnZ0Zy3uJSMkX+Qfx92QzV0loJEPIYHGLhmTbIJcJBTXpDygIka+aarEn9Arjc=
X2NylE+JAlMN6gm0JDOvVByf0mhunc0e+u3OY6v5twjkPOwEU/aAPMEIaoLRzba67kY5uA2o8+jTFq5l
/WKJJ7IuUXieQCOc4JUfKD4U+RJa3rqcqLiLoQaGtrMnV73nghFOl8MV58y84MwQW/qwGPk0qjZ5YSY+dtrZ7MXkA4wraq4R
8X5glUe3MWWbNWyqalFWO13jciGnl64XbCeC8bFQfgT1wBmjv4pTqFl1fMLhEQxgrtrfgGBuqJ3ou3cmmVS3DT/kO+s1uhlXrGqV3FNRe2MxR18Je64O
hy1DgIcohezxOaeVuISjvLyrs5WPCeepieNzQP4STBsNnenJ8GsjPirgpL+LyDvalgLfahffkL7JoQIVJl4O94791yuPDgB2XKofFIgKFXDJvM0/7hxqLOm2IWqbfmdMrjs=
EUPZSb0hRtZaPmXMiwdgu2Ka2GKTp16BwrBFy7v/ORnXLmaAwJ2NF31XWAmfyPq64HFz+lf8tujrFB/djKi5m+Y7fgzCMU63g/VnrHzAzDCbmjD4uReoFjmBpl62+tnMBYSDbGtKrjE=
AgQTbLjhdA/LWvlPvPiTe2kAxr8OXA98z4/xDOMIz2n0JFnfzsdOWBqdzhNLqXdYRIxstPMmwOyh9WhysR32ak72uQit+DO4M2auFQ==
KvsHtPrjTOVYjiOAcHVyeQmewy7QctQXm2e4PG6j4S089FFSWkiV6tFhsyP8LnegWH4dUo4YREg+KAIoyfLJ3guKL2iuHw==
Nm4SB/uIvogVRTfdsm9cO009y4BfsXEuGi5DFjGYzuFAVXmBjHjJ3trEDXVuyTHPnMIvDOgyxR5OVJwEDgRaxKke0fI7hjdkrhM=
bzy2TsOfrL+P75VtYBsCxAiewy7QctQXm2e4PG6j4S089FFSWkiV6tFhsyP8LnegWH4dUY4YREg+KAIoyfLJ3guKL2iuHw==
JTP2GwhdAiZAO0pilKvnFE09y4BfsXEuGi5DFjGZzuFAVXmBjHjJ3trEDXVuyTHPnMIvDOgyxR1OVJwEDgRaxKke0fI7hjdkrhM=
8t9cq8Pw9X6kZLX3U1Hw+Ep6IHCJwnqDnwjZr54OohiqVzGtj5yzxZ2Nif2TAwx5bmFb3MDWEq90xw8bwLZaZWptNCYf7dY+mP/TKV7AR3SLdPtF23S/c+l6RU2rerGUn7H365W3G3FHrjI=
8Ee5f09HdItsv0Hz1723M9J4EyYSiijTPHl2Ta36SiC+/wXvthteVVrVoYi0hlxxOX1SBuFD7koL7xio8EjtpyNffDgBCxj7n/LLQeQiaqCc4m+saJKF/kk0X6SOpJrkqf4Rkrtmd0SuMw==
HcQ4AxfCT76tdkZvr1oqgtJ4EyYSiinTPHl2Ta36SiC+/wXvthteVVrVoYi0hlxxOX1SBuFD7koL7xio8EjtpiNffDgBCxj7n/LLQeQiaqCc4m+saJKF+Ek0X6SOpJrkqf4Rkrtmd0SuMw==
jY86RymVhMd/nJOURMlDkByf0mhunc0e+u3OY6v5twjiPOwEU/aAPMEPa4Lczra67kY5uA2o8+jTFq5l
bOmgtkmO+CbVZfffwtufHT4U+RJa3rqcqLiLoQaGtrMnV73nghFOl8MV58y64MwQW/qwGPkzqzZ0YiY+dtrZ7MXkA4wraq4R
U8sC0hNJiWvl5UPVANtN3F3jciGnl64XbCeC8bFQfgT1wBmjv4pTqFl1fMLhEQxgrtrfgGBuqJ3ou3cgmVS3DT/kO+syuxlar2qV3FNRe2MxR18Je64O
r7LlzBTzB7ZlxOZtFaRzSmkAxr8OXA98z4/xDOMIz2n0JFnfzsdOWBqdzhNLqXdYQoxstPMmwOyh+GtyvB72ak72uQit+DO4M2auFQ==
7njn+bfvnCddAAEqWUn/a7yrs5WPCeepieNxT/4STBsNnenJ8GsjPirgpL+LyDvalgLfahffkL7JoQIVJl4O94791yuPDgZ2XKofFIgKFXHKvMA87hxqLOm2IWqbfmdMrjs=
mfADwaMIX3pJedUGUT/jPGac2GKTp16BwrBFy7v/ORnVIWaAwJ2NF31XWAmfyPq64HFz+lf8tujrFB/djKi5m+Y7fgzCMU63g/VnrHrAzDCbmjD4uRWpFjSCpl62+tnMBYSDbGtKrjE=
hwP1ypAw1cl9pmvWaBt4+Qeewy7QctQXm2e4PG6j4S089FFSWkiV6tFhsyP8LnegWH4dW4kYQkk+KAIoyfLJ3guKL2iuHw==
OLdpKdowSZPB32atOyzITU09y4BfsXEuGi5DFjGWzuFAVXmBjHjJ3trEDXVuyTHPnMIvDOgyxRdJVJoFDgRaxKke0fI7hjdkrhM=
2Y0ceMcnJAZAoLiCz9ED3gaewy7QctQXm2e4PG6j4S089FFSWkiV6tFhsyP8LnegWH4dUogYQkk+KAIoyfLJ3guKL2iuHw==
2eXNHBlTgUmQYSZ48hOZsU09y4BfsXEuGi5DFjGXzuFAVXmBjHjJ3trEDXVuyTHPnMIvDOgyxR5IVJoFDgRaxKke0fI7hjdkrhM=
pB/CRATaELbW313poyvT30p6IHCJwn+egEzIpIIZrwSbZja/qPqmmZaalOO3cENiOnFEmNHdDrh52z4qx6R9A3MbNiYf7dY+mP/TKV7AR3SLdPtF23S/c+p/RUiqerGUn7H365W3G3FHrjI=
ekZEwB9FgroSPjz1mYEoC0p6IHCJwniegEzIpIIZrwSbZja/qPqmmZaalOO3cENiOnFEmNHdDrh52z4qx6R9A3IbNiYf7dY+mP/TKV7AR3SLdPtF23S/c+x+RUiqerGUn7H365W3G3FHrjI=
fRDTh3UqSfAMfwSzOm2ITOLzo8be2KrXTirJhc3cz0Xz0hh8TCRMl8/QzQd2N1AYM/LHyd+hk+pbs/5KILVBg21KRwrA8sm1XLnfNAd7vGxecmzUM8ZATGHbblJ2v3aKjpa56O2YsxhzRq41
IkghCFZVjp7sKxgQqgH23xyf0mhunc0e+u3OY6v5twjjPOwEU/aAPMELa4LQz7a67kY5uA2o8+jTFq5l
5zCMkkYBedE8Vw9ZMiiZ0T4U+RJa3rqcqLiLoQaGtrMnV73nghFOl8MV58y74MwQW/qwGPk3qzZ4YyY+dtrZ7MXkA4wraq4R
7OZLC2ZRo6zUfDrSuwmA8l3jciGnl64XbCeC8bFQfgT1wBmjv4pTqFl1fMLhEQxgrtrfgGBuqJ3ou3chmVS3DT/kO+s2uxlWrmqV3FNRe2MxR18Je64O
PowBRWa1N6nwYce9ObXfS2kAxr8OXA98z4/xDOMIz2n0JFnfzsdOWBqdzhNLqXdYQ4xstPMmwOyh9GtysB/2ak72uQit+DO4M2auFQ==
evBGTiop4/k932cTY4e8Amb73k3IpvBGOigKOtUOWk1eL4y8pOl3cjt64t8f6YvmMSlfa+Bqh6GK7DhCeezWrp7xzqNhLZ9k0SHpvH0ngNqv2ijyA3A14b0vZ595ZU2uOA==
T6dVAudn3krm8wEW8hE5ry8HrjrWCUIXDQ6Magb2TITsokOC3M3YoxokQkUBws22pIfJBa2GF8VJc+ZmcZH8wN6aL6AQbli9mHuHgenUJ61vJOvLJ7kJNv6qRbzD0csDgYdvaUuuPg==
141MOfkHMnQX+cnFnQVpYgzF4c1AA2nU0XhUoOYEMAQYVSPJ3Mb+JV2/1IqFGBqe+QjJb7c5DEirkhCgab4qrs3Mxkamkpk0tQwjtDtirgk=
u5Kb/djW1mqO3+hObzmZg/gwxGdKiWA0o7ItGjWntsHJREwOH8Din8R4yJ/toVE4PozNSDpPQPjTQ6t6c0OcUsrD4sQ9ib1sqX/dGnOHeyLXGBkBkUdTb00dca4E
Ypf5QT19MhQVdWHchEG/2F9Cv01iAHuYzWKm3SI7vr977j5Duim+jogsF1BO9uDkg7LrwU1bIQd/9TcIVoH0DzLJwJajqpSMkX+Qfx92QzV0loJEPIYHGLhmTbgPcJFWXpDygIka+aarEn9Arjc=
2ePws6uszmU0L7jWT/yX4Ckdibd/8AdiED4MWyvL4NAOT3mBjHjJ3trEDWZhzSvPnMIvDOgyxRtPVJgCDgRaxKke0fI7hjdkrhM=
a4CjyyKMF1950pIoTq1p+m3JlUdoWtO8lTUMB8odVLff4qx8xXa8BQBtqelsUPnG2tw9XY6h4ffcOn+kSFo1g8/M6OqurIq8aSaBGluuB3yuCw==
/AsedvV7q02hRzEa5Ko4POvzo8be2OmLGzLJmdbuhwHEwx9oZVZYtpza1UI2bCgIKOOJi8m6gsNKsvZbILFZj21TURXA8sm1XLnfNAd7vGxecmzUM8ZATGHYalJ3uHaKjpa56O2YsxhzRq41
MwkhFwHsWM5Ug1KNHk5aNiQOrizDEEEZTEnRFBPzCsq04yKVgYqJ8VdSVwoGkZi3s4bEQK+GYMZQZeA/ZpnWjoudYqYUf1+x6jDT3PfUJ61vJOvLIb4JNvmqRbzD0csDgYdvaUuuPg==
LAkLrnBk0stU66VEJMM/qeLzo8be2KjKUW7YjtHLwlnC4x9ua0JY9YfczU4zVl9HM7eZlIu9gsFdpfd4RfVagV8DAQvA8sm1XLnfNAd7vGxecmzUM8ZATGHZalJyuXaKjpa56O2YsxhzRq41
UeaaD52yGn4TMJly1JiyE0p6IHCJwniDnwjZr54OohiqVzGtj5y2xZ2Nif2TAwx5bmFb3cDWEq90xw8bwLZaZWprNCYf7dY+mP/TKV7AR3SLdPtF23S/c+14RUyserGUn7H365W3G3FHrjI=
/93bSAjkDti9BOsqwx8ovkp6IHCJwnqDnwjZr54OohiqVzGtj5y2xZ2Nif2TAwx5bmFb3cDWEq90xw8bwLZaZWpqNCYf7dY+mP/TKV7AR3SLdPtF23S/c+R+RUyserGUn7H365W3G3FHrjI=
BCEj+z8EROUXm751ysB650p6IHCJwnmDnwjZr54OohiqVzGtj5y2xZ2Nif2TAwx5bmFb3cDWEq90xw8bwLZaZWpsNCYf7dY+mP/TKV7AR3SLdPtF23S/c+x6RUOserGUn7H365W3G3FHrjI=
/sBLrzebDgoWzATF5tTSUhyf0mhunc0e+u3OY6v5twjmPOwEU/aAPMEEaoLdyba67kY5uA2o8+jTFq5l
cgtyHFQFD3BHWH8GRAbldz4U+RJa3rqcqLiLoQaGtrMnV73nghFOl8MV58y+4MwQW/qwGPk4qjZ1ZSY+dtrZ7MXkA4wraq4R
uigL7qhI/cXywTew1qa67F3jcyGnl64XbCeC8bFQfgT1wBmjv4pTqFl1fMLhEQxgrtrfgGBuqJ3ou3ckmVS3DT/kO+s5uhlbqGqV3FNRe2MxR18Je64O
kCrdV4FaEN3oAGMSAbYw8dvOwqjEfX/y65BkrWXtr5PDCWIazR5STVY/lJzM2Y+yYypKP6eZA2a5mSfLCLrf4bIcECJh/N6uluHWQ0lYp6QJcYEchZcLXicnlpKroO2hxR+Pv2F1Ra4w
BU2qCeQOxXI+kOgkg3Ozw9vIwajEfX/y65BkrWXtr5PDCWIazR5STVY/lJzM2Y+yYypKP6eZA2a5mSfLCLrf4bIcECJh/N6uluHWQ0lYp6QJcYEchZcKWycvk5KkoO2hxR+Pv2F1Ra4w
O3vJyIQb49lUp5/lTguN3lSmdOxHYiD2pCFDyIaNc+C7Nl930i6+ZLHhSTydZ6fZzx+LcuwwFeHd78cfmSVtrhg=
3LTYzRsir1O5D4ronli7Whkg1ohvMgffWlSluprblPNCbBzL+OkHOOIV/2A3rrsHFmZiRI3pTSz5n+sZg6cv4mi46YEBpwMvvT1hrhQ=
Aj5DhPNlQ35Xc5LP56FQKZ9SxiNQhWEWtak8PCKV972FREsAFJK3n8R4h+zktUs7M4DvQGhJV/jSde9gJ06LR8bG8sQ9ib1sqX/bGXOHfyLYGBkBkUdTb00dca4E
tbw8/nHdoWVpzT0NOfinum0EnqYvsmIkFmdLEnfA4tJIB3+WjHn/msCQAGJ7xTTfnMIvDOgyxR9JVJkGDgtaxKke0fI7hjdkrhM=
P4BJD8N4qDVRZuDA9R6UX5hSxiNQhWEWtak8PCKV972FREsAFJK3n8R4h+zktUs7M4DvQGhJV/jSde9gJ06LR8bG8sQ9ib1sqX/aGXOHfyLYGBkBkUdTb00dca4E
eryXbC0+QHKblrdH7dB1NOYoJypVIXMbPNIDQc60xFJVJLIuernisx3wWwRVmbVMUS9lmQtXR0LQCDHB+ffbD5Utaa4c
7qoqVsTZF1wkiEA0qLUsW13jcyGnl64XbCeC8bFQfgT1wBmjv4pTqFl1fMLhEQxgrtrfgGBuqJ3ou3ckmVS3DT/kO+s3uRlTrWqa3FNRe2MxR18Je64O
dG9kkfSYkjsNLx6hiA+wnmkAxr8OXA98z4/xDOMIz2n0JFnfzsdOWBqdzhNLqXdYRoxstPMmwOyh+2lytRz2ZU72uQit+DO4M2auFQ==
Uoi4hamrYDNLpv42fTof8Ryf0mhunc0e+u3OY6v5twjkPOwEU/aAPMEOaILVzLa17kY5uA2o8+jTFq5l
3flf/8JyxOplqsgODw/yPD4U+RJa3rqcqLiLoQaGtrMnV73nghFOl8MV58y84MwQW/qwGPkyqDZ9YCYxdtrZ7MXkA4wraq4R
IUwEsgHI0v3t6ZuGmDhJPV3jcyGnl64XbCeC8bFQfgT1wBmjv4pTqFl1fMLhEQxgrtrfgGBuqJ3ou3cmmVS3DT/kO+szuBlTrWqa3FNRe2MxR18Je64O
XMWarJl15NFSUz8BpHKiA2kAxr8OXA98z4/xDOMIz2n0JFnfzsdOWBqdzhNLqXdYRIxstPMmwOyh/2hytRz2ZU72uQit+DO4M2auFQ==
r7/Ya7eaUXywpYogNz4VY9fOwajEfX/y65BkrWXtr5PECWIazR5STVY/lJzM2Y+yYypKP6eZA2a5mSfLCLrf4bIcECJh/N6uluHWQ0lap6QJcYEchZcIWCcvk5KkoO2hxR+Pv2F1Ra4w
iyXI2UnwtkCzPbmI54OgLNvIwajEfX/y65BkrWXtr5PECWIazR5STVY/lJzM2Y+yYypKP6eZA2a5mSfLCLrf4bIcECJh/N6uluHWQ0lap6QJcYEchZcPXicvk5KkoO2hxR+Pv2F1Ra4w
IquOII/pGzpKYB2bcGdPDuYoJypVIXMbPNIDQc60xFJVJLIuernisx3yWwRVmbVMUS9jngtXR0LQCDHB+ffbD5Utaa4c
HmCHaYX7iS26olELxHFVbF3jcyGnl64XbCeC8bFQfgT1wBmjv4pTqFl1fMLhEQxgrtrfgGBuqJ3ou3cmmVS3DT/kO+sxvhlTrWqa3FNRe2MxR18Je64O
AoRJ6mQh6l6t+XlxpdiK+Ryf0mhunc0e+u3OY6v5twjlPOwEU/aAPMEJboLVzLa17kY5uA2o8+jTFq5l
td8+c1mCLLuL9oz0xSnmPj4U+RJa3rqcqLiLoQaGtrMnV73nghFOl8MV58y94MwQW/qwGPk1rjZ9YCYxdtrZ7MXkA4wraq4R
OcWNL0sugaRHM3d+5YRwyV3jcyGnl64XbCeC8bFQfgT1wBmjv4pTqFl1fMLhEQxgrtrfgGBuqJ3ou3cnmVS3DT/kO+s0vhlTrWqa3FNRe2MxR18Je64O
QxLwcMGCQsgS4tx3BnfEzGkAxr8OXA98z4/xDOMIz2n0JFnfzsdOWBqdzhNLqXdYRYxstPMmwOyh+m5ytRz2ZU72uQit+DO4M2auFQ==
QVDoNT7H3KouFDpFgrz9xdvOwqjEfX/y65BkrWXtr5PFCWIazR5STVY/lJzM2Y+yYypKP6eZA2a5mSfLCLrf4bIcECJh/N6uluHWQ0lbp6QJcYEchZcNWycuk5KkoO2hxR+Pv2F1Ra4w
TIagO+wI9su5ZyCRd7li39vIwajEfX/y65BkrWXtr5PFCWIazR5STVY/lJzM2Y+yYypKP6eZA2a5mSfLCLrf4bIcECJh/N6uluHWQ0lbp6QJcYEchZcHWycuk5KkoO2hxR+Pv2F1Ra4w
hrFANc6Xn+5xWQyY4b8CUxyf0mhunc0e+u3OY6v5twjjPOwEU/aAPMEOaoLUzLa17kY5uA2o8+jTFq5l
TrhO/xlNRnpRSaz9kw/+FD4U+RJa3rqcqLiLoQaGtrMnV73nghFOl8MV58y74MwQW/qwGPkyqjZ8YCYxdtrZ7MXkA4wraq4R
QPt0hskVboxgb4Bp4eKhH13jcyGnl64XbCeC8bFQfgT1wBmjv4pTqFl1fMLhEQxgrtrfgGBuqJ3ou3chmVS3DT/kO+szuhlSrWqa3FNRe2MxR18Je64O
fFhGUOzSAOylaNpq0d9ih2kAxr8OXA98z4/xDOMIz2n0JFnfzsdOWBqdzhNLqXdYQ4xstPMmwOyh/2pytBz2ZU72uQit+DO4M2auFQ==
AvLlnCyKFESR1F7lZUo7pdHFwqjEfX/y65BkrWXtr5PGCWIazR5STVY/lJzM2Y+yYypKP6eZA2a5mSfLCLrf4bIcECJh/N6uluHWQ0ldp6QJcYEchZcIWicuk5KkoO2hxR+Pv2F1Ra4w
fNvrKDpz64iV9Zze3c/KWNvIwajEfX/y65BkrWXtr5PGCWIazR5STVY/lJzM2Y+yYypKP6eZA2a5mSfLCLrf4bIcECJh/N6uluHWQ0ldp6QJcYEchZcMWScuk5KkoO2hxR+Pv2F1Ra4w
hIaQaO6SuB51UUmwcLD+YLPacwjs7XtA3gefFunCBhaFQwBQf43lofclXwlJTsz72hOhi9cSceNSg1MdNPHk1LGHgHcfflPNVM7yDPxOt0DY3t02ifgJ6r5HQsjJ0gl+i2pvSK4/
Aui0eXWq+Ap+053+578whrPacwjs7XtA3QefFunCBhaFQwBQf43hofclXwlJTsz72hOhi9cSceNSg1MdNfHk1LGHgHcfflPNVM7yDPxOt0DY3t01j/gJ6r5HQsjJ0gl+i2pvSK4/
fNMvHlmRl5Dgr/0RH4v32OYoJypVIXMbPNIDQc60xFJVJLIuernisx31WwRVmbVMUS9mmwteR0LQCDHB+ffbD5Utaa4c
rHh9bvm8FlesOiKxgXimP13jcCGnl64XbCeC8bFQfgT1wBmjv4pTqFl1fMLhEQxgrtrfgGBuqJ3ou3chmVS3DT/kO+s0uxlarWqa3FNRe2MxR18Je64O
XFm6f3UydhuMhYu+f+QMLWkAxr8OXA98z4/xDOMIz2n0JFnfzsdOWBqdzhNLqXdYQ4xstPMmwOyh+2tyvBz2ZU72uQit+DO4M2auFQ==
7W0HyChSRrSg15AQuoiYcuYoJypVIXMbPNIDQc60xFJVJLIuernisx31WwRVmbVMUS9jmgtXRkLQCDHB+ffbD5Utaa4c
qYDvUNvcLWZ3Es0zZm/GCl3jcCGnl64XbCeC8bFQfgT1wBmjv4pTqFl1fMLhEQxgrtrfgGBuqJ3ou3chmVS3DT/kO+sxuhlTrGqa3FNRe2MxR18Je64O
3HBW095AJ64UV05XW+Qz7tHFwqjEfX/y65BkrWXtr5PBCmIazR5STVY/lJzM2Y+yYypKP6eZA2a5mSfLCLrf4bIcECJh/N6uluHWQ0ldp6QJcYEchZcJWCcvkpKkoO2hxR+Pv2F1Ra4w
QIPP+5tM9juNMDoBGqqHRNvIwajEfX/y65BkrWXtr5PBCmIazR5STVY/lJzM2Y+yYypKP6eZA2a5mSfLCLrf4bIcECJh/N6uluHWQ0ldp6QJcYEchZcKWCcukpKkoO2hxR+Pv2F1Ra4w
f3XqmkS7uvjfA1mA0J8eiRyf0mhunc0e+u3OY6v5twjiPOwEU/aAPMEMb4LUzba17kY5uA2o8+jTFq5l
69d+6tDEsgLdSA0jIq3QXD4U+RJa3rqcqLiLoQaGtrMnV73nghFOl8MV58y64MwQW/qwGPkwrzZ8YSYxdtrZ7MXkA4wraq4R
5/KT2fwxZYE/csJ4gOcNuF3jcyGnl64XbCeC8bFQfgT1wBmjv4pTqFl1fMLhEQxgrtrfgGBuqJ3ou3cgmVS3DT/kO+sxvxlSrGqa3FNRe2MxR18Je64O
/S6o4YgzPS10evH9LeRyTmkAxr8OXA98z4/xDOMIz2n0JFnfzsdOWBqdzhNLqXdYQoxstPMmwOyh/m9ytB32ZU72uQit+DO4M2auFQ==
Vn6avNHZxK0gqT1c04Y7I9PIwajEfX/y65BkrWXtr5PCCmIazR5STVY/lJzM2Y+yYypKP6eZA2a5mSfLCLrf4bIcECJh/N6uluHWQ0lcp6QJcYEchZcPWCctkpKkoO2hxR+Pv2F1Ra4w
PQOWMjQomxKgsv1uVt9x6dvIwajEfX/y65BkrWXtr5PCCmIazR5STVY/lJzM2Y+yYypKP6eZA2a5mSfLCLrf4bIcECJh/N6uluHWQ0lcp6QJcYEchZcGWCctkpKkoO2hxR+Pv2F1Ra4w
c2tRhrgTa9zQ4QY08MzkxuYoJypVIXMbPNIDQc60xFJVJLIuernisx30WwRVmbVMUS9qmAtVRkLQCDHB+ffbD5Utaa4c
3dOVQGtLESbxD1tPzqsnLV3jcyGnl64XbCeC8bFQfgT1wBmjv4pTqFl1fMLhEQxgrtrfgGBuqJ3ou3cgmVS3DT/kO+s4uBlRrGqa3FNRe2MxR18Je64O
Cu4sTZXD2pzO+k4C9/bfVOYoJypVIXMbPNIDQc60xFJVJLIuernisx30WwRVmbVMUS9jnwtVRkLQCDHB+ffbD5Utaa4c
68d8v2AHkmZfKcZy6zlrr13jcCGnl64XbCeC8bFQfgT1wBmjv4pTqFl1fMLhEQxgrtrfgGBuqJ3ou3cgmVS3DT/kO+sxvxlRrGqa3FNRe2MxR18Je64O
o3Ne+bL+JK1KiVOKo2mLXuYoJypVIXMbPNIDQc60xFJVJLIuernisx30WwRVmbVMUS9nnwtVRkLQCDHB+ffbD5Utaa4c
l3iR+Ycho7rq+rG4BSTCLl3jcyGnl64XbCeC8bFQfgT1wBmjv4pTqFl1fMLhEQxgrtrfgGBuqJ3ou3cgmVS3DT/kO+s1vxlRrGqa3FNRe2MxR18Je64O
dAn3Z+McTwSdEu39qInpcuYoJypVIXMbPNIDQc60xFJVJLIuernisx30WwRVmbVMUS9knwtVRkLQCDHB+ffbD5Utaa4c
Uxy04I6g9l+S3SXXBI4DxV3jcCGnl64XbCeC8bFQfgT1wBmjv4pTqFl1fMLhEQxgrtrfgGBuqJ3ou3cgmVS3DT/kO+s2vxlRrGqa3FNRe2MxR18Je64O
L2p+j+Tm1sTLXTclxp+hmGkAxr8OXA98z4/xDOMIz2n0JFnfzsdOWBqdzhNLqXdYQoxstPMmwOyh9G9ytx32ZU72uQit+DO4M2auFQ==
gJ2LpFUnPiVB+Jgqvk8RieYoJypVIXMbPNIDQc60xFJVJLIuernisx30WwRVmbVMUS9imAtURkLQCDHB+ffbD5Utaa4c
OWpz4Oeg/zKHdOvkUM4CWF3jciGnl64XbCeC8bFQfgT1wBmjv4pTqFl1fMLhEQxgrtrfgGBuqJ3ou3cgmVS3DT/kO+swuBlQrGqa3FNRe2MxR18Je64O
3IHXW2iPxUinNkpRijHRauYoJypVIXMbPNIDQc60xFJVJLIuernisx30WwRVmbVMUS9nmAtURkLQCDHB+ffbD5Utaa4c
1dV3yddjv04kOVBlyPSvx13jcyGnl64XbCeC8bFQfgT1wBmjv4pTqFl1fMLhEQxgrtrfgGBuqJ3ou3cgmVS3DT/kO+s1uBlQrGqa3FNRe2MxR18Je64O
lYD6FVm/x/uHAnQjmGDTGuYoJypVIXMbPNIDQc60xFJVJLIuernisx30WwRVmbVMUS9mmAtURkLQCDHB+ffbD5Utaa4c
GhmCkA/w9KBlNvDVf97Dil3jcCGnl64XbCeC8bFQfgT1wBmjv4pTqFl1fMLhEQxgrtrfgGBuqJ3ou3cgmVS3DT/kO+s0uBlQrGqa3FNRe2MxR18Je64O
lWNNoUDPxACwltPH/6LSeuYoJypVIXMbPNIDQc60xFJVJLIuernisx30WwRVmbVMUS9lmAtURkLQCDHB+ffbD5Utaa4c
IGLtjdiMdo6EQh3i0MRjV13jcCGnl64XbCeC8bFQfgT1wBmjv4pTqFl1fMLhEQxgrtrfgGBuqJ3ou3cgmVS3DT/kO+s3uBlQrGqa3FNRe2MxR18Je64O
LBA+OEy9JYiKEd7IR1rIR+YoJypVIXMbPNIDQc60xFJVJLIuernisx30WwRVmbVMUS9kmAtURkLQCDHB+ffbD5Utaa4c
QmLueP7D82G5ulKWZvVt8F3jcyGnl64XbCeC8bFQfgT1wBmjv4pTqFl1fMLhEQxgrtrfgGBuqJ3ou3cgmVS3DT/kO+s2uBlQrGqa3FNRe2MxR18Je64O
pvNxrqwiCIR1TmZ2xPPUFOYoJypVIXMbPNIDQc60xFJVJLIuernisx30WwRVmbVMUS9rmAtURkLQCDHB+ffbD5Utaa4c
XS9J43TMyrE2dTrn53OKT13jcCGnl64XbCeC8bFQfgT1wBmjv4pTqFl1fMLhEQxgrtrfgGBuqJ3ou3cgmVS3DT/kO+s5uBlQrGqa3FNRe2MxR18Je64O
qnRhrM7G5ofN6PG8e9QNG+YoJypVIXMbPNIDQc60xFJVJLIuernisx30WwRVmbVMUS9hnwtURkLQCDHB+ffbD5Utaa4c
3cqF5ReMjpZOu0t60oGfaV3jcyGnl64XbCeC8bFQfgT1wBmjv4pTqFl1fMLhEQxgrtrfgGBuqJ3ou3cgmVS3DT/kO+szvxlQrGqa3FNRe2MxR18Je64O
udWfDhju9UICq+G4npigrOYoJypVIXMbPNIDQc60xFJVJLIuernisx30WwRVmbVMUS9mnwtURkLQCDHB+ffbD5Utaa4c
FVI0ZleGwcVtwduzieUfU13jcCGnl64XbCeC8bFQfgT1wBmjv4pTqFl1fMLhEQxgrtrfgGBuqJ3ou3cgmVS3DT/kO+s0vxlQrGqa3FNRe2MxR18Je64O
1sO0iZut6qgl1pkHWMxoneYoJypVIXMbPNIDQc60xFJVJLIuernisx30WwRVmbVMUS9hmgtTRkLQCDHB+ffbD5Utaa4c
ELGJ++AnQd/8NAcsTTKQJl3jcyGnl64XbCeC8bFQfgT1wBmjv4pTqFl1fMLhEQxgrtrfgGBuqJ3ou3cgmVS3DT/kO+szuhlXrGqa3FNRe2MxR18Je64O
uUX3ewRuWzooR8l8aYXyXeYoJypVIXMbPNIDQc60xFJVJLIuernisx30WwRVmbVMUS9gmgtTRkLQCDHB+ffbD5Utaa4c
5CAG0KzKySRr6n1+33yHsl3jcCGnl64XbCeC8bFQfgT1wBmjv4pTqFl1fMLhEQxgrtrfgGBuqJ3ou3cgmVS3DT/kO+syuhlXrGqa3FNRe2MxR18Je64O
5dkA8WGPwBjDxNpypCo3p+YoJypVIXMbPNIDQc60xFJVJLIuernisx30WwRVmbVMUS9mmgtTRkLQCDHB+ffbD5Utaa4c
IOQ8DsMcgab1RabYZ+WIsF3jcyGnl64XbCeC8bFQfgT1wBmjv4pTqFl1fMLhEQxgrtrfgGBuqJ3ou3cgmVS3DT/kO+s0uhlXrGqa3FNRe2MxR18Je64O
5dkA8WGPwBjDxNpypCo3p+YoJypVIXMbPNIDQc60xFJVJLIuernisx30WwRVmbVMUS9mmgtTRkLQCDHB+ffbD5Utaa4c
N1xWpziZHYoV0liM2WBbfF3jcCGnl64XbCeC8bFQfgT1wBmjv4pTqFl1fMLhEQxgrtrfgGBuqJ3ou3cgmVS3DT/kO+s0uhlXrGqa3FNRe2MxR18Je64O
5dkA8WGPwBjDxNpypCo3p+YoJypVIXMbPNIDQc60xFJVJLIuernisx30WwRVmbVMUS9mmgtTRkLQCDHB+ffbD5Utaa4c
IOQ8DsMcgab1RabYZ+WIsF3jcyGnl64XbCeC8bFQfgT1wBmjv4pTqFl1fMLhEQxgrtrfgGBuqJ3ou3cgmVS3DT/kO+s0uhlXrGqa3FNRe2MxR18Je64O
ajdYbkocN4yLZEtVA8/KluYoJypVIXMbPNIDQc60xFJVJLIuernisx30WwRVmbVMUS9lmgtTRkLQCDHB+ffbD5Utaa4c
2g9YxliFbE0LBczzLTwiml3jciGnl64XbCeC8bFQfgT1wBmjv4pTqFl1fMLhEQxgrtrfgGBuqJ3ou3cgmVS3DT/kO+s3uhlXrGqa3FNRe2MxR18Je64O
ajdYbkocN4yLZEtVA8/KluYoJypVIXMbPNIDQc60xFJVJLIuernisx30WwRVmbVMUS9lmgtTRkLQCDHB+ffbD5Utaa4c
Lxy5ftauwCM2PNESx9DtNV3jcyGnl64XbCeC8bFQfgT1wBmjv4pTqFl1fMLhEQxgrtrfgGBuqJ3ou3cgmVS3DT/kO+s3uhlXrGqa3FNRe2MxR18Je64O
w57etnp6w3FhyXF6hKLDF+YoJypVIXMbPNIDQc60xFJVJLIuernisx30WwRVmbVMUS9kmgtTRkLQCDHB+ffbD5Utaa4c
H90dZDUzLSapipn30vomUF3jcCGnl64XbCeC8bFQfgT1wBmjv4pTqFl1fMLhEQxgrtrfgGBuqJ3ou3cgmVS3DT/kO+s2uhlXrGqa3FNRe2MxR18Je64O
Y+jdNj6klFhrHDJNDA7Gx+YoJypVIXMbPNIDQc60xFJVJLIuernisx30WwRVmbVMUS9mmgtRRkLQCDHB+ffbD5Utaa4c
fDH+/a+QsdYzvnBZNywSm13jcCGnl64XbCeC8bFQfgT1wBmjv4pTqFl1fMLhEQxgrtrfgGBuqJ3ou3cgmVS3DT/kO+s0uhlVrGqa3FNRe2MxR18Je64O
+Hu+Cb3HmxmIi67VXM6PauYoJypVIXMbPNIDQc60xFJVJLIuernisx30WwRVmbVMUS9lmgtRRkLQCDHB+ffbD5Utaa4c
ZefnlrZdCxkoiCaxnTcB113jcyGnl64XbCeC8bFQfgT1wBmjv4pTqFl1fMLhEQxgrtrfgGBuqJ3ou3cgmVS3DT/kO+s3uhlVrGqa3FNRe2MxR18Je64O
R2tg2SitIw86cHrvj3dbHxyf0mhunc0e+u3OY6v5twjmPOwEU/aAPMEPaYLTzba17kY5uA2o8+jTFq5l
xuVlgXVTywCCf6a2ajINrj4U+RJa3rqcqLiLoQaGtrMnV73nghFOl8MV58y+4MwQW/qwGPkzqTZ7YSYxdtrZ7MXkA4wraq4R
hhi4P3Q0JJhIWONJwovyxV3jcyGnl64XbCeC8bFQfgT1wBmjv4pTqFl1fMLhEQxgrtrfgGBuqJ3ou3ckmVS3DT/kO+syuRlVrGqa3FNRe2MxR18Je64O
dGNGztXovCFEV9alQk2aoeYoJypVIXMbPNIDQc60xFJVJLIuernisx3wWwRVmbVMUS9gmQtRRkLQCDHB+ffbD5Utaa4c
0imJaCxYQlMQcQp+0o1GB13jcCGnl64XbCeC8bFQfgT1wBmjv4pTqFl1fMLhEQxgrtrfgGBuqJ3ou3ckmVS3DT/kO+syuRlVrGqa3FNRe2MxR18Je64O
xFrf2rda52xp6fg1qUPILtvOwqjEfX/y65BkrWXtr5PDCmIazR5STVY/lJzM2Y+yYypKP6eZA2a5mSfLCLrf4bIcECJh/N6uluHWQ0lYp6QJcYEchZcLWCcpkpKkoO2hxR+Pv2F1Ra4w
Us2pQQn80sAziaQpUyMJdtvIwajEfX/y65BkrWXtr5PDCmIazR5STVY/lJzM2Y+yYypKP6eZA2a5mSfLCLrf4bIcECJh/N6uluHWQ0lYp6QJcYEchZcOXycpkpKkoO2hxR+Pv2F1Ra4w
P8wpm8zJnfa+67M268PLw2kAxr8OXA98z4/xDOMIz2n0JFnfzsdOWBqdzhNLqXdYRoxstPMmwOyh/W9ysx32ZU72uQit+DO4M2auFQ==
aetRj6A3jNGd6gE4ygScduYoJypVIXMbPNIDQc60xFJVJLIuernisx3wWwRVmbVMUS9gnwtRRkLQCDHB+ffbD5Utaa4c
t2GxUYiEklOEVm6BO0++ql3jcCGnl64XbCeC8bFQfgT1wBmjv4pTqFl1fMLhEQxgrtrfgGBuqJ3ou3ckmVS3DT/kO+syvxlVrGqa3FNRe2MxR18Je64O
kzIWWm+8aSM2+5qT/R+jG+YoJypVIXMbPNIDQc60xFJVJLIuernisx3wWwRVmbVMUS9nnwtRRkLQCDHB+ffbD5Utaa4c
z+CsO8xY/Acy/ZUOGLa5Z13jcyGnl64XbCeC8bFQfgT1wBmjv4pTqFl1fMLhEQxgrtrfgGBuqJ3ou3ckmVS3DT/kO+s1vxlVrGqa3FNRe2MxR18Je64O
UvFEiM5sTdX/yUoDK+ZW+uYoJypVIXMbPNIDQc60xFJVJLIuernisx30WwRVmbVMUS9rnwtRRkLQCDHB+ffbD5Utaa4c
siFWgdHTrfbqO7mTwTYKR13jcCGnl64XbCeC8bFQfgT1wBmjv4pTqFl1fMLhEQxgrtrfgGBuqJ3ou3cgmVS3DT/kO+s5vxlVrGqa3FNRe2MxR18Je64O
iSnB2RZVoi0ZtCbieCHWl+YoJypVIXMbPNIDQc60xFJVJLIuernisx30WwRVmbVMUS9qnwtRRkLQCDHB+ffbD5Utaa4c
UEmlzgBhfPhKXZ5ChpzaEl3jcyGnl64XbCeC8bFQfgT1wBmjv4pTqFl1fMLhEQxgrtrfgGBuqJ3ou3cgmVS3DT/kO+s4vxlVrGqa3FNRe2MxR18Je64O
gopxe9BpYL5EjG8g3KE11uYoJypVIXMbPNIDQc60xFJVJLIuernisx30WwRVmbVMUS9ingtRRkLQCDHB+ffbD5Utaa4c
vPh0bR3PolPhK6xKlcWOj13jcCGnl64XbCeC8bFQfgT1wBmjv4pTqFl1fMLhEQxgrtrfgGBuqJ3ou3cgmVS3DT/kO+swvhlVrGqa3FNRe2MxR18Je64O
qfK7LbopMZ4S6TVfsXqSaLPacwjs7XtA3QefFunCBhaFQwBQf43hofclXwlJTsz72hOhi9cSceNSg1MdNfHk1LGHgHMWaVTNVM7yDPxOt0DY3t07iPgG675HQsjJ0gl+i2pvSK4/
aLICq9Mg8FbeWr7Gu2xtFLPacwjs7XtA3QefFunCBhaFQwBQf43lofclXwlJTsz72hOhi9cSceNSg1MdMfHk1LGHgHcfflPNVM7yDPxOt0DY3t03jvgG675HQsjJ0gl+i2pvSK4/
MdsNjFN9AESEMM3CTBjIU+YoJypVIXMbPNIDQc60xFJVJLIuernisx3wWwRVmbVMUS9jmwtfRkLQCDHB+ffbD5Utaa4c
cwMaFdc8ahpQGeB9c6mzTl3jcCGnl64XbCeC8bFQfgT1wBmjv4pTqFl1fMLhEQxgrtrfgGBuqJ3ou3ckmVS3DT/kO+sxuxlbrGqa3FNRe2MxR18Je64O
v80SEw2z11mI3/Rw5X8LVuYoJypVIXMbPNIDQc60xFJVJLIuernisx30WwRVmbVMUS9nmgtfRkLQCDHB+ffbD5Utaa4c
x8tas3kCDHDlzZNnsIt+413jciGnl64XbCeC8bFQfgT1wBmjv4pTqFl1fMLhEQxgrtrfgGBuqJ3ou3cgmVS3DT/kO+s1uhlbrGqa3FNRe2MxR18Je64O
17Nm7Iej6Ek3+8gPkpoRpeYoJypVIXMbPNIDQc60xFJVJLIuernisx30WwRVmbVMUS9mmgtfRkLQCDHB+ffbD5Utaa4c
SE2RREae1kIQQ7OHcrjBRl3jcyGnl64XbCeC8bFQfgT1wBmjv4pTqFl1fMLhEQxgrtrfgGBuqJ3ou3cgmVS3DT/kO+s0uhlbrGqa3FNRe2MxR18Je64O
17Nm7Iej6Ek3+8gPkpoRpeYoJypVIXMbPNIDQc60xFJVJLIuernisx30WwRVmbVMUS9mmgtfRkLQCDHB+ffbD5Utaa4c
+iAZEGbqAgf/cXfIbc04N13jcCGnl64XbCeC8bFQfgT1wBmjv4pTqFl1fMLhEQxgrtrfgGBuqJ3ou3cgmVS3DT/kO+s0uhlbrGqa3FNRe2MxR18Je64O
LjrsKd3VSoTjBB0Lv9GjKeYoJypVIXMbPNIDQc60xFJVJLIuernisx30WwRVmbVMUS9kmgtfRkLQCDHB+ffbD5Utaa4c
G8tjt/OKKTcoylqSMyev9l3jciGnl64XbCeC8bFQfgT1wBmjv4pTqFl1fMLhEQxgrtrfgGBuqJ3ou3cgmVS3DT/kO+s2uhlbrGqa3FNRe2MxR18Je64O
5COr5fa0WnoKBeFt4+hH87Pacwjs7XtA3gefFunCBhaFQwBQf43lofclXwlJTsz72hOhi9cSceNSg1MdNPHk1LGHgHMWaVTNVM7yDPxOt0DY3t0wi/gG6b5HQsjJ0gl+i2pvSK4/
gBJyJCwMVYSu+1gaRZpNT7Pacwjs7XtA3QefFunCBhaFQwBQf43lofclXwlJTsz72hOhi9cSceNSg1MdMfHk1LGHgHMWaVTNVM7yDPxOt0DY3t0xi/gG6b5HQsjJ0gl+i2pvSK4/
NDya19kQIAWPLuovkItO8Byf0mhunc0e+u3OY6v5twjmPOwEU/aAPMEMaYLSz7a17kY5uA2o8+jTFq5l
7pjtv6fccVEMFbxdw75dMT4U+RJa3rqcqLiLoQaGtrMnV73nghFOl8MV58y+4MwQW/qwGPkwqTZ6YyYxdtrZ7MXkA4wraq4R
Qs5A5CQ7eNt6Ytp/qiCwXV3jciGnl64XbCeC8bFQfgT1wBmjv4pTqFl1fMLhEQxgrtrfgGBuqJ3ou3ckmVS3DT/kO+sxuRlUrmqa3FNRe2MxR18Je64O
qCMM3NG58uYE7TJ6yKxAE+YoJypVIXMbPNIDQc60xFJVJLIuernisx3wWwRVmbVMUS9mmQtQRELQCDHB+ffbD5Utaa4c
Fb313FY/WW9X9+pyuQWneF3jcyGnl64XbCeC8bFQfgT1wBmjv4pTqFl1fMLhEQxgrtrfgGBuqJ3ou3ckmVS3DT/kO+s0uRlUrmqa3FNRe2MxR18Je64O
boLyPB7WbZAFAsN8OwfeLOYoJypVIXMbPNIDQc60xFJVJLIuernisx3wWwRVmbVMUS9kmQtQRELQCDHB+ffbD5Utaa4c
wggSI9bH6MPCskXu6UDvd13jciGnl64XbCeC8bFQfgT1wBmjv4pTqFl1fMLhEQxgrtrfgGBuqJ3ou3ckmVS3DT/kO+s2uRlUrmqa3FNRe2MxR18Je64O
fmAGIfRysBCg7htuAAp/quYoJypVIXMbPNIDQc60xFJVJLIuernisx3wWwRVmbVMUS9qmQtQRELQCDHB+ffbD5Utaa4c
MlWeMEuHUXGz9SiIi66xnV3jcyGnl64XbCeC8bFQfgT1wBmjv4pTqFl1fMLhEQxgrtrfgGBuqJ3ou3ckmVS3DT/kO+s4uRlUrmqa3FNRe2MxR18Je64O
zejos3TxKN1BaAfhvm6AHeYoJypVIXMbPNIDQc60xFJVJLIuernisx3wWwRVmbVMUS9jmAtQRELQCDHB+ffbD5Utaa4c
di92r49YncwDT1iR+jQtyF3jcyGnl64XbCeC8bFQfgT1wBmjv4pTqFl1fMLhEQxgrtrfgGBuqJ3ou3ckmVS3DT/kO+sxuBlUrmqa3FNRe2MxR18Je64O
y3I37+L/kyXi+00t0t7U0uYoJypVIXMbPNIDQc60xFJVJLIuernisx3wWwRVmbVMUS9imAtQRELQCDHB+ffbD5Utaa4c
6a/YI+t+NfCAQPGx2yI1yF3jciGnl64XbCeC8bFQfgT1wBmjv4pTqFl1fMLhEQxgrtrfgGBuqJ3ou3ckmVS3DT/kO+swuBlUrmqa3FNRe2MxR18Je64O
1YSoJ44agPSfvA2N2lwHI+YoJypVIXMbPNIDQc60xFJVJLIuernisx3wWwRVmbVMUS9hmAtQRELQCDHB+ffbD5Utaa4c
tDWc85kR/hUiWtL68TkAQl3jcyGnl64XbCeC8bFQfgT1wBmjv4pTqFl1fMLhEQxgrtrfgGBuqJ3ou3ckmVS3DT/kO+szuBlUrmqa3FNRe2MxR18Je64O
NSnucggZAwtqK5lsXOr7kuYoJypVIXMbPNIDQc60xFJVJLIuernisx3wWwRVmbVMUS9mmAtQRELQCDHB+ffbD5Utaa4c
I+xSEJpeZxx6WBjrJGYgJV3jcCGnl64XbCeC8bFQfgT1wBmjv4pTqFl1fMLhEQxgrtrfgGBuqJ3ou3ckmVS3DT/kO+s0uBlUrmqa3FNRe2MxR18Je64O
6GSTUshbrPT6kLAKyY/HLQRB/rNdLW+Xr8wj6VGuR+ans0hyqa0aeRaSVlsOUY/nv2Iaejxmx3g4ho3SCJDWMd5/suCJOrkGK7I/YK4X
+PXLxSiequ2IULkKfjC98OYoJypVIXMbPNIDQc60xFJVJLIuernisx3wWwRVmbVMUS9jnwtQRELQCDHB+ffbD5Utaa4c
5papQf7p1565NkUElWcfgV3jcCGnl64XbCeC8bFQfgT1wBmjv4pTqFl1fMLhEQxgrtrfgGBuqJ3ou3ckmVS3DT/kO+sxvxlUrmqa3FNRe2MxR18Je64O
xrTjNaoGFFGcHV+1Dt7ZuuYoJypVIXMbPNIDQc60xFJVJLIuernisx3wWwRVmbVMUS9inwtQRELQCDHB+ffbD5Utaa4c
u53TwF0wEqprjMb3RSfuEl3jcSGnl64XbCeC8bFQfgT1wBmjv4pTqFl1fMLhEQxgrtrfgGBuqJ3ou3ckmVS3DT/kO+swvxlUrmqa3FNRe2MxR18Je64O
xrTjNaoGFFGcHV+1Dt7ZuuYoJypVIXMbPNIDQc60xFJVJLIuernisx3wWwRVmbVMUS9inwtQRELQCDHB+ffbD5Utaa4c
11ozOZFmpUC3PnItkm2sK13jcCGnl64XbCeC8bFQfgT1wBmjv4pTqFl1fMLhEQxgrtrfgGBuqJ3ou3ckmVS3DT/kO+swvxlUrmqa3FNRe2MxR18Je64O
rqnzjbY+MGlPRfhQLtnqK0hv4b/SDPt8mVmHS+h6v+FSXLCiwbw+rvYhdsPpmMek6THhnCXXLV9HaHASBGDNoeXf7z+BNWWuEA==
nqMnmmLdZXdK4ksZX0LR/eYoJypVIXMbPNIDQc60xFJVJLIuernisx3wWwRVmbVMUS9gnwtQRELQCDHB+ffbD5Utaa4c
UGa5Y5oxNPPf3ivAs2o4JF3jcSGnl64XbCeC8bFQfgT1wBmjv4pTqFl1fMLhEQxgrtrfgGBuqJ3ou3ckmVS3DT/kO+syvxlUrmqa3FNRe2MxR18Je64O
EKLiExM9VOensQpruOVWPOYoJypVIXMbPNIDQc60xFJVJLIuernisx3wWwRVmbVMUS9nnwtQRELQCDHB+ffbD5Utaa4c
xDbBs9utTpUvVnYThpFp4V3jcCGnl64XbCeC8bFQfgT1wBmjv4pTqFl1fMLhEQxgrtrfgGBuqJ3ou3ckmVS3DT/kO+s1vxlUrmqa3FNRe2MxR18Je64O
AHg9uQ4AALhDidaFG1CV2+YoJypVIXMbPNIDQc60xFJVJLIuernisx3wWwRVmbVMUS9mnwtQRELQCDHB+ffbD5Utaa4c
zbQ1SM/hiylm5L4n3YL/nF3jcyGnl64XbCeC8bFQfgT1wBmjv4pTqFl1fMLhEQxgrtrfgGBuqJ3ou3ckmVS3DT/kO+s0vxlUrmqa3FNRe2MxR18Je64O
OXnfehkJ/0CgOA+L4sK76hyf0mhunc0e+u3OY6v5twjjPOwEU/aAPMEMboLSz7a17kY5uA2o8+jTFq5l
bUgUD6x9Bwzw1eNtkMJwcD4U+RJa3rqcqLiLoQaGtrMnV73nghFOl8MV58y74MwQW/qwGPkwrjZ6YyYxdtrZ7MXkA4wraq4R
+6hsnwQc1xpSK/kpg+hwFF3jcyGnl64XbCeC8bFQfgT1wBmjv4pTqFl1fMLhEQxgrtrfgGBuqJ3ou3chmVS3DT/kO+sxvhlUrmqa3FNRe2MxR18Je64O
RX3zJE91J1cq+WyByZpeQOYoJypVIXMbPNIDQc60xFJVJLIuernisx31WwRVmbVMUS9gngtQRELQCDHB+ffbD5Utaa4c
k+TaiUwAVebhiCZ3po3MP13jciGnl64XbCeC8bFQfgT1wBmjv4pTqFl1fMLhEQxgrtrfgGBuqJ3ou3chmVS3DT/kO+syvhlUrmqa3FNRe2MxR18Je64O
+uWXMqslkkaGOdeeEZrGk+YoJypVIXMbPNIDQc60xFJVJLIuernisx31WwRVmbVMUS9nngtQRELQCDHB+ffbD5Utaa4c
H8BnvElq6zm0I/5EoTAYi13jcyGnl64XbCeC8bFQfgT1wBmjv4pTqFl1fMLhEQxgrtrfgGBuqJ3ou3chmVS3DT/kO+s1vhlUrmqa3FNRe2MxR18Je64O
YLu60VN66wVbXSUKSJkiZeYoJypVIXMbPNIDQc60xFJVJLIuernisx31WwRVmbVMUS9mngtQRELQCDHB+ffbD5Utaa4c
N+RGj+MDNCzTyGfV8ZPY0V3jcCGnl64XbCeC8bFQfgT1wBmjv4pTqFl1fMLhEQxgrtrfgGBuqJ3ou3chmVS3DT/kO+s0vhlUrmqa3FNRe2MxR18Je64O
fQ86QJkLncw0esPfzcAhCQRB/rNdLW+Xr8wj6VGuR+ans0hyqa0aeRaSVlsOUY/nv2Ifejxmx3g4ho3dDpDWMd5/suCJOrkGK7I/YK4X
lRGpAWVuOCjjX1RjNKpc6+YoJypVIXMbPNIDQc60xFJVJLIuernisx31WwRVmbVMUS9qngtQRELQCDHB+ffbD5Utaa4c
KGoPbdhMXS7iQMX0jQ07MF3jcCGnl64XbCeC8bFQfgT1wBmjv4pTqFl1fMLhEQxgrtrfgGBuqJ3ou3chmVS3DT/kO+s4vhlUrmqa3FNRe2MxR18Je64O
rac2WHV3mdED8RA5+mdzIkhv4b/SDPt8mVmHS+h6v+FSXLCiwbw+rvYhdsPpncek6THhnCXXL1tHZ3ASBGDNoeXf7z+BNWWuEA==
fjrh5cK9Geh0yY0oHb7NQeYoJypVIXMbPNIDQc60xFJVJLIuernisx31WwRVmbVMUS9imwtfRELQCDHB+ffbD5Utaa4c
wL/kr5WHOMfhBPPA5SudE13jcyGnl64XbCeC8bFQfgT1wBmjv4pTqFl1fMLhEQxgrtrfgGBuqJ3ou3chmVS3DT/kO+swuxlbrmqa3FNRe2MxR18Je64O
4OW92a1K3SS2AO/fjhwDh+YoJypVIXMbPNIDQc60xFJVJLIuernisx31WwRVmbVMUS9hmwtfRELQCDHB+ffbD5Utaa4c
LnOCPC4IAD3gZZ/6oCgNXF3jcCGnl64XbCeC8bFQfgT1wBmjv4pTqFl1fMLhEQxgrtrfgGBuqJ3ou3chmVS3DT/kO+szuxlbrmqa3FNRe2MxR18Je64O
4OW92a1K3SS2AO/fjhwDh+YoJypVIXMbPNIDQc60xFJVJLIuernisx31WwRVmbVMUS9hmwtfRELQCDHB+ffbD5Utaa4c
8RDXVq+G8jzHFEgKLSGPX13jcSGnl64XbCeC8bFQfgT1wBmjv4pTqFl1fMLhEQxgrtrfgGBuqJ3ou3chmVS3DT/kO+szuxlbrmqa3FNRe2MxR18Je64O
LP0XtuXxtNPx/Va94LYCiuYoJypVIXMbPNIDQc60xFJVJLIuernisx31WwRVmbVMUS9gmwtfRELQCDHB+ffbD5Utaa4c
QoVnqzSfNaH9Vvy1Ak2A8V3jcCGnl64XbCeC8bFQfgT1wBmjv4pTqFl1fMLhEQxgrtrfgGBuqJ3ou3chmVS3DT/kO+syuxlbrmqa3FNRe2MxR18Je64O
aJoqLTxOQEykgQKEYME8ERyf0mhunc0e+u3OY6v5twjiPOwEU/aAPMEKa4Ldz7a17kY5uA2o8+jTFq5l
kppcNznauydDZUwIRqSdAD4U+RJa3rqcqLiLoQaGtrMnV73nghFOl8MV58y64MwQW/qwGPk2qzZ1YyYxdtrZ7MXkA4wraq4R
EDG8sC4Kg6Zb9CDOvN7wOl3jciGnl64XbCeC8bFQfgT1wBmjv4pTqFl1fMLhEQxgrtrfgGBuqJ3ou3cgmVS3DT/kO+s3uxlbrmqa3FNRe2MxR18Je64O
d98RZs/Lu4PpJY02TVLWheYoJypVIXMbPNIDQc60xFJVJLIuernisx30WwRVmbVMUS9kmwtfRELQCDHB+ffbD5Utaa4c
QVZaJ/Of8n31l/ZinG+w313jcyGnl64XbCeC8bFQfgT1wBmjv4pTqFl1fMLhEQxgrtrfgGBuqJ3ou3cgmVS3DT/kO+s2uxlbrmqa3FNRe2MxR18Je64O
whFFWOmyNuqxkU16Di8YbuYoJypVIXMbPNIDQc60xFJVJLIuernisx30WwRVmbVMUS9rmwtfRELQCDHB+ffbD5Utaa4c
baG/EQzPlVJWvBE86b74E13jcCGnl64XbCeC8bFQfgT1wBmjv4pTqFl1fMLhEQxgrtrfgGBuqJ3ou3cgmVS3DT/kO+s5uxlbrmqa3FNRe2MxR18Je64O
whFFWOmyNuqxkU16Di8YbuYoJypVIXMbPNIDQc60xFJVJLIuernisx30WwRVmbVMUS9rmwtfRELQCDHB+ffbD5Utaa4c
Np3+0hsQBkLObicTykHh6F3jcyGnl64XbCeC8bFQfgT1wBmjv4pTqFl1fMLhEQxgrtrfgGBuqJ3ou3cgmVS3DT/kO+s5uxlbrmqa3FNRe2MxR18Je64O
9+1S8Du5ga7ZGBDdUfCuveYoJypVIXMbPNIDQc60xFJVJLIuernisx30WwRVmbVMUS9hmgtfRELQCDHB+ffbD5Utaa4c
kqf9PJzMzmUR0RFXdZtraV3jciGnl64XbCeC8bFQfgT1wBmjv4pTqFl1fMLhEQxgrtrfgGBuqJ3ou3cgmVS3DT/kO+szuhlbrmqa3FNRe2MxR18Je64O
J+jWQXaZkmm4TEWBhK/lnOYoJypVIXMbPNIDQc60xFJVJLIuernisx30WwRVmbVMUS9gmgtfRELQCDHB+ffbD5Utaa4c
XX99D4t8Oj3wDLlzoxeEXl3jcyGnl64XbCeC8bFQfgT1wBmjv4pTqFl1fMLhEQxgrtrfgGBuqJ3ou3cgmVS3DT/kO+syuhlbrmqa3FNRe2MxR18Je64O
An4Ga1HD3O122JdnfMI0LuYoJypVIXMbPNIDQc60xFJVJLIuernisx30WwRVmbVMUS9mmgtfRELQCDHB+ffbD5Utaa4c
nJSxVmYKV/uc9//oDt7wxl3jcyGnl64XbCeC8bFQfgT1wBmjv4pTqFl1fMLhEQxgrtrfgGBuqJ3ou3cgmVS3DT/kO+s0uhlbrmqa3FNRe2MxR18Je64O
+uDM2gU13LtGCYfUukLi3NPIwajEfX/y65BkrWXtr5PCCmIazR5STVY/lJzM2Y+yYypKP6eZA2a5mSfLCLrf4bIcECJh/N6uluHWQ0lcp6QJcYEchZcOWScnkJKkoO2hxR+Pv2F1Ra4w
N9OTNri21M821c+6B8qXfgRB/rNdLW+Xr8wj6VGuR+ans0hyqa0aeRaSVlsOUY/nv2Ieejxmx3g4ho3ZCZDZMd5/suCJOrkGK7I/YK4X
TyFv46R12vxgI2Jdv/KP1Ehv4b/SDPt8mVmHS+h6v+FSXLCiwbw+rvYhdsPpnMek6THhnCXXKllHZ3ASBGDNoeXf7z+BNWWuEA==
+fFKHoK5X9Z0+mri7eECq+YoJypVIXMbPNIDQc60xFJVJLIuernisx30WwRVmbVMUS9lmQtfRELQCDHB+ffbD5Utaa4c
OgKsIjXaGXfv6rnj3vv+5l3jcyGnl64XbCeC8bFQfgT1wBmjv4pTqFl1fMLhEQxgrtrfgGBuqJ3ou3cgmVS3DT/kO+s3uRlbrmqa3FNRe2MxR18Je64O
ucPP5RycJ1U9aoRCRcbXY+YoJypVIXMbPNIDQc60xFJVJLIuernisx30WwRVmbVMUS9kmQtfRELQCDHB+ffbD5Utaa4c
VmDIgjxCMZDiIWm4/GHfB13jciGnl64XbCeC8bFQfgT1wBmjv4pTqFl1fMLhEQxgrtrfgGBuqJ3ou3cgmVS3DT/kO+s2uRlbrmqa3FNRe2MxR18Je64O
pTXsgbQmPAaTrFBy3yihi+YoJypVIXMbPNIDQc60xFJVJLIuernisx30WwRVmbVMUS9rmQtfRELQCDHB+ffbD5Utaa4c
uyxBhQ4Ko0H6OoCVydxHm13jcCGnl64XbCeC8bFQfgT1wBmjv4pTqFl1fMLhEQxgrtrfgGBuqJ3ou3cgmVS3DT/kO+s5uRlbrmqa3FNRe2MxR18Je64O
pTXsgbQmPAaTrFBy3yihi+YoJypVIXMbPNIDQc60xFJVJLIuernisx30WwRVmbVMUS9rmQtfRELQCDHB+ffbD5Utaa4c
U4xwJQhI7D/Bxhn3Zo3foF3jcyGnl64XbCeC8bFQfgT1wBmjv4pTqFl1fMLhEQxgrtrfgGBuqJ3ou3cgmVS3DT/kO+s5uRlbrmqa3FNRe2MxR18Je64O
Y7otYkyMDhp2HP0zMpqUYOYoJypVIXMbPNIDQc60xFJVJLIuernisx30WwRVmbVMUS9qmQtfRELQCDHB+ffbD5Utaa4c
Czrc43C79S2122jCIXjj2l3jciGnl64XbCeC8bFQfgT1wBmjv4pTqFl1fMLhEQxgrtrfgGBuqJ3ou3cgmVS3DT/kO+s4uRlbrmqa3FNRe2MxR18Je64O
sUZoVRz93X1WifZLiQl9wbPacwjs7XtA3gefFunCBhaFQwBQf43lofclXwlJTsz72hOhi9cSceNSg1MdMfHk1LGHgHcfflPNVM7yDPxOt0DY3t00i/gI6b5HQsjJ0gl+i2pvSK4/
m6Q2B3wioCTY8W7AHqonV+YoJypVIXMbPNIDQc60xFJVJLIuernisx3wWwRVmbVMUS9nmQteRELQCDHB+ffbD5Utaa4c
eqGviFOob9ToW3Ry/kNJ413jcyGnl64XbCeC8bFQfgT1wBmjv4pTqFl1fMLhEQxgrtrfgGBuqJ3ou3ckmVS3DT/kO+s1uRlarmqa3FNRe2MxR18Je64O
KeFddt7XzuFRWMJjnpWc0eYoJypVIXMbPNIDQc60xFJVJLIuernisx3wWwRVmbVMUS9rmQteRELQCDHB+ffbD5Utaa4c
sIJ+Rdt9i6c4q/v4LuIMml3jcCGnl64XbCeC8bFQfgT1wBmjv4pTqFl1fMLhEQxgrtrfgGBuqJ3ou3ckmVS3DT/kO+s5uRlarmqa3FNRe2MxR18Je64O
JMrvORZC+3QNqNHSTqf1XOYoJypVIXMbPNIDQc60xFJVJLIuernisx3wWwRVmbVMUS9qmQteRELQCDHB+ffbD5Utaa4c
nk00raiiJF4T+IXsNwsAP13jcyGnl64XbCeC8bFQfgT1wBmjv4pTqFl1fMLhEQxgrtrfgGBuqJ3ou3ckmVS3DT/kO+s4uRlarmqa3FNRe2MxR18Je64O
B94cwpmMtyPYkTQXKw3J8LPacwjs7XtA3gefFunCBhaFQwBQf43lofclXwlJTsz72hOhi9cSceNSg1MdMfHk1LGHgHMWaVTNVM7yDPxOt0DY3t01j/gI6b5HQsjJ0gl+i2pvSK4/
jW8aw3Tpw9GFu9hCFFwjZOYoJypVIXMbPNIDQc60xFJVJLIuernisx3wWwRVmbVMUS9jngteRELQCDHB+ffbD5Utaa4c
LckaG/goNpyyRptTdb+UeF3jciGnl64XbCeC8bFQfgT1wBmjv4pTqFl1fMLhEQxgrtrfgGBuqJ3ou3ckmVS3DT/kO+sxvhlarmqa3FNRe2MxR18Je64O
P7HZps8pcimsKaXSPSc44+YoJypVIXMbPNIDQc60xFJVJLIuernisx3wWwRVmbVMUS9gngteRELQCDHB+ffbD5Utaa4c
6WKa9tvOx2oY7JW/IetzNV3jcyGnl64XbCeC8bFQfgT1wBmjv4pTqFl1fMLhEQxgrtrfgGBuqJ3ou3ckmVS3DT/kO+syvhlarmqa3FNRe2MxR18Je64O
TS8OG2nSAv9s8qfjnXiEjuYoJypVIXMbPNIDQc60xFJVJLIuernisx3wWwRVmbVMUS9lngteRELQCDHB+ffbD5Utaa4c
wvz70dO+cMzbADHDBcSCRV3jcCGnl64XbCeC8bFQfgT1wBmjv4pTqFl1fMLhEQxgrtrfgGBuqJ3ou3ckmVS3DT/kO+s3vhlarmqa3FNRe2MxR18Je64O
XNpq3hDxrlmpj0vhdzdr/7Pacwjs7XtA3gefFunCBhaFQwBQf43lofclXwlJTsz72hOhi9cSceNSg1MdMfHk1LGHgHcfflPNVM7yDPxOt0DY3t03i/gB7r5HQsjJ0gl+i2pvSK4/
ZTVNFyY1R3MmuKiXqa1fa+YoJypVIXMbPNIDQc60xFJVJLIuernisx3wWwRVmbVMUS9rmwtXQ0LQCDHB+ffbD5Utaa4c
eHxPhBr81BleUBowcQCbwF3jcCGnl64XbCeC8bFQfgT1wBmjv4pTqFl1fMLhEQxgrtrfgGBuqJ3ou3ckmVS3DT/kO+s5uxlTqWqa3FNRe2MxR18Je64O
unIMsnxB27Ncz1v+vtFffGkAxr8OXA98z4/xDOMIz2n0JFnfzsdOWBqdzhNLqXdYRoxstPMmwOyh9WtytRj2ZU72uQit+DO4M2auFQ==
vc9ldjnE9mckXRi0RUEjBARB/rNdLW+Xr8wj6VGuR+ans0hyqa0aeRaSVlsOUY/nv2Iaejxmx3g4ho3YCJDRNt5/suCJOrkGK7I/YK4X
WTJpOBiPJVVbaYf9lABWd9vOwqjEfX/y65BkrWXtr5PBCmIazR5STVY/lJzM2Y+yYypKP6eZA2a5mSfLCLrf4bIcECJh/N6uluHWQ0lYp6QJcYEchZcNXicvl5KkoO2hxR+Pv2F1Ra4w
nN4cQOvERnRlkdfsrX3A6tHJwajEfX/y65BkrWXtr5PBCmIazR5STVY/lJzM2Y+yYypKP6eZA2a5mSfLCLrf4bIcECJh/N6uluHWQ0lYp6QJcYEchZcHWycul5KkoO2hxR+Pv2F1Ra4w
OMqaQmVMNAP3KsqXNUcRCuYoJypVIXMbPNIDQc60xFJVJLIuernisx3wWwRVmbVMUS9jmgtWQ0LQCDHB+ffbD5Utaa4c
k926YAjZfZWLN87k7JrqKV3jcCGnl64XbCeC8bFQfgT1wBmjv4pTqFl1fMLhEQxgrtrfgGBuqJ3ou3ckmVS3DT/kO+sxuhlSqWqa3FNRe2MxR18Je64O
gzyiAwLjV2s0uC3Ho6nQJeYoJypVIXMbPNIDQc60xFJVJLIuernisx30WwRVmbVMUS9mmgtWQ0LQCDHB+ffbD5Utaa4c
uytjYOLTo9KS7yLfTqPPb13jcyGnl64XbCeC8bFQfgT1wBmjv4pTqFl1fMLhEQxgrtrfgGBuqJ3ou3cgmVS3DT/kO+s0uhlSqWqa3FNRe2MxR18Je64O
CkSa6Lv4+9LIFjKDXBYua2kAxr8OXA98z4/xDOMIz2n0JFnfzsdOWBqdzhNLqXdYQoxstPMmwOyh+mpytBj2ZU72uQit+DO4M2auFQ==
OQBnVFcIRrMNovfpF13E2tPIwajEfX/y65BkrWXtr5PCCmIazR5STVY/lJzM2Y+yYypKP6eZA2a5mSfLCLrf4bIcECJh/N6uluHWQ0lcp6QJcYEchZcKWCcul5KkoO2hxR+Pv2F1Ra4w
VJ0gjjEcocul/9Z23mrp/dHJwajEfX/y65BkrWXtr5PCCmIazR5STVY/lJzM2Y+yYypKP6eZA2a5mSfLCLrf4bIcECJh/N6uluHWQ0lcp6QJcYEchZcPXycul5KkoO2hxR+Pv2F1Ra4w
UZmbNDSPNQr7wsD0MTbiDLPacwjs7XtA3QefFunCBhaFQwBQf43lofclXwlJTsz72hOhi9cSceNSg1MdNPHk1LGHgHcfflPNVM7yDPxOt0DY3t02jvgD7r5HQsjJ0gl+i2pvSK4/
mJHCDzJapX0B/P80pB31/eYoJypVIXMbPNIDQc60xFJVJLIuernisx31WwRVmbVMUS9mnwtUQ0LQCDHB+ffbD5Utaa4c
Z4LEkQaogsSWmirNLeC+uV3jcCGnl64XbCeC8bFQfgT1wBmjv4pTqFl1fMLhEQxgrtrfgGBuqJ3ou3chmVS3DT/kO+s0vxlQqWqa3FNRe2MxR18Je64O
tXch5ORgXx7k1XPbZ2aOmmkAxr8OXA98z4/xDOMIz2n0JFnfzsdOWBqdzhNLqXdYQ4xstPMmwOyh+29ythj2ZU72uQit+DO4M2auFQ==
zAdlJxeh7ViwqJzzP4GAQNHFwqjEfX/y65BkrWXtr5PFCmIazR5STVY/lJzM2Y+yYypKP6eZA2a5mSfLCLrf4bIcECJh/N6uluHWQ0ldp6QJcYEchZcPWycrl5KkoO2hxR+Pv2F1Ra4w
rem8KmBU2bcgHfwol9MSF9HJwajEfX/y65BkrWXtr5PFCmIazR5STVY/lJzM2Y+yYypKP6eZA2a5mSfLCLrf4bIcECJh/N6uluHWQ0ldp6QJcYEchZcIWycrl5KkoO2hxR+Pv2F1Ra4w
W/AUQB5QQ0Gw2FCBxn/YkeYoJypVIXMbPNIDQc60xFJVJLIuernisx31WwRVmbVMUS9kmwtTQ0LQCDHB+ffbD5Utaa4c
diyq+iU7F0EQm3ZVLLFagF3jcyGnl64XbCeC8bFQfgT1wBmjv4pTqFl1fMLhEQxgrtrfgGBuqJ3ou3chmVS3DT/kO+s2uxlXqWqa3FNRe2MxR18Je64O
EaqYMh+XXTplvqTUnXk5JeYoJypVIXMbPNIDQc60xFJVJLIuernisx31WwRVmbVMUS9rmwtTQ0LQCDHB+ffbD5Utaa4c
JIyY5h7pKRhrG/C55z0JeF3jcCGnl64XbCeC8bFQfgT1wBmjv4pTqFl1fMLhEQxgrtrfgGBuqJ3ou3chmVS3DT/kO+s5uxlXqWqa3FNRe2MxR18Je64O
YvGSWHVSjmlZv4V5cgsS7eYoJypVIXMbPNIDQc60xFJVJLIuernisx31WwRVmbVMUS9qmwtTQ0LQCDHB+ffbD5Utaa4c
JpKlSE50B12KcpEe5MVd8l3jcyGnl64XbCeC8bFQfgT1wBmjv4pTqFl1fMLhEQxgrtrfgGBuqJ3ou3chmVS3DT/kO+s4uxlXqWqa3FNRe2MxR18Je64O
QG6LBEWBjq4Ki3f0HQngluYoJypVIXMbPNIDQc60xFJVJLIuernisx30WwRVmbVMUS9nmgtTQ0LQCDHB+ffbD5Utaa4c
ubH6rZpgvu32kRUGNJ2Q9F3jcCGnl64XbCeC8bFQfgT1wBmjv4pTqFl1fMLhEQxgrtrfgGBuqJ3ou3cgmVS3DT/kO+s1uhlXqWqa3FNRe2MxR18Je64O
739J34QzwbCwXlglMVpjotPIwajEfX/y65BkrWXtr5PGCmIazR5STVY/lJzM2Y+yYypKP6eZA2a5mSfLCLrf4bIcECJh/N6uluHWQ0lcp6QJcYEchZcKWScrl5KkoO2hxR+Pv2F1Ra4w
xWI6paCJ4/hWCoZhUZr8vtHJwajEfX/y65BkrWXtr5PGCmIazR5STVY/lJzM2Y+yYypKP6eZA2a5mSfLCLrf4bIcECJh/N6uluHWQ0lcp6QJcYEchZcGWScrl5KkoO2hxR+Pv2F1Ra4w
VGu5XcJpOQghv/f4b0kTE+YoJypVIXMbPNIDQc60xFJVJLIuernisx30WwRVmbVMUS9qmQtTQ0LQCDHB+ffbD5Utaa4c
hLl7kaIn9hjsDnArNBuh613jcyGnl64XbCeC8bFQfgT1wBmjv4pTqFl1fMLhEQxgrtrfgGBuqJ3ou3cgmVS3DT/kO+s4uRlXqWqa3FNRe2MxR18Je64O
VGu5XcJpOQghv/f4b0kTE+YoJypVIXMbPNIDQc60xFJVJLIuernisx30WwRVmbVMUS9qmQtTQ0LQCDHB+ffbD5Utaa4c
P4D0HfVQYROFZeeMbCFa1F3jcCGnl64XbCeC8bFQfgT1wBmjv4pTqFl1fMLhEQxgrtrfgGBuqJ3ou3cgmVS3DT/kO+s4uRlXqWqa3FNRe2MxR18Je64O
t1mwPpLIP0G/IPtg7Mk7FeYoJypVIXMbPNIDQc60xFJVJLIuernisx30WwRVmbVMUS9kmQtfQ0LQCDHB+ffbD5Utaa4c
3MOerApql32/UVh2Qtg0p13jcCGnl64XbCeC8bFQfgT1wBmjv4pTqFl1fMLhEQxgrtrfgGBuqJ3ou3cgmVS3DT/kO+s2uRlbqWqa3FNRe2MxR18Je64O
SF7QWba8eBe2EPwlWIGaCOYoJypVIXMbPNIDQc60xFJVJLIuernisx30WwRVmbVMUS9rmQtfQ0LQCDHB+ffbD5Utaa4c
YwC+4t37TaAQaqBU+7pT613jcyGnl64XbCeC8bFQfgT1wBmjv4pTqFl1fMLhEQxgrtrfgGBuqJ3ou3cgmVS3DT/kO+s5uRlbqWqa3FNRe2MxR18Je64O
keTMdM59zzviBCFvth/lfOYoJypVIXMbPNIDQc60xFJVJLIuernisx30WwRVmbVMUS9qmQtfQ0LQCDHB+ffbD5Utaa4c
m4t6k/z2nXUs+1pXB07Wl13jcCGnl64XbCeC8bFQfgT1wBmjv4pTqFl1fMLhEQxgrtrfgGBuqJ3ou3cgmVS3DT/kO+s4uRlbqWqa3FNRe2MxR18Je64O
va1d7VS7uKSPIGIsKiPpeuYoJypVIXMbPNIDQc60xFJVJLIuernisx31WwRVmbVMUS9hmAtfQ0LQCDHB+ffbD5Utaa4c
BG17fLpHqiDXli9PY0Cvm13jcyGnl64XbCeC8bFQfgT1wBmjv4pTqFl1fMLhEQxgrtrfgGBuqJ3ou3chmVS3DT/kO+szuBlbqWqa3FNRe2MxR18Je64O
4ypOuyQkCglUXqwIc2y0V+YoJypVIXMbPNIDQc60xFJVJLIuernisx31WwRVmbVMUS9gmAtfQ0LQCDHB+ffbD5Utaa4c
iINKFADqVPuQj+hfkc+kRV3jcCGnl64XbCeC8bFQfgT1wBmjv4pTqFl1fMLhEQxgrtrfgGBuqJ3ou3chmVS3DT/kO+syuBlbqWqa3FNRe2MxR18Je64O
qVdYgehLxW/jlN0MxJ8fBuYoJypVIXMbPNIDQc60xFJVJLIuernisx31WwRVmbVMUS9nmAtfQ0LQCDHB+ffbD5Utaa4c
bGaKdgP7B0lQL6bv2MAZyl3jcCGnl64XbCeC8bFQfgT1wBmjv4pTqFl1fMLhEQxgrtrfgGBuqJ3ou3chmVS3DT/kO+s1uBlbqWqa3FNRe2MxR18Je64O
o1OIoG8SRw6AcB/pvD5RPuYoJypVIXMbPNIDQc60xFJVJLIuernisx30WwRVmbVMUS9inwtfQ0LQCDHB+ffbD5Utaa4c
jckcvztZ8rVKgqn4cWwNG13jcCGnl64XbCeC8bFQfgT1wBmjv4pTqFl1fMLhEQxgrtrfgGBuqJ3ou3cgmVS3DT/kO+swvxlbqWqa3FNRe2MxR18Je64O
IeUzPVxeiJStCl395CX3v+YoJypVIXMbPNIDQc60xFJVJLIuernisx3wWwRVmbVMUS9nnwtfQ0LQCDHB+ffbD5Utaa4c
nq7MYXnyucdcw2voqXE7fl3jcCGnl64XbCeC8bFQfgT1wBmjv4pTqFl1fMLhEQxgrtrfgGBuqJ3ou3ckmVS3DT/kO+s1vxlbqWqa3FNRe2MxR18Je64O
vFXPbE7yvzPg57QtxyIBd+YoJypVIXMbPNIDQc60xFJVJLIuernisx30WwRVmbVMUS9knwtfQ0LQCDHB+ffbD5Utaa4c
6oNMQh7psDqsA/Pe+htNhV3jcyGnl64XbCeC8bFQfgT1wBmjv4pTqFl1fMLhEQxgrtrfgGBuqJ3ou3cgmVS3DT/kO+s2vxlbqWqa3FNRe2MxR18Je64O
c83ArfF8OSWy9Y5GlnAXQ+REncJnCGtTw3JsaHQkKsMOZQ3muxJfV3NEFBwUbxGbuvX40c2zdk70A9KnqbcmbuwJPN3i6qm1kHJePxVlGJhxuF1ErSntrFlfzRhjZkpiiPiJgeHno68dfUGuNA==
xdkRoD7klMFH7lJ/zWL0hOYoJypVIXMbPNIDQc60xFJVJLIuernisx30WwRVmbVMUS9gmwtVQkLQCDHB+ffbD5Utaa4c
WTf9sXK1kvSaj2sTz1Pxr13jcSGnl64XbCeC8bFQfgT1wBmjv4pTqFl1fMLhEQxgrtrfgGBuqJ3ou3cgmVS3DT/kO+syuxlRqGqa3FNRe2MxR18Je64O
z1wa2RWJdEWK/tYBke/TAmkAxr8OXA98z4/xDOMIz2n0JFnfzsdOWBqdzhNLqXdYQoxstPMmwOyh+Gtytxn2ZU72uQit+DO4M2auFQ==
/8YNfCQLRhw03KLzF9tvHtPIwajEfX/y65BkrWXtr5PJCmIazR5STVY/lJzM2Y+yYypKP6eZA2a5mSfLCLrf4bIcECJh/N6uluHWQ0lcp6QJcYEchZcKWictlpKkoO2hxR+Pv2F1Ra4w
2IKLB8evAa6KsuowEZpdhNHJwajEfX/y65BkrWXtr5PJCmIazR5STVY/lJzM2Y+yYypKP6eZA2a5mSfLCLrf4bIcECJh/N6uluHWQ0lcp6QJcYEchZcKXyctlpKkoO2hxR+Pv2F1Ra4w
TDoOGMr7YO5uIsF+OOLIOhBSS7XdgKOGIK9KZleW2gtyENF3cTqp9w21fJ0Y1Adtz6QLC0O6KXRYKip8I9Hrw+EHjylrrh4=
Ijk2KbSroL6XiHbn0PnnUHoBue9EE+bxVMt0c3R1aqA6eHyj5mAl7/26JW9qSuwvpHTbBTv037MPemWMDPoeVP+xF6v1N7sxZ64S
s9LsIZY46yeMrIF69APvIkdX9a5ROXrFvshQplD6RO/7vwh0rusRdRzMQVpaQIXS8TlDazxmx3g4ho3dCpDWN95/suCJOrkGK7I/YK4X
ZV6/ckWi819NJbf5POrXdy9LOxt+RENdbcPpgnRWafn8ueleb/HOPBAyPN+jvwBSwKXZMUwo6c7a1C0lrnmRPxxyz3wo4qUJSkR+U077OnQpbnFCe1YXdK4D
MwgWgMHsAInoo2VKcb3I0k47Lhj+hsTQgftpFg7UjMyAa2Txv3ZJhtXf+cCWnJbrmxMwYQpBJHEG8VX9ISrL5ZnzR6uf+5K+Y31athx/V6HSULvsLxSf/QeEczuvP4GEYEri7LuRE/Oppxd5Q642
NH+JWB31eAeeyCMAhlWpsbSz5pxai4ExQ2wvxl9NzAc1COMosdBrkmFVBKyV0u4bE2UvNBwALOuHz940xzQ6Phe96XiD5v12WEZZOdQ9X6i/70zA9hYMaOsykAApmSiOhG1G6eaymRT1rKMUe0KuKQ==
GvFlDilY3E7Kuuy1L4eFsvnop4pOlK03SnAn0U5/w0QiG/Yu8fUDk3dTCbuzz9xQH3BfKwofLPOH75gPiGs3Myv7qCPLw7AfHRBUOoAzTvq7oU7Y/gkMaOsykAApkSmOhGxG6OaymRT1rKMUe0KuKQ==
yHDbhEnNxZda2zrymR5aM9G70I+EsA6KxURPr7Y22NeMyQs5SvgaglyK33QIqlWfydwAmm7yKgzp1uHKG54nbK4b
Z6Dq9hZrcIQroWjJ9I9Z8DT2+FW7pmre2fVRTaACL1wk9Ctly7Qv0xR5daI9uq/0TzGHC6X369EXrmI=
usKCSaumj3go4a3p5+m/RYYgOMJxdxrhIlhu8h+NTGC7inBoGUmpRpQU5kCWqlmcJZTD/MsarmE=
dW4hxYTrz5JVVd55s4pR2xyf0mhunc0e+u3OY6v5twjmPOwEU/aAPMELaILVzba97UY5uA2o8+jTFq5l
bWfjW19pdM2p5qpnCLclhT4U+RJa3rqcqLiLoQaGtrMnV73nghFOl8MV58y+4MwQW/qwGPk3qDZ9YSY5ddrZ7MXkA4wraq4R
JNH0ObgXuMuiUp9NXRdFbON8eGsu2RjdlsHcwacuUla9u9a+TdlH2Qldk5Oic2MXCJfIoKm618z3wkMrSu0O1Y0SbBoRxTROSRFiReauLueO7ffbT15ixtxav0TIOvVnyKyoDy7LyVxpBsG62w5HXK4r
h3Ap/u0oDLOFnAl+0qcL3dreEV1wqy5uH32F0Wz4gW5UGwsWugZgxopGXuEmOVBPVA9lZfWdha/5ndae2lyk/UFaz+0aDhchekxoAkkMxq6Okf5jsYjv5EHBWfwtB3Han7x6MvTTpWENz7ffCUVdrig=
iqiX/ecqEafhwkEfAbM1Wbuy5opLkNx2EjFkgwM63g52Q6Jo7Kx+1CAeXfzVm4kVTSYhMFtCZ7DXndIXkmstcAi8uS/Y4PlDFhNedNI5Tq+znQeUrggMaOsykAApkC+OjmlG4eWymRT1rKMUe0KuKQ==
54gZ72xGHgVLO3Bzc5v77NzdEV1wqy5uH32F0Wz4hWhUGwsWugZgxopGXuEmOVJAVA9lZfWdha/5ndae2lyk/UFaz+0aDhchekxoAkkMxq6Okf5jsYjv5EHBWfwtB3Tfn7t6MvTTpWENz7ffCUVdrig=
HpbXmTL9Yf9/9njz5E1aHOR/eGsu2RjdlsHcwacuWFG+u9a+TdlH2Qldk5Oic28XCJfJoKm618z3wkMrSu0O1Y0SbBoRxTROSRFiReauLueO7ffbT15ixtxav0TIOvVjyKyhDy7LyVxpBsG62w5HXK4r
GDgdObC7/AIE6/4MpJQwT+R/eGsu2RjdlsHcwacuWFG+u9a+TdlH2Qldk5Oic2MXCJfJoKm618z3wkMrSu0O1Y0SbBoRxTROSRFiReauLueO7ffbT15ixtxav0TIOvVhzqyhDy7LyVxpBsG62w5HXK4r
KdZuEKyH8ZFihNpXrXLvgbwubJhbUILXyTXKjbrUxaMnvkSpkNPHJuZ+BOauUKP2KT9RTlACamoThqWBz6TfpBDBfyaFDYSdRrazwZ7U1JLFhEIuChly8w0Qi4TleYUM4c87m9v/NQIoK0FBKdfLzwVNWa4s
KV8dsMJ7EYVHoLhW6HOYBByf0mhunc0e+u3OY6v5twjlPOwEU/aAPMELb4Ldzra97UY5uA2o8+jTFq5l
XpvwHGYvE34DwljxMU0GED4U+RJa3rqcqLiLoQaGtrMnV73nghFOl8MV58y94MwQW/qwGPk3rzZ1YiY5ddrZ7MXkA4wraq4R
iCak4+6vZEMRtbl1K1lixb6y5opLkNx2EjFkgwM61AV2Q6Jo7Kx+1CAeXfzVm4kVTCYhMFtCZ7DXndIXkmstcAi8uS/Y4PlDFhNedNI5Tq+znQeUrQgMaOsykAApmC+OhGpG4eWymRT1rKMUe0KuKQ==
nkG30djjI6B6QTDjGiCoptreEV1wqy5uH32F0Wz4gW5UGwsWugZgxopGXuEmOVBPVA9lZfWdha/5ndae2lyk/UFaz+0aDhchekxoAkkMxq6Okf5jsYvv5EHBWfwtB3Dbn794MvTTpWENz7ffCUVdrig=
AnTTXkl5DA0YaZT+/1Hyrbuy5opLkNx2EjFkgwM63g52Q6Jo7Kx+1CAeXfzVm4kVTSYhMFtCZ7DXndIXkmstcAi8uS/Y4PlDFhNedNI5Tq+znQeUrQgMaOsykAApkSmOjWtG4eWymRT1rKMUe0KuKQ==
6CpalDcoUZ0wFovCwDCe+djeEV1wqy5uH32F0Wz4hWhUGwsWugZgxopGXuEmOVJAVA9lZfWdha/5ndae2lyk/UFaz+0aDhchekxoAkkMxq6Okf5jsYvv5EHBWfwtB3XZn754MvTTpWENz7ffCUVdrig=
cXasbbhHG33fW/9uk7DnNOB8eGsu2RjdlsHcwacuWlC+u9a+TdlH2Qldk5Oic2MXCJfJoKm618z3wkMrSu0O1Y0SbBoRxTROSRFiReauLueO7ffbT15hxtxav0TIOvVlyKyoDS7LyVxpBsG62w5HXK4r
KET9urMT8NpWTV6t1+ptXxyf0mhunc0e+u3OY6v5twjkPOwEU/aAPMEPb4LUz7a97UY5uA2o8+jTFq5l
HkyxTGsmK58D4MPn2rY6mD4U+RJa3rqcqLiLoQaGtrMnV73nghFOl8MV58y84MwQW/qwGPkzrzZ8YyY5ddrZ7MXkA4wraq4R
UsHX4/+SdqSumm6FGARJpb6y5opLkNx2EjFkgwM61AV2Q6Jo7Kx+1CAeXfzVm4kVTCYhMFtCZ7DXndIXkmstcAi8uS/Y4PlDFhNedNI5Tq+znQeUrAgMaOsykAApnyqOj2tG4eWymRT1rKMUe0KuKQ==
aWpbAs2A9ndJgIAC6su0OeN8eGsu2RjdlsHcwacuUla9u9a+TdlH2Qldk5Oic2MXCJfIoKm618z3wkMrSu0O1Y0SbBoRxTROSRFiReauLueO7ffbT15gxtxav0TIOvVmz6yrDS7LyVxpBsG62w5HXK4r
s05wLPnDyLYIv+5LJq3Q9Luy5opLkNx2EjFkgwM63g52Q6Jo7Kx+1CAeXfzVm4kVTSYhMFtCZ7DXndIXkmstcAi8uS/Y4PlDFhNedNI5Tq+znQeUrAgMaOsykAApnSuOjmtG4eWymRT1rKMUe0KuKQ==
8X7s0uDbGP1BUbnOd+cDg9jeEV1wqy5uH32F0Wz4hWhUGwsWugZgxopGXuEmOVJAVA9lZfWdha/5ndae2lyk/UFaz+0aDhchekxoAkkMxq6Okf5jsYrv5EHBWfwtB3PZn7x4MvTTpWENz7ffCUVdrig=
4xGEHL9PhTsr06/sML+hjeB8eGsu2RjdlsHcwacuWFG+u9a+TdlH2Qldk5Oic2MXCJfJoKm618z3wkMrSu0O1Y0SbBoRxTROSRFiReauLueO7ffbT15gxtxav0TIOvVlz6yqDS7LyVxpBsG62w5HXK4r
krs9LyjvC0hTGLdbmmRK9hyf0mhunc0e+u3OY6v5twjjPOwEU/aAPMEFa4LRz7a97UY5uA2o8+jTFq5l
yQEMmYulXcYq4hnBWbQrZT4U+RJa3rqcqLiLoQaGtrMnV73nghFOl8MV58y74MwQW/qwGPk5qzZ5YyY5ddrZ7MXkA4wraq4R
Qcersd5ij7p7kC3phaHiAb6y5opLkNx2EjFkgwM61AV2Q6Jo7Kx+1CAeXfzVm4kVTCYhMFtCZ7DXndIXkmstcAi8uS/Y4PlDFhNedNI5Tq+znQeUqwgMaOsykAApmCuOiGtG4eWymRT1rKMUe0KuKQ==
GQK1EhvuiCnQpDQ+AijucuN8eGsu2RjdlsHcwacuUla9u9a+TdlH2Qldk5Oic2MXCJfIoKm618z3wkMrSu0O1Y0SbBoRxTROSRFiReauLueO7ffbT15nxtxav0TIOvVvyqysDS7LyVxpBsG62w5HXK4r
EiuWYTnmzNblY88W3F7nJdreEV1wqy5uH32F0Wz4gW5UGwsWugZgxopGXuEmOVBPVA9lZfWdha/5ndae2lyk/UFaz+0aDhchekxoAkkMxq6Okf5jsY3v5EHBWfwtB3bfn7p4MvTTpWENz7ffCUVdrig=
X/WC6EGj2SjM0mXjNXhYg+N/eGsu2RjdlsHcwacuWFG+u9a+TdlH2Qldk5Oic2MXCJfJoKm618z3wkMrSu0O1Y0SbBoRxTROSRFiReauLueO7ffbT15nxtxav0TIOvVjyKyvDS7LyVxpBsG62w5HXK4r
uXw9ecme2Wyf28s5TRvd8uB/eGsu2RjdlsHcwacuWFG+u9a+TdlH2Qldk5Oic2MXCJfJoKm618z3wkMrSu0O1Y0SbBoRxTROSRFiReauLueO7ffbT15nxtxav0TIOvVhz6yvDS7LyVxpBsG62w5HXK4r
Afb2FfNyfhcON804iF4CtByf0mhunc0e+u3OY6v5twjiPOwEU/aAPMELboLTz7a97UY5uA2o8+jTFq5l
d7+op6KUyovZJ73I0Im3Tz4U+RJa3rqcqLiLoQaGtrMnV73nghFOl8MV58y64MwQW/qwGPk3rjZ7YyY5ddrZ7MXkA4wraq4R
58l4HKTJSXl6CVoqGzG1QdjdEV1wqy5uH32F0Wz4hWhUGwsWugZgxopGXuEmOVJAVA9lZfWdha/5ndae2lyk/UFaz+0aDhchekxoAkkMxq6Okf5jsY3v5EHBWfwtB3Lbn7d4MvTTpWENz7ffCUVdrig=
uOhLavMLTXarOzKQcUMkCLyx5opLkNx2EjFkgwM61AV2Q6Jo7Kx+1CAeXfzVm4kVTCYhMFtCZ7DXndIXkmstcAi8uS/Y4PlDFhNedNI5Tq+znQeUqggMaOsykAApkC+OhWtG4eWymRT1rKMUe0KuKQ==
ASb+6kiApVV2ARthAnPLuud/eGsu2RjdlsHcwacuUla9u9a+TdlH2Qldk5Oic2MXCJfIoKm618z3wkMrSu0O1Y0SbBoRxTROSRFiReauLueO7ffbT15mxtxav0TIOvViyqygDS7LyVxpBsG62w5HXK4r
yKa0WrNdLv2Ksn7d8QbZdd/dEV1wqy5uH32F0Wz4gW5UGwsWugZgxopGXuEmOVBPVA9lZfWdha/5ndae2lyk/UFaz+0aDhchekxoAkkMxq6Okf5jsYzv5EHBWfwtB3TYn7Z4MvTTpWENz7ffCUVdrig=
rYtpe2QaJnwk3kruWQf0brix5opLkNx2EjFkgwM63g52Q6Jo7Kx+1CAeXfzVm4kVTSYhMFtCZ7DXndIXkmstcAi8uS/Y4PlDFhNedNI5Tq+znQeUqggMaOsykAApkCuOjWxG4eWymRT1rKMUe0KuKQ==
xmMKyRpUzlSQ/fesMRhas+ufBFlshJutLxQjgaXkKnmwxFk9IHGqB+Aylcb4H3gY+1OjentTpz32CbqExTnljAEPU5j7NZOCiOuhQUmXK0+lDXmuDA==
Jma/9H6U0jm0YyHRNn74HFBTR0kZrcKmYWgu6tmeKn9Pf5ZozXNHR1vX2MzuE0Fd/KRxQlpYtboREROTfN4XEJgu/UaICCOefp/hWElCaS5LWg94rg8=
Od+ANflBeEQqElQ1sP9QWfqUF1lvhJutLxQjgaXkKnqwxFk9IHGqB+Aylcb4H3gY+1OjentTpz32CbqExTnljAEPUJ/7NZOCiOuhQUmXK0+lDXmuDA==
i9jVrNgajRqP51hxDH6OLxyf0mhunc0e+u3OY6v5twjlPOwEU/aAPMEFaYLSyba97UY5uA2o8+jTFq5l
DoFgsBk9vX9rrd6tHtJ8cz4U+RJa3rqcqLiLoQaGtrMnV73nghFOl8MV58y94MwQW/qwGPk5qTZ6ZSY5ddrZ7MXkA4wraq4R
fqLmc439TP7Cv2/b4a/N/xyf0mhunc0e+u3OY6v5twjiPOwEU/aAPMEMaILVzLa87UY5uA2o8+jTFq5l
XI0arnk0C71XGj23hSxuij4U+RJa3rqcqLiLoQaGtrMnV73nghFOl8MV58y64MwQW/qwGPkwqDZ9YCY4ddrZ7MXkA4wraq4R
6SrRKcp4w9ws9ub+1a90pxyf0mhunc0e+u3OY6v5twjjPOwEU/aAPMEPboLVzLa87UY5uA2o8+jTFq5l
dSHjtni4Vej5ablPDnLlHj4U+RJa3rqcqLiLoQaGtrMnV73nghFOl8MV58y74MwQW/qwGPkzrjZ9YCY4ddrZ7MXkA4wraq4R
ZlbrEGhr8YWfL9nwp7jkXByf0mhunc0e+u3OY6v5twjkPOwEU/aAPMEMaoLUzLa87UY5uA2o8+jTFq5l
IRGAtF67ks9ReHylVvh5BD4U+RJa3rqcqLiLoQaGtrMnV73nghFOl8MV58y84MwQW/qwGPkwqjZ8YCY4ddrZ7MXkA4wraq4R
I6E+QWVHey3Oalb4DQXjMxyf0mhunc0e+u3OY6v5twjmPOwEU/aAPMENaYLUzLa87UY5uA2o8+jTFq5l
8KVHswy4Y3N33e+dA0gM+z4U+RJa3rqcqLiLoQaGtrMnV73nghFOl8MV58y+4MwQW/qwGPkxqTZ8YCY4ddrZ7MXkA4wraq4R
gegkR+cdrohPMeaz/DaDj/nop4pOlK03SnAn0U5/w0QiG/Yu8fUDk3dTCbuzz9xQH3BfKwofLPOH75gPiGs3Myv7qCPLw7AfHRBUOoAzTvq7oU7Y/gkMaOsykAApnCuOj2hG4OWymRT1rKMUe0KuKQ==
4Iwx84JJX4nsaiQwd9wee9G70I+EsA6KxURPr7Y22NeMyQs5SvgaglyK33QIqlWTy9wLnm76KQzp1uHKG54nbK4b
jZSX7y/M/yGhWwMqrWbWPhyf0mhunc0e+u3OY6v5twjmPOwEU/aAPMEFaYLXz7a+7UY5uA2o8+jTFq5l
uYQh/BnfJLXMmRF2xpTK/z4U+RJa3rqcqLiLoQaGtrMnV73nghFOl8MV58y+4MwQW/qwGPk5qTZ/YyY6ddrZ7MXkA4wraq4R
oyofeb1exRCZzyS6RbEO1V3jciGnl64XbCeC8bFQfgT1wBmjv4pTqFl1fMLhEQxgrtrfgGBuqJ3ou3ckmVS3DT/kO+s4uRlRrmqR31NRe2MxR18Je64O
MHX2XPqaIkF0oUmPBx3x2xyf0mhunc0e+u3OY6v5twjjPOwEU/aAPMEEaILXz7a+7UY5uA2o8+jTFq5l
s8jUOl3SXlGav2algs5NpD4U+RJa3rqcqLiLoQaGtrMnV73nghFOl8MV58y74MwQW/qwGPk4qDZ/YyY6ddrZ7MXkA4wraq4R
GScHvwU1Z78LE7VK3zeqUNwQhTciQTjkAUEZ/O2HsN/fO7oyNVHlYE1Pd9/JxQG0eg==
rnfiJbW5R15j3EwfVZPx7DT2+FW7pmre2fVRTaACL1wk9Ctly7Qv0xp/da84uqf1TzCHC6X369ELtHA=
tgZTefeCYAv5cNnFmnWCz4YgOMJxdxrhIlhu8h+NTGC7inBoGUevRpkR5kiXqlicJZTD/MsGtHM=
9aSh/TfXGswLC9qVza/2x+3Gqw31jDM+uon+BXMQWs7wtWUvJQdpky/bDlCkP+wtk6yVAxsnDAn68zVKXpu4hRL0S6VrNI+T+n9Vb1g6xzVvMGdLRXdLEWu0EA==
zZte0kiKjsBS4u/NQv5ZR8i/MAxwmZ2oNBJexavzaz+nzwE7IEyqB+Ixndy7H3Uf4lW0M3sWsCPWGbyExTnljAEPVJ/7M5aCiemhQEmXK0+lDWW0Hg==
