MIWkqTOH1J/NVdJGAOsFV3Lt00Ti+WJLfNiqnyd8KDTi695p8zoCfd26qohaVElYhL3sclDta739xwDRYr1WJJnRUdzVtxdYN0xCUvTAfSB1fz9/URVptBI=
4Io3Ck2yY0+GxHVEqwn/cd/4242Yog+Y1FQMv6lj2N23iAxpRuYQl1yK33QIqlWUz9wKn27zKgzo1uHKG54ncLQJ
CNEkLK4rh6AeRU307MkwHikfg7d6/hliED4MWyvL4NAOT3mBjHjJ3trEDWZhzSvPnMIvDOgyxRlOVJwEDgtaxKge0fI7hjd4tAE=
Yr/mC/zs7+JTWaB3qbnsuPvc+OzSru1DATvK+KpkW0/IybLPeNH/yNpozXGuLXB3jYe0YrUAGpbp4+ZDXWFMgPsq8MjZJ64mWLJm4dZKWHxlNENcC2a0Ew==
t+eYW3ppxcHb9QL8mm7Z4ikfg7d6/hliED4MWyvL4NAOT3mBjHjJ3trEDWZhzSvPnMIvDOgyxRxOVJ8EDgtaxKge0fI7hjd4tAE=
PS2oyMjI373ZmT98m1/PWoijJQ0rmayiLR4zgaXkKnuwxFs6KnCqB+Aylcb4H3gY+1OjentTpz32CbqExTnljAEPUZ77MZWCgOihQEmXK0+lDWW0Hg==
BlFHhDcq/Hk++FH8Wcjtr28imwDv+ezFov3cY1E67djdi0wvdfSHT72V60mPAxDA1pCQEyV7BPYtjJoSYX92t+UN7CSTlgCcge5uYpNuNtUuZjiYTUhzSBNqtBc=
t+eYW3ppxcHb9QL8mm7Z4ikfg7d6/hliED4MWyvL4NAOT3mBjHjJ3trEDWZhzSvPnMIvDOgyxRxOVJ8EDgtaxKge0fI7hjd4tAE=
UdNtXpqowWp8TxcQiFW5bquZoLHl5s1mQxvW/LBIKQCGhefZcsiql/otg2GsHj5tjYe0YrUAGpbp8OlHR2FMgPsq8MjZIq4mW7Jm4dZKWHxlNENcC2a0Ew==
ZewulOxGQdaJUvCKeeZtECnvNpk+ruIkqJ4/Mb+WhkImH0rR1ZzAXQlr8McgG9oZmoxHVB0YaJuKsJmHaTqxh9YaABewlO9d10RDW7s+kaUXCjIMCxCDU1lnRxlvtBQ=
touPTbDD4vmWgLTMJZoY4ykfg7d6/hliED4MWyvL4NAOT3mBjHjJ3trEDWZhzSvPnMIvDOgyxR1OVJ8EDgtaxKge0fI7hjd4tAE=
ub+BYa6CbCWonAIfCbSC76uaoLHl5s1mQxvW/LBIKQCGhefZcsiql/otg2GsHj5tjYe0YrUAGpbp8OlHR2FMgPsq8MjZI64mW7Jm4dZKWHxlNENcC2a0Ew==
KkHBR9IGDT5kmpBQNTZnZinvNpk+ruIkqJ4/Mb+WhkImH0rR1ZzAXQpr8McgG9oZmoxHVB0YaJuKsJmHaTqxh9YaABewlO9d10RDW7o+kaUXCjIMCxCDU1lnRxlvtBQ=
touPTbDD4vmWgLTMJZoY4ykfg7d6/hliED4MWyvL4NAOT3mBjHjJ3trEDWZhzSvPnMIvDOgyxR1OVJ8EDgtaxKge0fI7hjd4tAE=
EaQrz30ikWjAvD3qPoxqv6uboLHl5s1mQxvW/LBIKQCGhefZcsiql/otg2GsHj5tjYe0YrUAGpbp8OlHR2FMgPsq8MjZI64mW7Jm4dZKWHxlNENcC2a0Ew==
UAkS0Oozdkb7gtUlYyQBxinvNpk+ruIkqJ4/Mb+WhkImH0rR1ZzAXQtr8McgG9oZmoxHVB0YaJuKsJmHaTqxh9YaABewlO9d10RDW7o+kaUXCjIMCxCDU1lnRxlvtBQ=
QjhQ1nYGuiwzBjKYDKKgeTYlibQOCVd9ipTqQ5IBk2W0Il6ZxctEBg2cmgJBnDkDH51stPMmwOyh+Wtysh72ZU72uAit+DO4M3q0Bw==
g+T3KCW8yJ/hkJrvry8haA7jr8tbc3nVx2lCrPVdLx97VSPJ3Mb+JV2/1IqFGBqe+QjJb7c5DEirkhCgabArrsrKxkmmkpg0tQwjtDt+tBs=
b+I4dJXvrK6bZgOs1PJIdvWr+BUMY8LMziEumcimy1/wX4zNzN9WXkN2rtPOQD0f5bo9H2FlwMXstBNV01RnI3b63RzzmraEt3Bfmx1XowFjtBg=
1X5RgIR4PHd5f3KvgTv8fvKr+BUMY8LOziEumcimy1/wX4zNzN9WXkN2rtPOQD0f5bo9H2FlwMXstBNV01RnI3L63RzzmraEt3Bfmx1XowFjtBg=
DjFdQWLFpj0WD66fIs7BqvOr+BUMY8LPziEumcimy1/wX4zNzN9WXkN2rtPOQD0f5bo9H2FlwMXstBNV01RnI3T53RzzmraEt3Bfmx1XowFjtBg=
St3JiMPZxjRsemleBiFMZikFhbdm5hhiED4MWyvL4NAOT3mBjHjJ3trEDWZhzSvPnMIvDOgyxRxLVJEEDgtaxKge0fI7hjd4tAE=
bPrGEttddiFvfS4mjN8xTgiDopQaanuHmHFSp8hJf0BQFm3FxvSwP12/1IqFGBqe+RvGa605DEirkhCgaborrsXKxkmmkpg0tQwjtDt+tBs=
149CU70YjhuWkZ6wv8EFOSgFhbdm5hhiED4MWyvL4NAOT3mBjHjJ3trEDWZhzSvPnMIvDOgyxRlLVJEEDgtaxKge0fI7hjd4tAE=
pGzjYYdBgMUkgq1dX1tPzgiDopQaanuHmHFSp8hJf0FQFm3FxvSwP12/1IqFGBqe+RvGa605DEirkhCgab8rrsXKxkmmkpg0tQwjtDt+tBs=
xQxWbIvNFg/vQw6GpO1CASsFhbdm5hhiED4MWyvL4NAOT3mBjHjJ3trEDWZhzSvPnMIvDOgyxRdLVJEEDgtaxKge0fI7hjd4tAE=
WqD1fwLWS8RwVYpxcw0J3giDopQaanuHmHFSp8hJf0JQFm3FxvSwP12/1IqFGBqe+RvGa605DEirkhCgabErrsXKxkmmkpg0tQwjtDt+tBs=
wKc9oWAGUO2lf6WSJBP8GCoFhbdm5hhiED4MWyvL4NAOT3mBjHjJ3trEDWZhzSvPnMIvDOgyxRxKVJEEDgtaxKge0fI7hjd4tAE=
+89dvHhtlXHSDHk8MIYZIgiDopQaanuHmHFSp8hJf0NQFm3FxvSwP12/1IqFGBqe+RvGa605DEirkhCgaboqrsXKxkmmkpg0tQwjtDt+tBs=
ZJ19DWBQvHg6ub88aZRT9y0Fhbdm5hhiED4MWyvL4NAOT3mBjHjJ3trEDWZhzSvPnMIvDOgyxRtKVJEEDgtaxKge0fI7hjd4tAE=
0AY94hG+2BWyiEXZC0B4LgiDopQaanuHmHFSp8hJf0RQFm3FxvSwP12/1IqFGBqe+RvGa605DEirkhCgab0qrsXKxkmmkpg0tQwjtDt+tBs=
bqwfmtLVgvol2a2BE4JrSywFhbdm5hhiED4MWyvL4NAOT3mBjHjJ3trEDWZhzSvPnMIvDOgyxRlKVJEEDgtaxKge0fI7hjd4tAE=
4jluqlOugqji4S51HcRneQiDopQaanuHmHFSp8hJf0VQFm3FxvSwP12/1IqFGBqe+RvGa605DEirkhCgab8qrsXKxkmmkpg0tQwjtDt+tBs=
wuV7qidduop8i5x/c9sYWQ+ewy7QctQXm2e4PG6j4S089FFSWkiV6tFhsyP8LnegWH4dVo8YSUg+JwIoyPLJ3guKL3S0DQ==
FF527DuQNNsiwRarPvW/JE09y4BfsXEuGi5DFjGezuFAVXmBjHjJ3trEDXVuyTHPnMIvDOgyxRpPVJEEDgtaxKge0fI7hjd4tAE=
+9++s1xoKY3JwDA4HMGPhQ6ewy7QctQXm2e4PG6j4S089FFSWkiV6tFhsyP8LnegWH4dV48YSUg+JwIoyPLJ3guKL3S0DQ==
RdAwiokKR4nTTavxLj3Opk09y4BfsXEuGi5DFjGfzuFAVXmBjHjJ3trEDXVuyTHPnMIvDOgyxRtPVJEEDgtaxKge0fI7hjd4tAE=
HXtWQDkaRAWkET2xsF3Woykfg7V99BhiED4MWyvL4NAOT3mBjHjJ3trEDWZhzSvPnMIvDOgyxR5OVJEEDgtaxKge0fI7hjd4tAE=
wey9je/oEXg+zVKc6iLd6m3JlUViWNG4ijUMB8odVLff4q52x3S4GgBtqelsUPnG2tw9XY6h4ffcOn+kSFo1hs7M4eyuo4q8aCaBGluuB2C0GQ==
TMD92JsyTG4y1GU4RodR1lBEW0UZrMKmYWgu6tmeKn9Pf5ZozXNHR1vX2MzuE0Fd/KRxQlpYtboREROTfN4XEJgu/UqOCCmYfpfiWEhCaS5LWg9ktB0=
gn2z1sKkzrDL8bCbtWWECYLKJzMlI3RizSsmQyDenwi6g1gAbmfnWG4d36xNDziyq4eJSxFzbRUfOywXefDBF88bV9CQKDvd34mV0vCqqa1sod8sN2PcNG6qrAyDniDU0UboyswmFt0+Tngw3cDTAENCtD8=
0eysXzcs+eDDgQwM/c7+N9J4EyYSiivTPHl2Ta36SiC+/wXvthtaVVrVoYi0hlxxOX1SBuFD7koL7xio8EjtoSNffDgBCxj7n/LLQeQiaqCc4m+saJKF+Ug0UKSOq5rkqP4Rkrtmd1i0IQ==
wRyrU6rwByQwsGbahwzWgdJ4EyYSiijTPHl2Ta36SiC+/wXvthtaVVrVoYi0hlxxOX1SBuFD7koL7xio8EjtoCNffDgBCxj7n/LLQeQiaqCc4m+saJKF/080UKSOq5rkqP4Rkrtmd1i0IQ==
9Rh/6AR1AEYVcGZjl7AMQ0p6IHCJwnuDnwjZr54OohiqVzGtj5y3/96WlKrzDFN5Kz8GidzHOalizj1+ha1YVyMvNSYf7dY+mP/TKV7AR3SLdPtF23S/c+p/RUKrer6Un7D365W3G3FbtCA=
lxu2h7cQvDK3m0Fzd9/P5xyf0mhunc0e+u3OY6v5twjmPOwEU/aAPMEKboLczra17kY4uA2o8+jTCrR3
P/tWZkSWHBooHI5wXRenND4U+RJa3rqcqLiLoQaGtrMnV73nghFOl8MV58y+4MwQW/qwGPk2rjZ0YiYxdtrY7MXkA4wrdrQD
628jket+Yf9crv7vidoRaF3jciGnl64XbCeC8bFQfgT1wBmjv4pTqFl1fMLhEQxgrtrfgGBuqJ3ou3ckmVS3DT/kO+s3vhlar2qa3FNQe2MxR18JZ7Qc
divbYEkDnS7IZ/dHx8sEAmkAxr8OXA98z4/xDOMIz2n0JFnfzsdOWBqdzhNLqXdYRoxstPMmwOyh+25yvB72ZU72uAit+DO4M3q0Bw==
y6ujlIDayoAeUSHxyGLZeQRB/rNdLW+Xr8wj6VGuR+ans0hyqa0aeRaSVlsOUY/nv2Iaejxmx3g4ho3bCpDRMd5/suCIOrkGK7I/fLQF
nu98oFXBoB9/V9K1MeLVjWb73k3IpvBGOigKOtQOWk1eL4y8pOl3cjt64t8f6YvmMSlfa+Bqh6GK7DhCeezWrp7xzqNhKJ9k0SHpvH0nj9qv3yjyDHA14L0vZ595ZVG0Kg==
HH/iMKygJCKoLlaVrXop0iUMrjrWCUIXDQ6Magb2TITsokKC3M3YoxokQkUBws22pIfJBa2GF8VJc+ZmcZH8wN6aL6AQbli9mHuHhOnUJ61vJOvLIbgJM/6qSrzD0MsDgYdvaVe0LA==
8To9oq54rE6hH6C5oRZEFA2ewy7QctQXm2e4PG6j4S089FFSWkiV6tFhsyP8LnegWH4dW4oYRUk+JwIoyPLJ3guKL3S0DQ==
FzOf9IjP8gOUq2jcFikJUE09y4BfsXEuGi5DFjGczuFAVXmBjHjJ3trEDXVuyTHPnMIvDOgyxRdKVJ0FDgtaxKge0fI7hjd4tAE=
C+1qhvGf3dQKTtft9W3/TQyewy7QctQXm2e4PG6j4S089FFSWkiV6tFhsyP8LnegWH4dUIkYRUk+JwIoyPLJ3guKL3S0DQ==
XEWLrCZNE4VETleoFO1JLE09y4BfsXEuGi5DFjGdzuFAVXmBjHjJ3trEDXVuyTHPnMIvDOgyxRxJVJ0FDgtaxKge0fI7hjd4tAE=
b8SCAR1Zntjpj2HA0W/vECgfg7V99BhiED4MWyvL4NAOT3mBjHjJ3trEDWZhzSvPnMIvDOgyxRpJVJ0FDgtaxKge0fI7hjd4tAE=
1jUIrxlDmM56cma7PNZ6p23JlUViWNG4ijUMB8odVLff4652x3S4GgBtqelsUPnG2tw9XY6h4ffcOn+kSFo1gsnM7e2uo4q8aCaBGluuB2C0GQ==
KhQzsK4TcHou/7sM7fOerPqUF1lshJutLxQjgaXkKnqwxFk9IHGqB+Aylcb4H3gY+1OjentTpz32CbqExTnljAEPUpj7M5SCgOihQEmXK0+lDWW0Hg==
Q3Us+xBn/LxxlLDXIp3wNkp6IHCJwnvYyhLOpIQfjxicQgTs+v/WjZGNwLjyDFN5Kz8GidzHOalizj1+gK1YVyMvNSYf7dY+mP/TKV7AR3SLdPtF23S/c+V4RU+qer6Un7D365W3G3FbtCA=
C7vLca0CHdHIJH4vArJ780p6IHCJwniDnwjZr54OohiqVzGtj5yyxZ2Nif2TAwx5bmFb3MDWEq90xw8bwLZaZWpqNCYf7dY+mP/TKV7AR3SLdPtF23S/c+9/RU+qer6Un7D365W3G3FbtCA=
YKsZZdyPJkcB2lNPsOvOFtJ4EyYSii7TPHl2Ta36SiC+/wXvthtfVVrVoYi0hlxxOX1SBuFD7koL7xio8EjtoyNffDgBCxj7n/LLQeQiaqCc4m+saJKF+U80XaWOq5rkqP4Rkrtmd1i0IQ==
mFAkyFDIdqy4nya1qvunYOZ9eH0/wgfGkoSXmOBrAhDJ4ZDqOddGhFgHz9HDczRRGYmM8un8hpWtsAJ4Tt9b+LplPEFDg2tbRSQsEOHjKOOf6vupBAo62Nxav0TIOvVkzqytDS7DylxoBsG62w5HQLQ5
6jQlMWpu9qeu3dVrMq2hxByf0mhunc0e+u3OY6v5twjlPOwEU/aAPMEIa4LQz7a17kY4uA2o8+jTCrR3
irZ0uTpOROg+Wp1H1bTjZz4U+RJa3rqcqLiLoQaGtrMnV73nghFOl8MV58y94MwQW/qwGPk0qzZ4YyYxdtrY7MXkA4wrdrQD
O8AFL5sBhwgq+9CsxQaOW13jciGnl64XbCeC8bFQfgT1wBmjv4pTqFl1fMLhEQxgrtrfgGBuqJ3ou3cnmVS3DT/kO+s1uxlWrmqa3FNQe2MxR18JZ7Qc
bD+yPRNrLqfngmTXZQn+MOYoJypVIXMbPNIDQc60xFJVJLIuernisx3zWwRVmbVMUS9kmgtSRELQCDHA+ffbD5UtdbQO
nrGZbeHyLR/fjB5s646CGl3jciGnl64XbCeC8bFQfgT1wBmjv4pTqFl1fMLhEQxgrtrfgGBuqJ3ou3cnmVS3DT/kO+s2uhlWrmqa3FNQe2MxR18JZ7Qc
Ne5YyneF7HjPtvEb3z78y2kAxr8OXA98z4/xDOMIz2n0JFnfzsdOWBqdzhNLqXdYRYxstPMmwOyh9WpysB/2ZU72uAit+DO4M3q0Bw==
BHMNmgtbBsU/n6AJTKFhfRfSBF805acpZcOjroCyXorYzdyrBjQufeXiqe6Id/VN6UbTjTXDCr7V8Vg4cgqzKJTu3DUE6yv/TTSD9QOUFwNm+M3+wtpmZCfwrzttl3NhU7Qo
aaeqnQwmMm8pNW+89Vtzc9vOwqjEfX/y65BkrWXtr5PJCmIazB5STVY/lJzM2Y+yYypKP6eZA2a5mSfLCLrf4bIcECJh/N6uluHWQ0lbp6QJcYEchZcGWCcqkJKkoO2gxR+Pv2F1WbQi
k3qyFtIFGiGRJrdrcb2e0guewy7QctQXm2e4PG6j4S089FFSWkiV6tFhsyP8LnegWH4dW4sYSUk+JwIoyPLJ3guKL3S0DQ==
4lPQhBUV5/h9luE6dtybUk09y4BfsXEuGi5DFjGazuFAVXmBjHjJ3trEDXVuyTHPnMIvDOgyxRdLVJEFDgtaxKge0fI7hjd4tAE=
/UPIzNP2vrQbmp54uzJGVgqewy7QctQXm2e4PG6j4S089FFSWkiV6tFhsyP8LnegWH4dUYoYSUk+JwIoyPLJ3guKL3S0DQ==
C49eI8K3kuk8mqO2f+0okk09y4BfsXEuGi5DFjGbzuFAVXmBjHjJ3trEDXVuyTHPnMIvDOgyxR1KVJEFDgtaxKge0fI7hjd4tAE=
GVIup1YaRlRsPYmGu4ihqSsfg7V99BhiED4MWyvL4NAOT3mBjHjJ3trEDWZhzSvPnMIvDOgyxRhKVJEFDgtaxKge0fI7hjd4tAE=
vy859Gwti3knXzFMs+P33G3JlUViWNG4ijUMB8odVLff4K52x3S4GgBtqelsUPnG2tw9XY6h4ffcOn+kSFo1gMrM4e2uo4q8aCaBGluuB2C0GQ==
tn8WQ1/0TAomN3hxSZU8X+ufBFlthJutLxQjgaXkKnmwxFk9IHGqB+Aylcb4H3gY+1OjentTpz32CbqExTnljAEPUJn7P5SCgOihQEmXK0+lDWW0Hg==
+3DN1UyZyY7Vn8BNhoFk+Up6IHCJwnqDnwjZr54OohiqVzGtj5y0xZ2Nif2TAwx5bmFb3MDWEq90xw8bwLZaZWprNCYf7dY+mP/TKV7AR3SLdPtF23S/c+V/RUOqer6Un7D365W3G3FbtCA=
L5h01xOb3W5RvGGkgZRxQdJ4EyYSii/TPHl2Ta36SiC+/wXvthtZVVrVoYi0hlxxOX1SBuFD7koL7xio8EjtpSNffDgBCxj7n/LLQeQiaqCc4m+saJKF/E40UaWOq5rkqP4Rkrtmd1i0IQ==
eoFolaFLbCPKQUuJTXfu39J4EyYSii7TPHl2Ta36SiC+/wXvthtZVVrVoYi0hlxxOX1SBuFD7koL7xio8EjtpCNffDgBCxj7n/LLQeQiaqCc4m+saJKF+E40UaWOq5rkqP4Rkrtmd1i0IQ==
UlnoPsLQgVUXceHrA14EwuZ9eH0/wgDGkoSXmOBrAhDJ4ZDqOddAhFgHz9HDczRRGYmM8un8hpWtsAJ4Tt9b6bF2PEBDg2tbRSQsEOHjKOOf6vupBAo62Nxav0TIOvVny6ygDS7DylxoBsG62w5HQLQ5
mtUxqSPivRMfZT9Ga4V7/xyf0mhunc0e+u3OY6v5twjkPOwEU/aAPMELa4Lcz7a17kY4uA2o8+jTCrR3
jzeUTDANzH9YzMmd36cH8z4U+RJa3rqcqLiLoQaGtrMnV73nghFOl8MV58y84MwQW/qwGPk3qzZ0YyYxdtrY7MXkA4wrdrQD
45reOuLWhgOb70PvNos9CV3jciGnl64XbCeC8bFQfgT1wBmjv4pTqFl1fMLhEQxgrtrfgGBuqJ3ou3cmmVS3DT/kO+s2uxlarmqa3FNQe2MxR18JZ7Qc
VkT9KB9ONN0Vyde2k6lV17yrs5WPCeepieNzQP4STBsNnenJ8GsjPirgpL+LyDvalgLfahffkL7JoQIVJl4O94791yuPDgB2XKofFIgKFXfJvMA97hNqLOi2IWqbfmdQtCk=
h9DxFqd+EXDHJtUwNMq0JGKa2GKTp16BwrBFy7v/ORnXLmaAwJ2NF31XWAmfyPq64HFz+lf8tujrFB/djKi5m+Y7fgzCMU63g/VnrHzAzDCbmjD4uRCoFjSDplG2+tjMBYSDbGtWtCM=
HUdIClD2jDH6317mHl+4iGkAxr8OXA98z4/xDOMIz2n0JFnfzsdOWBqdzhNLqXdYRIxstPMmwOyh/GhyvB/2ZU72uAit+DO4M3q0Bw==
mwTuy5WIiVmfq1DsY1QtYOZ9eH0/wgDGkoSXmOBrAhDJ4ZDqOddAhFgHz9HDczRRGYmM8un8hpWtsAJ4Tt9b6bF2PEBDg2tbRSQsEOHjKOeW/fypBAo62Nxav0TIOvVmy6yoCi7DylxoBsG62w5HQLQ5
UIPmNZ+AW3IPCBdJ0KTf5OZ9eH0/wgadx56Ak/p6LxD/9KWrLLk2zAgBw9DiNggFVs3Yoai+l5i3hxNjW9wPyZ50PEFZhWlAVyQsEOHjKOOf6vupBAo62Nxav0TIOvVky6yoCi7DylxoBsG62w5HQLQ5
ZpZwYB4wtHR2y9uEMGFcfgmewy7QctQXm2e4PG6j4S089FFSWkiV6tFhsyP8LnegWH4dU4gYQk4+JwIoyPLJ3guKL3S0DQ==
l94D3unnyktEn9Z5Lww7m009y4BfsXEuGi5DFjGYzuFAVXmBjHjJ3trEDXVuyTHPnMIvDOgyxR9IVJoCDgtaxKge0fI7hjd4tAE=
AoAtTYmdny15hiBCNnivvQiewy7QctQXm2e4PG6j4S089FFSWkiV6tFhsyP8LnegWH4dUYgYQk4+JwIoyPLJ3guKL3S0DQ==
DgPDkW3A57WuMOI2qI6vNU09y4BfsXEuGi5DFjGZzuFAVXmBjHjJ3trEDXVuyTHPnMIvDOgyxR1IVJoCDgtaxKge0fI7hjd4tAE=
zWk9XNb4vy8/aOOuwKqAxUp6IHCJwnqDnwjZr54OohiqVzGtj5y1xZ2Nif2TAwx5bmFb3MDWEq90xw8bwLZaZWptNCYf7dY+mP/TKV7AR3SLdPtF23S/c+x/RUiter6Un7D365W3G3FbtCA=
QPnhuGSeUlOlFnNTuMDxLdJ4EyYSiijTPHl2Ta36SiC+/wXvthtYVVrVoYi0hlxxOX1SBuFD7koL7xio8EjtpyNffDgBCxj7n/LLQeQiaqCc4m+saJKF+080WqKOq5rkqP4Rkrtmd1i0IQ==
8zxg9310aRQIt7Xj5gwz59J4EyYSii7TPHl2Ta36SiC+/wXvthtYVVrVoYi0hlxxOX1SBuFD7koL7xio8EjtpiNffDgBCxj7n/LLQeQiaqCc4m+saJKF9080WqKOq5rkqP4Rkrtmd1i0IQ==
4WsFN+tP3l1GAKJnPTbvlByf0mhunc0e+u3OY6v5twjiPOwEU/aAPMEOaoLRyLa17kY4uA2o8+jTCrR3
xgWdO7PZp/vtZF02sx662D4U+RJa3rqcqLiLoQaGtrMnV73nghFOl8MV58y64MwQW/qwGPkyqjZ5ZCYxdtrY7MXkA4wrdrQD
0BIPS1LRy92wjRMVlRNGAF3jciGnl64XbCeC8bFQfgT1wBmjv4pTqFl1fMLhEQxgrtrfgGBuqJ3ou3cgmVS3DT/kO+szuhlXqWqa3FNQe2MxR18JZ7Qc
jWfF6Atm3jj16tAUf0eNmmkAxr8OXA98z4/xDOMIz2n0JFnfzsdOWBqdzhNLqXdYQoxstPMmwOyh+GpysRj2ZU72uAit+DO4M3q0Bw==
bxIXNBnWmSxs6tSDCvWuN7yrs5WPCeepieNxT/4STBsNnenJ8GsjPirgpL+LyDvalgLfahffkL7JoQIVJl4O94791yuPDgZ2XKofFIgKFXDJvM067hNqLOi2IWqbfmdQtCk=
oFAsFPZ9kK3/wzqTYW0mBWac2GKTp16BwrBFy7v/ORnVIWaAwJ2NF31XWAmfyPq64HFz+lf8tujrFB/djKi5m+Y7fgzCMU63g/VnrHrAzDCbmjD4uRaoFjmEplG2+tjMBYSDbGtWtCM=
+qZBce7HeaJ7se14k3z3Dweewy7QctQXm2e4PG6j4S089FFSWkiV6tFhsyP8LnegWH4dVIoYR04+JwIoyPLJ3guKL3S0DQ==
7JodZU8SM6c15s+n4y8KN009y4BfsXEuGi5DFjGWzuFAVXmBjHjJ3trEDXVuyTHPnMIvDOgyxRhKVJ8CDgtaxKge0fI7hjd4tAE=
mFJsDh/iPh7zrT9ojK4eYgaewy7QctQXm2e4PG6j4S089FFSWkiV6tFhsyP8LnegWH4dWooYR04+JwIoyPLJ3guKL3S0DQ==
x9/F4QP7UEgVMzw7jsHWtE09y4BfsXEuGi5DFjGXzuFAVXmBjHjJ3trEDXVuyTHPnMIvDOgyxRZKVJ8CDgtaxKge0fI7hjd4tAE=
QoraBSkdJ19wOguq9hePzwzF4c1AA2nU0XhUoOYEMAQYVSPJ3Mb+JV2/1IqFGBqe+QjJb7c5DEirkhCgabgorsvMxkmmkpg0tQwjtDt+tBs=
oFt2ewdVJUYdhHNtPjJD9PgwxGdKiWA0o7ItGjWntsHJREwOH8Din8R4yJ/toVE4PozNSDpPQPjTQ6t6c0OcUsrD4sQ9ib1sqX/bGHOBeyLYGBkAkUdTb00dbbQW
e4teqA8JpgbNh58EKZO8bCkdibd/8AdiED4MWyvL4NAOT3mBjHjJ3trEDWZhzSvPnMIvDOgyxRhIVJ8CDgtaxKge0fI7hjd4tAE=
TKqGhCjBkSN9KZB7LnrPj23JlUdoWtO8lTUMB8odVLff4qx8xXa8BQBtqelsUPnG2tw9XY6h4ffcOn+kSFo1gMjM7+quo4q8aCaBGluuB2C0GQ==
TFl7zsdBs5sA3To9iB8YSeLzo8be2KPJUW7YjtHLwlnC4x9ua0JY8IfczU4zVl9HM7eZlIq9gsFdpfd4RfVagV8DBAvA8sm1XLnfNAd7vGxecmzUM8ZATGHUblJzuHaFjpa46O2YsxhzWrQn
i7GXocDkhG7PkEQfyK7BW0p6IHCJwn+egEzIpIIZrwSbZja/qPqmmJaalOO3cENiOnFEmNHdDrh52z4qx6R9A3IbNiYf7dY+mP/TKV7AR3SLdPtF23S/c+l7RUyter6Un7D365W3G3FbtCA=
6F4gom/PKnbUn4l3klz5Ekp6IHCJwnqegEzIpIIZrwSbZja/qPqmmJaalOO3cENiOnFEmNHdDrh52z4qx6R9A3MbNiYf7dY+mP/TKV7AR3SLdPtF23S/c+p7RUyter6Un7D365W3G3FbtCA=
KAaT46HCrGtpAQgAZWepbF9Cv01iAHqKliC96Gx5r7lmxBoQqBz72YMOQ1ZNhfC52KKvhFdbKz8rgDcVXqiEGinZ0Zy3uJSMkX+Qfx92QzV0loJEPIYHGLhmTbkKcJZWXp/ygIga+aarEn9ctCU=
c3yhhtd12pWsCDDxxl+B4ikfg7d6/hliED4MWyvL4NAOT3mBjHjJ3trEDWZhzSvPnMIvDOgyxRlIVJ4CDgtaxKge0fI7hjd4tAE=
fRZIeZY6STUNvyHQfKrumIijJQ0rmayiLR4zgaXkKnuwxFs6KnCqB+Aylcb4H3gY+1OjentTpz32CbqExTnljAEPVJj7MJOCgOihQEmXK0+lDWW0Hg==
VqYUjOLSKE12h9oMc75H428imwDv+ezFov3cY1E67djdi0wvdfSHT72V60mPAxDA1pCQEyV7BPYtjJoSYX92t+UN7CSTlgCcgetoYpJoNtUuZjiYTUhzSBNqtBc=
cj+0o06QixDh6ayvvz6vWqIzOjsAbQgEJZAnCJK/yFgLM7N6a7PG/EqkWwRVmbVMUS9rmAtQQ0LQCDHA+ffbD5UtdbQO
SmsUiTEScXpYbA96Shq7Mxyf0mhunc0e+u3OY6v5twjjPOwEU/aAPMEIboLSyLa17kY4uA2o8+jTCrR3
0vSeN2pUrKN4w8Fg2EMynT4U+RJa3rqcqLiLoQaGtrMnV73nghFOl8MV58y74MwQW/qwGPk0rjZ6ZCYxdtrY7MXkA4wrdrQD
7YSqBbZxolHslsw1I+geLV3jciGnl64XbCeC8bFQfgT1wBmjv4pTqFl1fMLhEQxgrtrfgGBuqJ3ou3chmVS3DT/kO+s1vhlUqWqa3FNQe2MxR18JZ7Qc
TgtLopugmxfDEXXWnZR7yGkAxr8OXA98z4/xDOMIz2n0JFnfzsdOWBqdzhNLqXdYQ4xstPMmwOyh+W5yshj2ZU72uAit+DO4M3q0Bw==
qH3Ae0bVCsB/vQX+qgLM5Gb73k3IpvBGOigKOtUOWk1eL4y8pOl3cjt64t8f6YvmMSlfa+Bqh6GK7DhCeezWrp7xzqNhLZ9k0SHpvH0nhNuv1y/yDHA14L0vZ595ZVG0Kg==
aOij0oulNW+uzMrQQ27Lzi8HrjrWCUIXDQ6Magb2TITsokOC3M3YoxokQkUBws22pIfJBa2GF8VJc+ZmcZH8wN6aL6AQbli9mHuHgenUJ61vJOvLILoJO/mqSrzD0MsDgYdvaVe0LA==
L02wNv3Z1G5qbnno6UErWyQOrizDEEEZTEnRFBPzCsq04yKVgYqJ8VdSVwoGkZi3s4bEQK+GYMZQZeA/ZpnWjoudYqYUf1+x6jDT3PfUJ61vJOvLKbkJOvmqSrzD0MsDgYdvaVe0LA==
XmQsZCZnVn8W0aOWW55lpiQOrizDEEEZTEnRFBPzCsq04yKVgYqJ8VdSVwoGkZi3s4bEQK+GYMZQZeA/ZpnWjoudYqYUf1+x6jDT3PfUJ61vJOvLKbsJM/iqSrzD0MsDgYdvaVe0LA==
07/D0dTGOrBToPqapHuKLCQOrizDEEEZTEnRFBPzCsq04yKVgYqJ8VdSVwoGkZi3s4bEQK+GYMZQZeA/ZpnWjoudYqYUf1+x6jDT3PfUJ61vJOvLJbgJN/iqSrzD0MsDgYdvaVe0LA==
r/oinQEiDzNwqdccmIajygG6eflZZkzo9idUyIe7N/rvO0ps1jy/ZLHhSTydZ6PbzxqOcuwwFeDd78cfmSVxtAo=
x5M6yjJYAXERgCQT7+7/dCgdibd/8AdiED4MWyvL4NAOT3mBjHjJ3trEDWZhzSvPnMIvDOgyxRdLVJwDDgtaxKge0fI7hjd4tAE=
AH7LjjYjfFF9ZhQkT90aTG3JlUdoWtO8lTUMB8odVLff46x8xXa8BQBtqelsUPnG2tw9XY6h4ffcOn+kSFo1j8vM7Ouuo4q8aCaBGluuB2C0GQ==
vQ6+rAJEYvGCj+smctSrqyQOrizDEEEZTEnRFBPzCsq04yKVgYqJ8VdSVwoGkZi3s4bEQK+GYMZRZeA/ZpnWjoudYqYUf1+x6jDT3PfUJ61vJOvLJLgJNviqSrzD0MsDgYdvaVe0LA==
09YodednbXMm4UnlziBs9wC6eflZZkzo9idUyIe7N/rvO0ps1jy/ZLHhSTydZ6XazxmOcuwwFeDd78cfmSVxtAo=
77DiJ64W/KwJEfozCwPYwV9Cv01iAHqKliC96Gx5r7lmxBoQqBz72YMOQ1ZNhfC52KKvhFdbKz8rgDcVXqiEGinZ0Zy3uJSMkX+QexZhRDV0loJEPIYHGLhmTb4KcJdXXp/ygIga+aarEn9ctCU=
nUHxWWutsur9F8oxVHP28hAXZoySv/fVc/BMaHfYwAtyENF3cTqp9xy0cJAJ1Adtz6QLC0W6KXVYKip8I9Drw+EHjyl3tAw=
9tRIYEVctbl7E4jm3qNwefaLvQ4NLLndlWI5kNmhzVqpQJeuzN9WXkN2rtPOQD0f5bo9H2FlwMXstBNV01RnI3b/3R30mraEt3Bfmx1XowFjtBg=
Q25f05vnWNcl1abTaKeGFhjl3lCs2pJee3FIf4pQOFlQcsfv/qQkMSxt8s4Rm9v8Ym8aaPsut+jW5zRIJ/vX+o/76OI+a45k0SHpvH0nhN+v2S7yDHA14L0vZ595ZVG0Kg==
ayrvz3cOeMeraekeXYXWpA3F4c1AA2nU0XhUoOYEMAQYVSPJ3Mb+JV2/1IqFGBqe+QjJb7c5DEirkhCgab0vrsvNxkmmkpg0tQwjtDt+tBs=
C4du9eV8zxaM9MAriCQZDPgwxGdKiWA0o7ItGjWntsHJREwOH8Djn8R4yJ/toVE4PozNSDpPQPjTQ6t6c0OcUsrD4sQ9ib1sqX/eH3OBeiLYGBkAkUdTb00dbbQW
Zf0l5NC8yPj70ERTlwP9bF9Cv01iAHqKliC96Gx4r7lmxBoQqBz72YMOQ1ZNhfC52KKvhFdbKz8rgDcVXqiEGinZ0Zy3uJSMkX+Qfx92QzV0loJEPIYHGLhmTb0OcJdXXp/ygIga+aarEn9ctCU=
2ecVG8evTFXGDPc1kdmF/isdibd/8AdiED4MWyvL4NAOT3mBjHjJ3trEDWZhzSvPnMIvDOgyxR5LVJ4DDgtaxKge0fI7hjd4tAE=
jldtGO7bnaH/Dy0RD9r1QG3JlUdoWtO8lTUMB8odVLff4Kx8xXa8BQBtqelsUPnG2tw9XY6h4ffcOn+kSFo1hsvM7uuuo4q8aCaBGluuB2C0GQ==
5yfWrDmYfdNQ8TRYJassQuvzo8be2OmLGzLJmdbuhwHEwx9oZVZYtpza1UI2bCgIKOOJi8m6gsNKsvZbILNZj21TURXA8sm1XLnfNAd7vGxecmzUM8ZATGHfaFJyuXaFjpa46O2YsxhzWrQn
iFe7w5fh2DBET52CGyS3/gO6eflZZkzo9idUyIe7N/rvO0ps1jy/ZLHhSTydZ6DYzxaOcuwwFeDd78cfmSVxtAo=
4vi9yIqtYXRQtAoBndg3xF9Cv01iAHqKliC96Gx4r7lmxBoQqBz72YMOQ1ZNhfC52KKvhFdbKz8rgDcVXqiEGinZ0Zy3uJSMkX+QexZhRDV0loJEPIYHGLhmTb0IcJhXXp/ygIga+aarEn9ctCU=
eAhgepg0yThng4FIoB2EzxEXZoySv/fVc/BMaHfYwAtyENF3cTqp9xy0cJAJ1Adtz6QLC0a4KXpYKip8I9Drw+EHjyl3tAw=
8Jq12WUSvCazouq0cLKWjkp6IHCJwnqegEzIpIIZrwSbZja/qPqmmJaalOO3cENiOnFEmNHdDrh52z4qx6R9A3MbNiYf7dY+nPbELl7AR3SLdPtF23S/c+V4RUKser6Un7D365W3G3FbtCA=
vPfjMs0U7deGlyqz6I/VTUp6IHCJwn+egEzIpIIZrwSbZja/qPqmmJaalOO3cENiOnFEmNHdDrh52z4qx6R9A3IbNiYf7dY+nPbELl7AR3SLdPtF23S/c+R4RUKser6Un7D365W3G3FbtCA=
SO7ylAIEOjBsSg5RdfuFt+Lzo8be2KPJUW7YjtHLwlnC4x9ua0JY8IfczU4zVl9HM7eZlIq9gsFdpfd4RfVagV8DBAvA8sm1XL3WIwB7vGxecmzUM8ZATGHVaFJ8uXaFjpa46O2YsxhzWrQn
cl7qNxotAMfl8Ve2mkgYaQSidflAcFPo9idUyIe7N/rvO0ps1jy/ZLHhSTydZ67YzxaOcuwwFeDd78cfmSVxtAo=
MoaqXZU29ldS5jR6DOFfkcTs/Ehaj+B4MwOLelOD/txilBPEHUkd7Mm/+h+TztqiuNh5ALEHs+/t3Q20dg==
eoP3mVeuoWg2yi8Jk/0aYcXs/Ehaj+B4MwOLelOD/txilBPEHUkd7Mm/+h+TztqiuNh5ALEHs+/t3Q20dg==
JakrK9BkQ7XHaEjmPuGAmS8Fhbdm5hhiED4MWyvL4NAOT3mBjHjJ3trEDWZhzSvPnMIvDOgyxRpPVJADDgtaxKge0fI7hjd4tAE=
Po9uysSmPYED6N5obwvKZAiDopQaanuHmHFSp8hJf0ZQFm3FxvSwP12/1IqFGBqe+RvGa605DEirkhCgabwvrsTNxkmmkpg0tQwjtDt+tBs=
WX6/W5krzES5pBGnCJ/fLhBSS7XdgKOGIK9KZleW2gtyENF3cTqp9w21fJ0Y1Adtz6QLC0e/KXpYKip8I9Drw+EHjyl3tAw=
YSa0Vrblm4Mu6EpTioIHqXoBue9EE+bxVMt0c3R1aqA6eHyj5mAl7/26JW9qSuwvpHTbBTv037MLf2WCDPoeVP+wF6v1N7sxe7QA
PLBkrvM/LujrZTg2tFOtAxFSS7XdgKOGIK9KZleW2gtyENF3cTqp9w21fJ0Y1Adtz6QLC0G+KXpYKip8I9Drw+EHjyl3tAw=
52/4eu3TXkjlJuTgu2FMxnoBue9EE+bxVMt0c3R0aqA6eHyj5mAl7/26JW9qSuwvpHTbBTv037MNfmWCDPoeVP+wF6v1N7sxe7QA
nbsqtp14Fbl+p+4dXzhUmQ7F4c1AA2nU0XhUoOYEMAQYVSPJ3Mb+JV2/1IqFGBqe+QjJb7c5DEirkhCgab8ursTNxkmmkpg0tQwjtDt+tBs=
8V5NATc3Lo8+M+HZXAq4EfgwxGdKiWA0o7ItGjWntsHJREwOH8Dgn8R4yJ/toVE4PozNSDpPQPjTQ6t6c0OcUsrD4sQ9ib1sqX/cHnOOeiLYGBkAkUdTb00dbbQW
ONW1FpPZ74ovzhy0WPdWwiodibd/8AdiED4MWyvL4NAOT3mBjHjJ3trEDWZhzSvPnMIvDOgyxR9LVJkGDgpaxKge0fI7hjd4tAE=
5eXMPeuzX0rGjtAnMr3sbm3JlUdoWtO8lTUMB8odVLff4ax8xXa8BQBtqelsUPnG2tw9XY6h4ffcOn+kSFo1h8vM6e6uooq8aCaBGluuB2C0GQ==
WcGNpfIf54AOjg/zi+IQg+Lzo8be2KnKUW7YjtHLwlnC4x9ua0JY84fczU4zVl9HM7eZlIq9gsFdpfd4RfVagV8DBAvA8sm1XLnfNAd7vGxecmzUM8ZATGHcalJ1vHaEjpa46O2YsxhzWrQn
p971BcpV+gdJ3kFll2qGYF9Cv01iAHqKliC96Gx7r7lmxBoQqBz72YMOQ1ZNhfa62KKvhFdbKz8rgDcVXqiEGSnZ0Zy3uJSMkX+Qfx92QzV0loJEPIYHGLhmTb8KcJFSXp7ygIga+aarEn9ctCU=
WHOWYQTk10QFs0gqFGatmOLzo8be2KqMGzDejtfN4kXFxy09OzU7lc/QzQd2N1AYM/LHyd+hk+pbs/5KILdBg21KRwrA8sm1XLnfNAd7vGxecmzUM8ZATGHValJ1vHaEjpa46O2YsxhzWrQn
52PhmEnoVbvp6B1DaS9t1+Lzo8be2KqMGzDejtfN4kXFxy09OjU7lc/QzQdwN1AYM/LHyd+hk+pbs/5KILdBg21KRwrA8sm1XLnfNAd7vGxecmzUM8ZATGHYaVJ1vHaEjpa46O2YsxhzWrQn
ycXlRJdO/LQ2GUu0O7kRGByf0mhunc0e+u3OY6v5twjjPOwEU/aAPMEIaILVzLa07kY4uA2o8+jTCrR3
btaiEZ4jUllgoujo1qQIij4U+RJa3rqcqLiLoQaGtrMnV73nghFOl8MV58y74MwQW/qwGPk0qDZ9YCYwdtrY7MXkA4wrdrQD
PklwFmnRlqtm+ys4Swq5W13jciGnl64XbCeC8bFQfgT1wBmjv4pTqFl1fMLhEQxgrtrfgGBuqJ3ou3chmVS3DT/kO+s1uBlTrWqb3FNQe2MxR18JZ7Qc
3/BWtq0h3viHFJe4NPXRguvzo8be2OmLGzLJmdbuhwHEwx9oZVZYtpza1UI2bCgIKOOJi8m6gsNKsvZbILJZj21TURXA8sm1XLnfNAd7vGxecmzUM8ZATGHealJ3vHaEjpa46O2YsxhzWrQn
zTEz0O+2xodbn0FsM8xvd19Cv01iAHqKliC96Gx7r7lmxBoQqBz72YMOQ1ZNhfa62KKvhFdbKz8rgDcVXqiEGSnZ0Zy3uJSMkX+QexZhRDV0loJEPIYHGLhmTb0PcJRSXp7ygIga+aarEn9ctCU=
4P3p8cCceozzx+F/MZbCDxIXZoySv/fVc/BMaHfYwAtyENF3cTqp9xy0cJAJ1Adtz6QLC0a/KXZdKit8I9Drw+EHjyl3tAw=
n56iLX94MITeT6PmwJ3yIAK6eflZZkzo9idUyIe7N/rvO0ps1jy/ZLHhSTydZ6DfzxqLcu0wFeDd78cfmSVxtAo=
1BN5EuKG+Tn3MSnbaS0BOw/F4c1AA2nU0XhUoOYEMAQYVSPJ3Mb+JV2/1IqFGBqe+QjJb7c5DEirkhCgabwursjIxkimkpg0tQwjtDt+tBs=
Sgvb0UR1zkKdPUMTczwJgvgwxGdKiWA0o7ItGjWntsHJREwOH8Dhn8R4yJ/toVE4PozNSDpPQPjTQ6t6c0OcUsrD4sQ9ib1sqX/fHnOCfyLZGBkAkUdTb00dbbQW
2UJ/RHWmsb1/ei1Eo2go+C0dibd/8AdiED4MWyvL4NAOT3mBjHjJ3trEDWZhzSvPnMIvDOgyxRZOVJwGDgpaxKge0fI7hjd4tAE=
ZyB1Vr9YWhBSFYWkoTnZkG3JlUdoWtO8lTUMB8odVLff5qx8xXa8BQBtqelsUPnG2tw9XY6h4ffcOn+kSFo1js7M7O6uooq8aCaBGluuB2C0GQ==
bdTDQOkLvmf7wq9BbeEqAeVEncJnCC4ZnXRscmgIYoc5dArykmBJTGNVEQ41JinP9bH4lZDvUgupBdmmsqJybv4qf4vx6qm1kHJePxVlGJhxuF1ErSntrFlfzBtjYU9iifiJgOHno68dfV20Jg==
rBubJreK0qpw75s41gigAevzo8be2OmLGzLJmdbuhwHEwx9oZVZYtpza1UI2bCgIKOOJi8m6gsNKsvZbILVZj21TURXA8sm1XLnfNAd7vGxecmzUM8ZATGHcaFJzvHaEjpa46O2YsxhzWrQn
jirk1W/AllzYwmEJM/LAVePzo8be2KLJUW7YjtHLwlnC4x9ua0JY9YfczU4zVl9HM7eZlIu9gsFdpfd4RfVagV8DAQvA8sm1XLnfNAd7vGxecmzUM8ZATGHUalJ1vXaEjpa46O2YsxhzWrQn
5oOsomLmMVZSPpaz5qMoEOPzo8be2KLJUW7YjtHLwlnC4x9ua0JY9YfczU4zVl9HM7eZlIu9gsFdpfd4RfVagV8DAQvA8sm1XL3WIwB7vGxecmzUM8ZATGHdaVJ1vXaEjpa46O2YsxhzWrQn
BVJ/fPyYq/vQ1NPDUg1nWUp6IHCJwn+DnwjZr54OohiqVzGtj5y2xZ2Nif2TAwx5bmFb3cDWEq90xw8bwLZaZWppNCYf7dY+mP/TKV7AR3SLdPtF23S/c+p5RUuoer+Un7D365W3G3FbtCA=
ACFOqovB/vyXy1AKQ8D+h0p6IHCJwnmDnwjZr54OohiqVzGtj5y2xZ2Nif2TAwx5bmFb3cDWEq90xw8bwLZaZWprNCYf7dY+mP/TKV7AR3SLdPtF23S/c+94RUuoer+Un7D365W3G3FbtCA=
2DC3DRBve6wD9QSApZVDyUp6IHCJwn6DnwjZr54OohiqVzGtj5y2xZ2Nif2TAwx5bmFb3cDWEq90xw8bwLZaZWpqNCYf7dY+mP/TKV7AR3SLdPtF23S/c+t4RUuoer+Un7D365W3G3FbtCA=
MnBcTeT30BCBxboXtGLrWkp6IHCJwniDnwjZr54OohiqVzGtj5y2xZ2Nif2TAwx5bmFb3cDWEq90xw8bwLZaZWpsNCYf7dY+mP/TKV7AR3SLdPtF23S/c+5/RUuoer+Un7D365W3G3FbtCA=
ZaTR5mxg/gOOcu5/Hu/ZAByf0mhunc0e+u3OY6v5twjmPOwEU/aAPMELboLVzba07kY4uA2o8+jTCrR3
msrH00Rl+1H5194phxD6WD4U+RJa3rqcqLiLoQaGtrMnV73nghFOl8MV58y+4MwQW/qwGPk3rjZ9YSYwdtrY7MXkA4wrdrQD
YyuOC2GndZT9j3OLV3EOl13jcyGnl64XbCeC8bFQfgT1wBmjv4pTqFl1fMLhEQxgrtrfgGBuqJ3ou3ckmVS3DT/kO+s2vhlTrGqb3FNQe2MxR18JZ7Qc
SfO+sfyQs4oQrIXtRxYq0eYoJypVIXMbPNIDQc60xFJVJLIuernisx3wWwRVmbVMUS9hmwtWRkLRCDHA+ffbD5UtdbQO
+n1iYMX+xLF0rJm3IJRz0l3jcyGnl64XbCeC8bFQfgT1wBmjv4pTqFl1fMLhEQxgrtrfgGBuqJ3ou3ckmVS3DT/kO+szuxlSrGqb3FNQe2MxR18JZ7Qc
zfh5QqaXbWFbwcTV7dV6imkAxr8OXA98z4/xDOMIz2n0JFnfzsdOWBqdzhNLqXdYRoxstPMmwOyh+GtytB32ZE72uAit+DO4M3q0Bw==
pHyLBsiIkMXnZFGjJvSIFtvOwqjEfX/y65BkrWXtr5PDCWIazR5STVY/lJzM2Y+yYypKP6eZA2a5mSfLCLrf4bIcECJh/N6uluHWQ0lYp6QJcYEchZcKWicukpKloO2gxR+Pv2F1WbQi
PVJFawS/yjEFAJ9oDv/XFdvIwajEfX/y65BkrWXtr5PDCWIazR5STVY/lJzM2Y+yYypKP6eZA2a5mSfLCLrf4bIcECJh/N6uluHWQ0lYp6QJcYEchZcPWScukpKloO2gxR+Pv2F1WbQi
XlJQ2uy6ldlA8rTpoNsnOByf0mhunc0e+u3OY6v5twjkPOwEU/aAPMEPaYLUzba07kY4uA2o8+jTCrR3
yQCyQVntLf0l8+JMjn5IHz4U+RJa3rqcqLiLoQaGtrMnV73nghFOl8MV58y84MwQW/qwGPkzqTZ8YSYwdtrY7MXkA4wrdrQD
fHR9Gx2/h5YvmvuDO4ti2F3jcyGnl64XbCeC8bFQfgT1wBmjv4pTqFl1fMLhEQxgrtrfgGBuqJ3ou3cmmVS3DT/kO+syuRlSrGqb3FNQe2MxR18JZ7Qc
W0A4CXZnQo2nkJTBRsCz1NfOwajEfX/y65BkrWXtr5PECWIazR5STVY/lJzM2Y+yYypKP6eZA2a5mSfLCLrf4bIcECJh/N6uluHWQ0lap6QJcYEchZcJWCcukpKloO2gxR+Pv2F1WbQi
PNkKrhCGTFSvaFJPJCfFndvIwajEfX/y65BkrWXtr5PECWIazR5STVY/lJzM2Y+yYypKP6eZA2a5mSfLCLrf4bIcECJh/N6uluHWQ0lap6QJcYEchZcOXycukpKloO2gxR+Pv2F1WbQi
CAP4eMI0SfA/gLmpq8U8z2kAxr8OXA98z4/xDOMIz2n0JFnfzsdOWBqdzhNLqXdYRIxstPMmwOyh/W9ytB32ZE72uAit+DO4M3q0Bw==
fri6OxPHWDdJxxh6U1DLdxyf0mhunc0e+u3OY6v5twjlPOwEU/aAPMEIb4LUzba07kY4uA2o8+jTCrR3
Cy+ce9NWa97HGQ1B5IMz9T4U+RJa3rqcqLiLoQaGtrMnV73nghFOl8MV58y94MwQW/qwGPk0rzZ8YSYwdtrY7MXkA4wrdrQD
prV5s+zA+/ssZuD3Bg+KUF3jcyGnl64XbCeC8bFQfgT1wBmjv4pTqFl1fMLhEQxgrtrfgGBuqJ3ou3cnmVS3DT/kO+s1vxlSrGqb3FNQe2MxR18JZ7Qc
y6J/k3NrTfhThTBSKgQnp2kAxr8OXA98z4/xDOMIz2n0JFnfzsdOWBqdzhNLqXdYRYxstPMmwOyh+W9ytB32ZE72uAit+DO4M3q0Bw==
Y5CKUWSe1jqv04jHYzgXStvOwqjEfX/y65BkrWXtr5PFCWIazR5STVY/lJzM2Y+yYypKP6eZA2a5mSfLCLrf4bIcECJh/N6uluHWQ0lbp6QJcYEchZcKXicukpKloO2gxR+Pv2F1WbQi
7/CDEsVvGTprgBnla3mc+NvIwajEfX/y65BkrWXtr5PFCWIazR5STVY/lJzM2Y+yYypKP6eZA2a5mSfLCLrf4bIcECJh/N6uluHWQ0lbp6QJcYEchZcPWyctkpKloO2gxR+Pv2F1WbQi
wcLA0BkK1VdG32d+V5m4dByf0mhunc0e+u3OY6v5twjjPOwEU/aAPMEOa4LXzba07kY4uA2o8+jTCrR3
PdacrH8b5wymvHvvCgul+D4U+RJa3rqcqLiLoQaGtrMnV73nghFOl8MV58y74MwQW/qwGPkyqzZ/YSYwdtrY7MXkA4wrdrQD
ciiNVE1xJsjrzn8WIpVN6V3jcyGnl64XbCeC8bFQfgT1wBmjv4pTqFl1fMLhEQxgrtrfgGBuqJ3ou3chmVS3DT/kO+szuxlRrGqb3FNQe2MxR18JZ7Qc
IEhK61NEQrGPY3HsKWrmL2kAxr8OXA98z4/xDOMIz2n0JFnfzsdOWBqdzhNLqXdYQ4xstPMmwOyh+Gtytx32ZE72uAit+DO4M3q0Bw==
det28psb36zcObtDazc7y9HFwqjEfX/y65BkrWXtr5PIDGEazR5STVY/lJzM2Y+yYypKP6eZA2a5mSfLCLrf4bIcECJh/N6uluHWQ0ldp6QJcYEchZcOWictkpKloO2gxR+Pv2F1WbQi
6h7Of1ZkTjbSKDDObxdSetHFwqjEfX/y65BkrWXtr5PGCWIazR5STVY/lJzM2Y+yYypKP6eZA2a5mSfLCLrf4bIcECJh/N6uluHWQ0ldp6QJcYEchZcJWictkpKloO2gxR+Pv2F1WbQi
EVta+3LRX6Yk0PVizIfv1dvIwajEfX/y65BkrWXtr5PGCWIazR5STVY/lJzM2Y+yYypKP6eZA2a5mSfLCLrf4bIcECJh/N6uluHWQ0ldp6QJcYEchZcNWSctkpKloO2gxR+Pv2F1WbQi
I12VVFiepstRebw72rMVwrPacwjs7XtA3gefFunCBhaFQwBQf43lofclXwlJTsz72hOhi9cSceNSg1MdMfHk1LGHgHcfflPNVM7yDPxOt0DY3t03j/gD675GQsjI0gl+i2pvVLQt
7WvmSeMmIZ8VJoxCrF46UeYoJypVIXMbPNIDQc60xFJVJLIuernisx3wWwRVmbVMUS9gngtVRkLRCDHA+ffbD5UtdbQO
AFIo5joW5uV8qJYY1T0MCl3jcyGnl64XbCeC8bFQfgT1wBmjv4pTqFl1fMLhEQxgrtrfgGBuqJ3ou3ckmVS3DT/kO+syvhlRrGqb3FNQe2MxR18JZ7Qc
7WvmSeMmIZ8VJoxCrF46UeYoJypVIXMbPNIDQc60xFJVJLIuernisx3wWwRVmbVMUS9gngtVRkLRCDHA+ffbD5UtdbQO
4btgDinYv6RpY8K2dFJgMV3jcCGnl64XbCeC8bFQfgT1wBmjv4pTqFl1fMLhEQxgrtrfgGBuqJ3ou3ckmVS3DT/kO+syvhlRrGqb3FNQe2MxR18JZ7Qc
IEANJN6d9rDUkGh69LwHtWkAxr8OXA98z4/xDOMIz2n0JFnfzsdOWBqdzhNLqXdYRoxstPMmwOyh+G5ytx32ZE72uAit+DO4M3q0Bw==
2TaLZmlDtCTfX/aqPs/G/uYoJypVIXMbPNIDQc60xFJVJLIuernisx3wWwRVmbVMUS9imQtURkLRCDHA+ffbD5UtdbQO
4rs/8eWbvOEnqQG7Eg+gfF3jcCGnl64XbCeC8bFQfgT1wBmjv4pTqFl1fMLhEQxgrtrfgGBuqJ3ou3ckmVS3DT/kO+swuRlQrGqb3FNQe2MxR18JZ7Qc
ie1I8Tk+dBgTKZW9zNYIxtvOwqjEfX/y65BkrWXtr5PBCmIazR5STVY/lJzM2Y+yYypKP6eZA2a5mSfLCLrf4bIcECJh/N6uluHWQ0lYp6QJcYEchZcOWCcskpKloO2gxR+Pv2F1WbQi
f+NW06to5F2AwoHM8jhfmNHJwajEfX/y65BkrWXtr5PBCmIazR5STVY/lJzM2Y+yYypKP6eZA2a5mSfLCLrf4bIcECJh/N6uluHWQ0lYp6QJcYEchZcIWCcskpKloO2gxR+Pv2F1WbQi
+RmH8cg4pYVyB8lCcUYZPxyf0mhunc0e+u3OY6v5twjiPOwEU/aAPMEOb4LWzba07kY4uA2o8+jTCrR3
o4QH+eK3VyOZcfYpi252Cz4U+RJa3rqcqLiLoQaGtrMnV73nghFOl8MV58y64MwQW/qwGPkyrzZ+YSYwdtrY7MXkA4wrdrQD
I+lrl6UqA8VbZXxFvB4WIV3jcyGnl64XbCeC8bFQfgT1wBmjv4pTqFl1fMLhEQxgrtrfgGBuqJ3ou3cgmVS3DT/kO+szvxlQrGqb3FNQe2MxR18JZ7Qc
464UPHqdWMzcBWY/k+FS7mkAxr8OXA98z4/xDOMIz2n0JFnfzsdOWBqdzhNLqXdYQoxstPMmwOyh/29yth32ZE72uAit+DO4M3q0Bw==
JRNBNvx8Hvin+tFAFBBIgUhv4b/SDPt8mVmHS+h6v+FSXLCiwbw+rvYhdsPpnMek6THhnCXXK19HbHISBWDNoOXf7z+BNXm0Ag==
jfkSBsdIjmr26p1gPTgM8GkAxr8OXA98z4/xDOMIz2n0JFnfzsdOWBqdzhNLqXdYQoxstPMmwOyh+G9yth32ZE72uAit+DO4M3q0Bw==
QHTjY2z6cW+8Skdj3w0t4NPIwajEfX/y65BkrWXtr5PCCmIazR5STVY/lJzM2Y+yYypKP6eZA2a5mSfLCLrf4bIcECJh/N6uluHWQ0lcp6QJcYEchZcNXicskpKloO2gxR+Pv2F1WbQi
t6edWf/1EuulRhYeHwD7LdHJwajEfX/y65BkrWXtr5PCCmIazR5STVY/lJzM2Y+yYypKP6eZA2a5mSfLCLrf4bIcECJh/N6uluHWQ0lcp6QJcYEchZcKXicskpKloO2gxR+Pv2F1WbQi
EP8aW6nmLB+8NPa/eiqa2bPacwjs7XtA3QefFunCBhaFQwBQf43lofclXwlJTsz72hOhi9cSceNSg1MdNPHk1LGHgHcfflPNVM7yDPxOt0DY3t0zivgF675GQsjI0gl+i2pvVLQt
O+LFl4s6EdYz6cuNLDW6vOYoJypVIXMbPNIDQc60xFJVJLIuernisx31WwRVmbVMUS9nmgtTRkLRCDHA+ffbD5UtdbQO
EhEm0kxPogstd6hwSNqIM13jcCGnl64XbCeC8bFQfgT1wBmjv4pTqFl1fMLhEQxgrtrfgGBuqJ3ou3chmVS3DT/kO+s1uhlXrGqb3FNQe2MxR18JZ7Qc
fLy0+bt9Ut6gASs/g9jSxGkAxr8OXA98z4/xDOMIz2n0JFnfzsdOWBqdzhNLqXdYQ4xstPMmwOyh+2pysR32ZE72uAit+DO4M3q0Bw==
QXqCIeWj4BcoAc4FhAXmCeYoJypVIXMbPNIDQc60xFJVJLIuernisx31WwRVmbVMUS9mmAtTRkLRCDHA+ffbD5UtdbQO
jsNtwsHWrww5DiIZ2//rW13jcCGnl64XbCeC8bFQfgT1wBmjv4pTqFl1fMLhEQxgrtrfgGBuqJ3ou3chmVS3DT/kO+s0uBlXrGqb3FNQe2MxR18JZ7Qc
G6+JCaQzHPAdufHV15wrKdHFwqjEfX/y65BkrWXtr5PFCmIazR5STVY/lJzM2Y+yYypKP6eZA2a5mSfLCLrf4bIcECJh/N6uluHWQ0ldp6QJcYEchZcLXycrkpKloO2gxR+Pv2F1WbQi
mee6KWWnpl+USdQj4Cha0NHJwajEfX/y65BkrWXtr5PFCmIazR5STVY/lJzM2Y+yYypKP6eZA2a5mSfLCLrf4bIcECJh/N6uluHWQ0ldp6QJcYEchZcPXicrkpKloO2gxR+Pv2F1WbQi
ihQvckdrlW7kxm1UuBtufuYoJypVIXMbPNIDQc60xFJVJLIuernisx30WwRVmbVMUS9gngtTRkLRCDHA+ffbD5UtdbQO
NXTizxgMjO4Dm8l9NfDvQF3jcCGnl64XbCeC8bFQfgT1wBmjv4pTqFl1fMLhEQxgrtrfgGBuqJ3ou3cgmVS3DT/kO+syvhlXrGqb3FNQe2MxR18JZ7Qc
stO6exCP14DpKf+xa4rZQGkAxr8OXA98z4/xDOMIz2n0JFnfzsdOWBqdzhNLqXdYQoxstPMmwOyh+W5ysR32ZE72uAit+DO4M3q0Bw==
sLUIY6FjTJAJFXr3Nfd5LtPIwajEfX/y65BkrWXtr5PGCmIazR5STVY/lJzM2Y+yYypKP6eZA2a5mSfLCLrf4bIcECJh/N6uluHWQ0lcp6QJcYEchZcPWycqkpKloO2gxR+Pv2F1WbQi
cr/qQf9AWQ3GdCnoQpDomtHJwajEfX/y65BkrWXtr5PGCmIazR5STVY/lJzM2Y+yYypKP6eZA2a5mSfLCLrf4bIcECJh/N6uluHWQ0lcp6QJcYEchZcIWycqkpKloO2gxR+Pv2F1WbQi
bck03glw+fVUppM50tgjHuREncJnCGtTw3JsaHQkKsMOZQ3muxJfV3NEFBwUbxGbuvX40c2zdk70A9KnqbcmbuwJPN3i6qm1kHJePxVlGJhxuF1ErSntrFlfyRhjYk5iifiJgOHno68dfV20Jg==
OmhV8tCjfl1ZoxrsuQlZNOYoJypVIXMbPNIDQc60xFJVJLIuernisx30WwRVmbVMUS9inwtSRkLRCDHA+ffbD5UtdbQO
Gv8Id2PEkBybVjrDW4dyBF3jcSGnl64XbCeC8bFQfgT1wBmjv4pTqFl1fMLhEQxgrtrfgGBuqJ3ou3cgmVS3DT/kO+swvxlWrGqb3FNQe2MxR18JZ7Qc
3fWzaOhaRuIzuv7yuB1UXGkAxr8OXA98z4/xDOMIz2n0JFnfzsdOWBqdzhNLqXdYQoxstPMmwOyh/m9ysB32ZE72uAit+DO4M3q0Bw==
ySKfPSJw4bKK5uv1N7oam+YoJypVIXMbPNIDQc60xFJVJLIuernisx30WwRVmbVMUS9qmwtRRkLRCDHA+ffbD5UtdbQO
uPJurzZ4o0O2HWIXw03pO13jcCGnl64XbCeC8bFQfgT1wBmjv4pTqFl1fMLhEQxgrtrfgGBuqJ3ou3cgmVS3DT/kO+s4uxlVrGqb3FNQe2MxR18JZ7Qc
PU+16yCWoVwySmTsUPXvwuYoJypVIXMbPNIDQc60xFJVJLIuernisx30WwRVmbVMUS9jmgtRRkLRCDHA+ffbD5UtdbQO
JeYeyPllJ0OP14OlwAGBll3jcSGnl64XbCeC8bFQfgT1wBmjv4pTqFl1fMLhEQxgrtrfgGBuqJ3ou3cgmVS3DT/kO+sxuhlVrGqb3FNQe2MxR18JZ7Qc
SrRZN3ato1r1w/27DgWPstPIwajEfX/y65BkrWXtr5PJCmIazR5STVY/lJzM2Y+yYypKP6eZA2a5mSfLCLrf4bIcECJh/N6uluHWQ0lcp6QJcYEchZcPWScpkpKloO2gxR+Pv2F1WbQi
RifJByKo6w19hUe9vrrzldHJwajEfX/y65BkrWXtr5PJCmIazR5STVY/lJzM2Y+yYypKP6eZA2a5mSfLCLrf4bIcECJh/N6uluHWQ0lcp6QJcYEchZcKWScpkpKloO2gxR+Pv2F1WbQi
eneXi17aXpvCJLsb1nsI9BJSS7XdgKOGIK9KZleW2gtyENF3cTqp9w21fJ0Y1Adtz6QLC0O+KXRcKit8I9Drw+EHjyl3tAw=
epbPLguXmIP/K6MOMurJNHoBue9EE+bxVMt0c3R3aqA6eHyj5mAl7/26JW9qSuwvpHTbBTv037MPfmWMCPofVP+wF6v1N7sxe7QA
reZPhZj+f1x7PSKxIpjq3kdX9a5ROXrFvshQplD6RO/7vwh0rusRdRzMQVpaQIXS8TlDazxmx3g4ho3dDpDWM95+suCIOrkGK7I/fLQF
/zsMWPUxOHqhSJhJwe7mLy9LOxt+RENdbcPpgnRWafn8ueleb/HOPBAyPN+jvwBSwKXZMUwo6c7a1C0lrnmRPxxyz3wo4qUJTkR+V076OnQobnFCe1YXaLQR
xR366NboS+2Ib8XbP8FYBU47Lhj+hsWEkPB1AQPIvf3TOlC0+TJlhNXD/oXL2ZDnokE6fV40cCQa5kTgOj2f5YvQC/7c0ZW+Y31athx/V6HSULvsLxSf/QeEczuhOIGLZErj7LuQE/Oppxd5X7Qk
wcVoTYKaIxlQgzyJyo+1ArSz5pxai4ExQ2wvxl9NzAc1COMosdBrkmFVBKyV0u4bE2UvNBwALOuHz940xzQ6Phe96XiD5v12WEZZOdQ9X6i/70zA9hYMaOsykAApmiuOhGlG6OaymBT1rKMUe160Ow==
uZE6pRtoh++6Oadu9xzUxOYoJypVIXMbPNIDQc60xFJVJLIuernisx3wWwRVmbVMUS9ingtXRULRCDHA+ffbD5UtdbQO
che0sFr4QqmN5IB3BxcQcuN8eGsu2RjdlsHcwacuUla9u9a+TdlH2Qldk5Oic2MXCJfIoKm618z3wkMrSu0O1Y0SbBoRxTROSRFiReauLueO7ffbT15ixtxav0TIOvVjz6yoDC7CylxoBsG62w5HQLQ5
b9VzBVTDGuhifi9VU3LMiNreEV1wqy5uH32F0Wz4gW5UGwsWugZgxopGXuEmOVBPVA9lZfWdha/5ndae2lyk/UFaz+0aDhchekxoAkkMxq6Okf5jsYjv5EHBWfwtB3Dan715Mv3QpWANz7ffCUVBtDo=
wlrGk/F5/MOIrLqxUFcrmruy5opLkNx2EjFkgwM63g52Q6Jo7Kx+1CAeXfzVm4kVTSYhMFtCZ7DXndIXkmstcAi8uS/Y4PlDFhNedNI5Tq+znQeUrggMaOsykAApmS+Oj2pG6OaymBT1rKMUe160Ow==
t//LZo0KErSWv0n3o650U9zdEV1wqy5uH32F0Wz4h2lUGwsWugZgxopGXuEmOVJAVA9lZfWdha/5ndae2lyk/UFaz+0aDhchekxoAkkMxq6Okf5jsYjv5EHBWfwtB37an7x5Mv3QpWANz7ffCUVBtDo=
+sHcXbj/3lTygaHA3dGD1OR/eGsu2RjdlsHcwacuWFG+u9a+TdlH2Qldk5Oic2MXCJfJoKm618z3wkMrSu0O1Y0SbBoRxTROSRFiReauLueO7ffbT15ixtxav0TIOvViyqytDC7CylxoBsG62w5HQLQ5
EpDtvpCxc2+u56YPKDOSURyf0mhunc0e+u3OY6v5twjlPOwEU/aAPMEJaYLRzra07kY4uA2o8+jTCrR3
pUDyXJEXZFOWNi34YTGwbj4U+RJa3rqcqLiLoQaGtrMnV73nghFOl8MV58y94MwQW/qwGPk1qTZ5YiYwdtrY7MXkA4wrdrQD
i4xMMX7/Aj3S5AMKeQJG5r6y5opLkNx2EjFkgwM61AV2Q6Jo7Kx+1CAeXfzVm4kVTCYhMFtCZ7DXndIXkmstcAi8uS/Y4PlDFhNedNI5Tq+znQeUrQgMaOsykAApmiqOiGpG6OaymBT1rKMUe160Ow==
git9cgOEEygCN3AI4hVU3NreEV1wqy5uH32F0Wz4gW5UGwsWugZgxopGXuEmOVBPVA9lZfWdha/5ndae2lyk/UFaz+0aDhchekxoAkkMxq6Okf5jsYvv5EHBWfwtB3/fn7p5Mv3QpWANz7ffCUVBtDo=
XwOkae4tDXRujp7LDPTR4Luy5opLkNx2EjFkgwM63g52Q6Jo7Kx+1CAeXfzVm4kVTSYhMFtCZ7DXndIXkmstcAi8uS/Y4PlDFhNedNI5Tq+znQeUrQgMaOsykAApnCqOi2pG6OaymBT1rKMUe160Ow==
H/wGHWkyAf2yNfVEuKCQbd3eEV1wqy5uH32F0Wz4hWhUGwsWugZgxopGXuEmOVJAVA9lZfWdha/5ndae2lyk/UFaz+0aDhchekxoAkkMxq6Okf5jsYvv5EHBWfwtB3/bn7h5Mv3QpWANz7ffCUVBtDo=
7kexmzAhuo6rDJPQkFHlseV8eGsu2RjdlsHcwacuWFG+u9a+TdlH2Qldk5Oic2MXCJfJoKm618z3wkMrSu0O1Y0SbBoRxTROSRFiReauLueO7ffbT15hxtxav0TIOvVhyKyuDC7CylxoBsG62w5HQLQ5
DMCfXeZ9braGtlaFrO4Ukhyf0mhunc0e+u3OY6v5twjkPOwEU/aAPMEFb4LSzra07kY4uA2o8+jTCrR3
Y+pOeOM1e59lm8lI02jlyz4U+RJa3rqcqLiLoQaGtrMnV73nghFOl8MV58y84MwQW/qwGPk5rzZ6YiYwdtrY7MXkA4wrdrQD
MrX//K2O85Fyx/D1GtErc76y5opLkNx2EjFkgwM61AV2Q6Jo7Kx+1CAeXfzVm4kVTCYhMFtCZ7DXndIXkmstcAi8uS/Y4PlDFhNedNI5Tq+znQeUrAgMaOsykAApnymOhWpG6OaymBT1rKMUe160Ow==
c/LPMCAcYGX/2nlafoyl5uN8eGsu2RjdlsHcwacuUla9u9a+TdlH2Qldk5Oic2MXCJfIoKm618z3wkMrSu0O1Y0SbBoRxTROSRFiReauLueO7ffbT15gxtxav0TIOvVjz6yhDC7CylxoBsG62w5HQLQ5
ur13OAicmhlGmAqfGkPxsLuy5opLkNx2EjFkgwM63g52Q6Jo7Kx+1CAeXfzVm4kVTSYhMFtCZ7DXndIXkmstcAi8uS/Y4PlDFhNedNI5Tq+znQeUrAgMaOsykAApmSqOhGpG6OaymBT1rKMUe160Ow==
N1wLZUgdvuiGVScDkU4ist3eEV1wqy5uH32F0Wz4hWhUGwsWugZgxopGXuEmOVJAVA9lZfWdha/5ndae2lyk/UFaz+0aDhchekxoAkkMxq6Okf5jsYrv5EHBWfwtB3Den7Z5Mv3QpWANz7ffCUVBtDo=
ViOjGEuCyvjHE8K9s40tZ+V8eGsu2RjdlsHcwacuWFG+u9a+TdlH2Qldk5Oic2MXCJfJoKm618z3wkMrSu0O1Y0SbBoRxTROSRFiReauLueO7ffbT15gxtxav0TIOvVgyqypDS7CylxoBsG62w5HQLQ5
6FVWASMwoVokXg30+ZmOgRyf0mhunc0e+u3OY6v5twjjPOwEU/aAPMEIaYLVz7a07kY4uA2o8+jTCrR3
WHfAEOFOhMxEIAMiQg3bRD4U+RJa3rqcqLiLoQaGtrMnV73nghFOl8MV58y74MwQW/qwGPk0qTZ9YyYwdtrY7MXkA4wrdrQD
P4xDJlm06VHht4nOYsIdwb6y5opLkNx2EjFkgwM61AV2Q6Jo7Kx+1CAeXfzVm4kVTCYhMFtCZ7DXndIXkmstcAi8uS/Y4PlDFhNedNI5Tq+znQeUqwgMaOsykAApnCuOjGtG6OaymBT1rKMUe160Ow==
vmla+zUT32qRbG54St4wLON8eGsu2RjdlsHcwacuUla9u9a+TdlH2Qldk5Oic2MXCJfIoKm618z3wkMrSu0O1Y0SbBoRxTROSRFiReauLueO7ffbT15nxtxav0TIOvVvyayoDS7CylxoBsG62w5HQLQ5
GyJWfp7/5bRXA4mT3+DxoNreEV1wqy5uH32F0Wz4gW5UGwsWugZgxopGXuEmOVBPVA9lZfWdha/5ndae2lyk/UFaz+0aDhchekxoAkkMxq6Okf5jsY3v5EHBWfwtB3Xen754Mv3QpWANz7ffCUVBtDo=
RLQsgrjjHBtH+XU6QBIPo9jdEV1wqy5uH32F0Wz4hWhUGwsWugZgxopGXuEmOVJAVA9lZfWdha/5ndae2lyk/UFaz+0aDhchekxoAkkMxq6Okf5jsY3v5EHBWfwtB3HYn714Mv3QpWANz7ffCUVBtDo=
tW5x7gRgsDmiYh7r22b2peB/eGsu2RjdlsHcwacuWFG+u9a+TdlH2Qldk5Oic2MXCJfJoKm618z3wkMrSu0O1Y0SbBoRxTROSRFiReauLueO7ffbT15nxtxav0TIOvVvzqyrDS7CylxoBsG62w5HQLQ5
11EcFuawhN4Mjvl5x1WH4uB/eGsu2RjdlsHcwacuWFG+u9a+TdlH2Qldk5Oic2MXCJfJoKm618z3wkMrSu0O1Y0SbBoRxTROSRFiReauLueO7ffbT15nxtxav0TIOvVly6yqDS7CylxoBsG62w5HQLQ5
+mxUhuHlji/te8lPLALgtByf0mhunc0e+u3OY6v5twjiPOwEU/aAPMENaoLWz7a07kY4uA2o8+jTCrR3
qOUKsYa1wG8VJOJJWi49nD4U+RJa3rqcqLiLoQaGtrMnV73nghFOl8MV58y64MwQW/qwGPkxqjZ+YyYwdtrY7MXkA4wrdrQD
TJi8+QJumZkEJ/QF4nwi7ryx5opLkNx2EjFkgwM61AV2Q6Jo7Kx+1CAeXfzVm4kVTCYhMFtCZ7DXndIXkmstcAi8uS/Y4PlDFhNedNI5Tq+znQeUqggMaOsykAApmi6OjmtG6OaymBT1rKMUe160Ow==
2GUbfFa4OuBw6sEA+pmjmed/eGsu2RjdlsHcwacuUla9u9a+TdlH2Qldk5Oic2MXCJfIoKm618z3wkMrSu0O1Y0SbBoRxTROSRFiReauLueO7ffbT15mxtxav0TIOvVlz6ytDS7CylxoBsG62w5HQLQ5
RPG04l7ZqqQ7afgmpwFSgd/dEV1wqy5uH32F0Wz4gW5UGwsWugZgxopGXuEmOVBPVA9lZfWdha/5ndae2lyk/UFaz+0aDhchekxoAkkMxq6Okf5jsYzv5EHBWfwtB3Pen7t4Mv3QpWANz7ffCUVBtDo=
jkDFPnEm5X/6aGgWA/1cBLix5opLkNx2EjFkgwM63g52Q6Jo7Kx+1CAeXfzVm4kVTSYhMFtCZ7DXndIXkmstcAi8uS/Y4PlDFhNedNI5Tq+znQeUqggMaOsykAApmSiOiGtG6OaymBT1rKMUe160Ow==
ncMGKDQhUXVYcQFSbbXoS+vzo8be2OmLGzLJmdbuhwHEwx9oZVZYtpza1UI2bCgIKOOJi8m6gsNKsvZbILVZj21TURXA8sm1XLnfNAd7vGxecmzUM8ZATGHcblJ1uHaEjpa46O2YsxhzWrQn
zRYebfwp2b+KuoJn7eglTCwdibd/8AdiED4MWyvL4NAOT3mBjHjJ3trEDWZhzSvPnMIvDOgyxR5KVJoCDgpaxKge0fI7hjd4tAE=
DhX68V4MS7UBrajZpe5FNW3JlUdoWtO8lTUMB8odVLff56x8xXa8BQBtqelsUPnG2tw9XY6h4ffcOn+kSFo1hsrM6uquooq8aCaBGluuB2C0GQ==
Q7XujA4T4TJ0/O/SJafK4CQOrizDEEEZTEnRFBPwCsq04yKVgYqJ8VdSVwoGkZi3s4bEQK+GYMZVZeA/ZpnWjoudYqYUf1+x6jDT3PfUJ61vJOvLJb8JMPmqS7zD0MsDgYdvaVe0LA==
l/y3smmje1l7UjgFMYWP8OVBxHZrl1pXZUJAlWQEVB/BnwGdtRNzfH6aPcv0C5xhbi3QwZacl9GFg4igjlRsAWIM9GrCh2RVvuQQESJYMCsNUDGSCm4dVXRym7R4VNdN32SbqxS/+RXJ6jscc1Bbo9HHP0lHtDw=
s9VPjaRz4QqBAu+sLf0J/9G70I+EsA6KxURPr7Y22NeMyQs5SvgaglyK33QIqlWTz9wPmm7yKgzo1uHKG54ncLQJ
5YboJ7ZBVB1KeYzLBgfbPTT2+FW7pmre2fVRTaACL1wk9Ctly7Qv0xh/da09uq/0TzCHC6X369ELtHA=
SNumRl4fCUscapqa3NPxHIYgOMJxdxrhIlhu8h+NTGC7inBoGUWvRpsU5kCWqlicJZTD/MsGtHM=
r9MNKPSh+II1OLJTl7vFpOVBxHZrl1pXZUJAlWQEVB/BnwGdtRNzfH6aPcv0C5xhbi3QwZacl9GFg4igjlRsAWIM9GrCh2RVvuQQESJYMCsNUDGSCm4dVXRym7R4VNdN32Sbqxe++RXJ6jscc1Bbo9HHP0lHtDw=
kZksw3mVsH7psdkUck8kktG70I+EsA6KxURPr7Y22NeMyQs5SvgaglyK33QIqlWRztwPmm7yKgzo1uHKG54ncLQJ
UZCPu0bn1GsKVCRiAP2RfuVBxHZrl1pXZUJAlWQEVB/BnwGdtRNzfH6aPcv0C5xhbi3QwZacl9GFg4igjlRsAWIM9GrCh2RVvuQQESJYMCsNUDGSCm4dVXRym7R4VNdN32SbqxC7+RTJ6jscc1Bbo9HHP0lHtDw=
x6XlcYUDV1zvsekKPYIgIdG70I+EsA6KxURPr7Y22NeMyQs5SvgaglyK33QIqlWXy9wOmm7yKgzo1uHKG54ncLQJ
BUj04a5ZJS+C9SK8MYfWB9wQhTciQTjkAUEZ/O2HstvfOL8yPVDlYE1Pd9/JxQG0eg==
Weu0ge6qu2dA86QCYfou/jT2+FW7pmre2fVRTaACL1wk9Ctly7Qv0xh7daw9uq/0TzCHC6X369ELtHA=
