0a/UMISsBLn9efbzqZOUGHLt00Ti+WJLfNiqnyd8KDTi695p8zoCfd26qohaVElYhL3sclDta739xwDRYr1WJJnRUdzVtxdZN09BUv/DfSB1fz9/URVptBI=
dQGa2QUwZkdEiGtGPeUCrN/4242Yog+Y1FQMv6lj2N23iAxpRuYQl1yK33QIqlWXyNwJnG74KQzo1uHKG54ncLQJ
9ZJa7p4PW1U6MYtyC3zBsvp3LZgeBt6Xjm2D3/2ansl58R/1xNKBdqIxQvzrOOWhe3ASLQpTNThc4b/ExrXerjDOYyDKConuS677kryagZSBn0F6GBhJvVJRloTleYUM4c8zn9v3NQIrK0FAKdfLzwVNRbQ+
LSM2IGzUQz3FGARfzKVcM6MTfyABInpHMJIFRoi/yFgLM7N6a7PX/UapSgRVmbVMUS9jnwtXRULbCzHA+ffbD5UtdbQO
oqgGyC0XQmAU7SBCjc7+CaATfyABInpHMJIFRoi/yFgLM7N6a7PX/UapSgRVmbVMUS9jnwtXRULbCzHA+ffbD5UtdbQO
Io1RHR9AcuxFmAWYCZ9qI6ETfyABInpHMJIFRoi/yFgLM7N6a7PX/UapSgRVmbVMUS9jnwtXRULbCzHA+ffbD5UtdbQO
6sgu/tGIF6SUuxpD08a+cKcTfyABInpHMJIFRoi/yFgLM7N6a7PX/UapSgRVmbVMUS9jnwtXRULbCzHA+ffbD5UtdbQO
dQZsDg9RSwKlOJOir6A5b6YTfyABInpHMJIFRoi/yFgLM7N6a7PX/UapSgRVmbVMUS9jnwtXRULbCzHA+ffbD5UtdbQO
2dKrW7pWN3mzkKJ4rc0t7SkFhbdm5hhiED4MWyvL4NAOT3mBjHjJ3trEDWZhzSvPnMIvDOgyxR5PVJkEDgBZxKge0fI7hjd4tAE=
D+L66G9zfJMgXhJx14qq/SgFhbdm5hhiED4MWyvL4NAOT3mBjHjJ3trEDWZhzSvPnMIvDOgyxR5PVJkEDgBZxKge0fI7hjd4tAE=
q6A+Md7ISMMx/ihyFBXZIisFhbdm5hhiED4MWyvL4NAOT3mBjHjJ3trEDWZhzSvPnMIvDOgyxR5PVJkEDgBZxKge0fI7hjd4tAE=
keTvnpUh0Y6sijPqtvZqZCoFhbdm5hhiED4MWyvL4NAOT3mBjHjJ3trEDWZhzSvPnMIvDOgyxR5PVJkEDgBZxKge0fI7hjd4tAE=
4blzpqV5iPa0PwFlcyhnZy0Fhbdm5hhiED4MWyvL4NAOT3mBjHjJ3trEDWZhzSvPnMIvDOgyxR5PVJkEDgBZxKge0fI7hjd4tAE=
WBLKdfejfpqLW7qhsDS5jA+ewy7QctQXm2e4PG6j4S089FFSWkiV6tFhsyP8LnegWH4dUo8YQUg+LAEoyPLJ3guKL3S0DQ==
c12Rzk/GJla4BTyR/yPANg6ewy7QctQXm2e4PG6j4S089FFSWkiV6tFhsyP8LnegWH4dUo8YQUg+LAEoyPLJ3guKL3S0DQ==
Je77xIEvRGuej1kTa9UJUTzwt5EqQAKxvnH1BlUAK3a4D+I2r9YCO1rwqWd5OqHn9dVUrUAUf71nBJN7yT+hw8fKSa+bkDOzCSe3OX+0BA==
WRAf/9AU42TfuaMIsgDk8w2ewy7QctQXm2e4PG6j4S089FFSWkiV6tFhsyP8LnegWH4dUo8YQUg+LAEoyPLJ3guKL3S0DQ==
JJa2ay5uLII11ru5IBH0cAyewy7QctQXm2e4PG6j4S089FFSWkiV6tFhsyP8LnegWH4dUo8YQUg+LAEoyPLJ3guKL3S0DQ==
+T3TfeLTGJgztdHGfejE9DV3zOELO2vBrcBQplD6RO/7vwh0rusRdRzMQVpaQIXS8TlDazxmx3g4ho3aD5DRMN50seCIOrkGK7I/fLQF
h6G9IxfomzUiVGr5xbFamAuewy7QctQXm2e4PG6j4S089FFSWkiV6tFhsyP8LnegWH4dUo8YQUg+LAEoyPLJ3guKL3S0DQ==
iB1/hsbd3j5FKj4ZBwQ/3Aqewy7QctQXm2e4PG6j4S089FFSWkiV6tFhsyP8LnegWH4dUo8YQUg+LAEoyPLJ3guKL3S0DQ==
PKgZryr6g3Uy7fDNohKQxyR83+EKO2vBrcBQplD6RO/7vwh0rusRdRzMQVpaQIXS8TlDazxmx3g4ho3aD5DRMN50seCIOrkGK7I/fLQF
mL53iSxdBxkKAC+lrkHICgmewy7QctQXm2e4PG6j4S089FFSWkiV6tFhsyP8LnegWH4dUo8YQUg+LAEoyPLJ3guKL3S0DQ==
hc76tth4tMK9r491fT5BUQiewy7QctQXm2e4PG6j4S089FFSWkiV6tFhsyP8LnegWH4dUo8YQUg+LAEoyPLJ3guKL3S0DQ==
YY8G+PHlTRumONykb+mewvaLvQ4NLLndlWI5kNmhzVqpQJeuzN9WXkN2rtPOQD0f5bo9H2FlwMXstBNV01RnI3X/3Rvzmr2Ht3Bfmx1XowFjtBg=
WELNX51T3onjxXmHQdSbyi8Fhbdm5hhiED4MWyvL4NAOT3mBjHjJ3trEDWZhzSvPnMIvDOgyxR5PVJkEDgBZxKge0fI7hjd4tAE=
kE8ylWpERjaKm6z9PM00ARBSS7XdgKOGIK9KZleW2gtyENF3cTqp9w21fJ0Y1Adtz6QLC0G/KXNfKiF/I9Drw+EHjyl3tAw=
HZLLG0AGOlVuVQ2smR6t1xFSS7XdgKOGIK9KZleW2gtyENF3cTqp9w21fJ0Y1Adtz6QLC0G/KXNfKiF/I9Drw+EHjyl3tAw=
WFwHukHt9LQios/vKKZ73A/F4c1AA2nU0XhUoOYEMAQYVSPJ3Mb+JV2/1IqFGBqe+QjJb7c5DEirkhCgabgvrs3KxkKlkpg0tQwjtDt+tBs=
PFmkKYchNBCPChIr7G5gXi0dibd/8AdiED4MWyvL4NAOT3mBjHjJ3trEDWZhzSvPnMIvDOgyxR5PVJkEDgBZxKge0fI7hjd4tAE=
+Q8Yi5m84+Fe0z/Y4dzXBhJSS7XdgKOGIK9KZleW2gtyENF3cTqp9w21fJ0Y1Adtz6QLC0G/KXNfKiF/I9Drw+EHjyl3tAw=
QVl3AurBKaukXINWNqvXakdX9a5ROXrFvshQplD6RO/7vwh0rusRdRzMQVpaQIXS8TlDazxmx3g4ho3aD5DRMN50seCIOrkGK7I/fLQF
QjXSzNyS1gWyarefVI6nECwdibd/8AdiED4MWyvL4NAOT3mBjHjJ3trEDWZhzSvPnMIvDOgyxR5PVJkEDgBZxKge0fI7hjd4tAE=
fyJQ4IPnj/DLVggTtb6Folqx+kifPJNZyHanPHTwpCs591BZNwyE/dZyuDP8LnegWH4dUo8YQUg+LAEoyPLJ3guKL3S0DQ==
ovRNFPjdYeuCov1xIXacsFqx+kifPJNZyHKlMnTwpCs591BZNwyE/dZyuDP8LnegWH4dUo8YQUg+LAEoyPLJ3guKL3S0DQ==
fttWoYKMQJAa0WY7jg/xy5dW/wLJQ/Agt/t9Y47JX////zl11i4dZHk0Y7VjFLdDhf/tO6NazScH8M/7zReTIXO0CA==
gcB6IdomgCy+dVbITsW9RLSz5pxai4ExQ2wvxl9NzAc1COMosdBrkmFVBKyV0u4bE2UvNBwALOuHz940xzQ6Phe96XiD5v12WEZZOdQ9X6i/70zA9hYMaOsykAApnS6OjWpG4uWymBT1rKMUe160Ow==
+PmyIjI9c50Bvm/E+OwEMevzo8be2OmLGzLJmdbuhwHEwx9oZVZYtpza1UI2bCgIKOOJi8m6gsNKsvZbILVZj21TURXA8sm1XLnfNAd7vGxecmzUM8ZATGHZblJ1vnaOjZa46O2YsxhzWrQn
eCQ9KPEBNAHDUUbHnnAVQCQOrizDEEEZTEnRFBPwCsq04yKVgYqJ8VdSVwoGkZi3s4bEQK+GYMZVZeA/ZpnWjoudYqYUf1+x6jDT3PfUJ61vJOvLJL4JM/+qQb/D0MsDgYdvaVe0LA==
jeBOWttljmhC8sN18147Hhyf0mhunc0e+u3OY6v5twjmPOwEU/aAPMEFaILdz7a+7UY4uA2o8+jTCrR3
BslH5j3jTt27QSE2FJ2W/z4U+RJa3rqcqLiLoQaGtrMnV73nghFOl8MV58y+4MwQW/qwGPk5qDZ1YyY6ddrY7MXkA4wrdrQD
GtjnwG0EQVnOxTNti2YMMiIc5VtFyaud56/Z90iIubsmW/7sghFOl8MV58y+4MwQW/qwGPk5rzZ1YyY6ddrY7MXkA4wrdrQD
NmkxyeOH0LN5OaE/3wAx6lJx9r6GWrp93A7bQvN6v+FSXLCiwbw+rvYhdsPpmMek6THhnCXXLV5HZ3ASD2PNoOXf7z+BNXm0Ag==
wvd/yGbXkN6r8/aPriLHCF3jciGnl64XbCeC8bFQfgT1wBmjv4pTqFl1fMLhEQxgrtrfgGBuqJ3ou3ckmVS3DT/kO+s0vhlbrmqR31NQe2MxR18JZ7Qc
eMah6NWc0GvW6ZICshs1n+YoJypVIXMbPNIDQc60xFJVJLIuernisx3wWwRVmbVMUS9hmwteRELbCzHA+ffbD5UtdbQO
9NF9yL2BqrYjsGN89joJ+13jcyGnl64XbCeC8bFQfgT1wBmjv4pTqFl1fMLhEQxgrtrfgGBuqJ3ou3ckmVS3DT/kO+szuxlarmqR31NQe2MxR18JZ7Qc
OrX16o/ot082dnsmF3CHXOYoJypVIXMbPNIDQc60xFJVJLIuernisx3wWwRVmbVMUS9gmwteRELbCzHA+ffbD5UtdbQO
+z9lmL321HohqMB6lxkVYl3jcCGnl64XbCeC8bFQfgT1wBmjv4pTqFl1fMLhEQxgrtrfgGBuqJ3ou3ckmVS3DT/kO+syuxlarmqR31NQe2MxR18JZ7Qc
Gbc/e8qdemEiUrlmIlPF2+YoJypVIXMbPNIDQc60xFJVJLIuernisx3wWwRVmbVMUS9nmwteRELbCzHA+ffbD5UtdbQO
LG7WJCZmopsVSQe9mXga2V3jcSGnl64XbCeC8bFQfgT1wBmjv4pTqFl1fMLhEQxgrtrfgGBuqJ3ou3ckmVS3DT/kO+s1uxlarmqR31NQe2MxR18JZ7Qc
NAha8eK06EFoCRs/f1IKLOYoJypVIXMbPNIDQc60xFJVJLIuernisx3wWwRVmbVMUS9mmwteRELbCzHA+ffbD5UtdbQO
NFmTb6i+alBVABApCu0St13jcSGnl64XbCeC8bFQfgT1wBmjv4pTqFl1fMLhEQxgrtrfgGBuqJ3ou3ckmVS3DT/kO+s4uxlarmqR31NQe2MxR18JZ7Qc
J2tmU5d6ek0xtYPjHuiC5y5zd03meSShqUJKmSAyebqcZdXv/NqM2Asi0PCJzi6+6vyGksViGKQVvOPk2w60Cw==
dUQxqBCToEkTlHs9EXI3gR6a1mdvm81Q4aiEVZSLrQKUPuwEU/aAPMEIb4LVyba+7UY4uA2o8+jTCrR3
8lonm9wqJphrcUzbZlUfsCQOrizDEEEZTEnRFBPwCsq04yKVgYqJ8VdSVwoGkZi3s4bEQK+GYMZVZeA/ZpnWjoudYqYUf1+x6jDT3PfUJ61vJOvLKbsJNviqQb/D0MsDgYdvaVe0LA==
2rcU04INxzPJKJE8y2mW4hsZ/lt2HxXfjiK/3TQs9KRq3StD9BjWyIUsAktt0aXglPOLzlxFKyM6l2wKUIHMTBKUlNr6r5SMkHaNeFpjTnxxnZtHPIYHGLhmTbIJcJdXXpTxgIga+aarEn9ctCU=
ir5bpT6t02tgYKwLTkP956MTfyABInpHMJIFRoi/yFgLM7N6a7PX/UapSgRVmbVMUS9rmQtRQkLbCzHA+ffbD5UtdbQO
1srS43rBc+ySPWLaD+zTf6ETfyABInpHMJIFRoi/yFgLM7N6a7PX/UapSgRVmbVMUS9rmQtRQkLbCzHA+ffbD5UtdbQO
+eHf2j/41iQtidZEz2QyJ6cTfyABInpHMJIFRoi/yFgLM7N6a7PX/UapSgRVmbVMUS9rmQtRQkLbCzHA+ffbD5UtdbQO
nQm1XRnydaU83qo+/88UwKYTfyABInpHMJIFRoi/yFgLM7N6a7PX/UapSgRVmbVMUS9qmQtRQkLbCzHA+ffbD5UtdbQO
zLy7TMG/+neQX/B+tz6JBaATfyABInpHMJIFRoi/yFgLM7N6a7PX/UapSgRVmbVMUS9qmQtRQkLbCzHA+ffbD5UtdbQO
UdG03I5IHfuwG54Q+DIYhSkFhbdm5hhiED4MWyvL4NAOT3mBjHjJ3trEDWZhzSvPnMIvDOgyxRdJVJ8DDgBZxKge0fI7hjd4tAE=
pk/BtnauRI5+aJ571E8wk/aLvQ4NLLndlWI5kNmhzVqpQJeuzN9WXkN2rtPOQD0f5bo9H2FlwMXstBNV01RnI3z53R30mr2Ht3Bfmx1XowFjtBg=
H+bGl5s+VqHXHTbJ0L2YXSgFhbdm5hhiED4MWyvL4NAOT3mBjHjJ3trEDWZhzSvPnMIvDOgyxRdJVJ8DDgBZxKge0fI7hjd4tAE=
nXO3pUOLcLlbb+2CZeU8QisFhbdm5hhiED4MWyvL4NAOT3mBjHjJ3trEDWZhzSvPnMIvDOgyxRdJVJ8DDgBZxKge0fI7hjd4tAE=
tTvNw0m6qA3yAvQ7LpFSzCoFhbdm5hhiED4MWyvL4NAOT3mBjHjJ3trEDWZhzSvPnMIvDOgyxRdJVJ8DDgBZxKge0fI7hjd4tAE=
uG3g/srOP257F7DY6Ofk3C0Fhbdm5hhiED4MWyvL4NAOT3mBjHjJ3trEDWZhzSvPnMIvDOgyxRdJVJ8DDgBZxKge0fI7hjd4tAE=
rgbBqBd7KD3xNvLGsMoJ6ywFhbdm5hhiED4MWyvL4NAOT3mBjHjJ3trEDWZhzSvPnMIvDOgyxRdJVJ8DDgBZxKge0fI7hjd4tAE=
soTu3X5dMBmO3AbYGtXaPw+ewy7QctQXm2e4PG6j4S089FFSWkiV6tFhsyP8LnegWH4dW4kYR08+LAEoyPLJ3guKL3S0DQ==
LuLzMUStXRrhE1jJjSypOA6ewy7QctQXm2e4PG6j4S089FFSWkiV6tFhsyP8LnegWH4dW4kYR08+LAEoyPLJ3guKL3S0DQ==
uChc7ym3aJP8Yws9eCeUpDznq50qQQKxvnH1BlUAK3a4D+I2r9YCO1rwqWd5OqHn9dVUrUAUf71nBJN7wDmhxcDKSa+bkDOzCSe3OX+0BA==
LhdtwLWL4nPbG2CqwLuChg2ewy7QctQXm2e4PG6j4S089FFSWkiV6tFhsyP8LnegWH4dW4kYR08+LAEoyPLJ3guKL3S0DQ==
mi63hX6sU9/AJpMs0j0bvgyewy7QctQXm2e4PG6j4S089FFSWkiV6tFhsyP8LnegWH4dW4kYR08+LAEoyPLJ3guKL3S0DQ==
peMm7s185QNj9SNc7dRl+TV3zOEIO2vBrcBQplD6RO/7vwh0rusRdRzMQVpaQIXS8TlDazxmx3g4ho3TCZDXN950seCIOrkGK7I/fLQF
X3/zAj3CMHl/QBqET5o3Uwuewy7QctQXm2e4PG6j4S089FFSWkiV6tFhsyP8LnegWH4dW4kYR08+LAEoyPLJ3guKL3S0DQ==
Uzh4CESjVnAqYIT9fkM0bAqewy7QctQXm2e4PG6j4S089FFSWkiV6tFhsyP8LnegWH4dW4kYR08+LAEoyPLJ3guKL3S0DQ==
sguKxFdhcCxurRoqKJ25CCR83+ELO2vBrcBQplD6RO/7vwh0rusRdRzMQVpaQIXS8TlDazxmx3g4ho3TCZDXN950seCIOrkGK7I/fLQF
gECPLl5gWIcivS9Br4ShIgmewy7QctQXm2e4PG6j4S089FFSWkiV6tFhsyP8LnegWH4dW4kYR08+LAEoyPLJ3guKL3S0DQ==
vNc0hTO3Aau6ug6EHRMoiQiewy7QctQXm2e4PG6j4S089FFSWkiV6tFhsyP8LnegWH4dW4kYR08+LAEoyPLJ3guKL3S0DQ==
/e053riVTa/n4gIeiEJnNQeewy7QctQXm2e4PG6j4S089FFSWkiV6tFhsyP8LnegWH4dW4kYR08+LAEoyPLJ3guKL3S0DQ==
Z3AuyO2YbFdndsy0uwhBHgaewy7QctQXm2e4PG6j4S089FFSWkiV6tFhsyP8LnegWH4dW4kYR08+LAEoyPLJ3guKL3S0DQ==
dZ5DXna4zzBSdwN1HYk5ygzF4c1AA2nU0XhUoOYEMAQYVSPJ3Mb+JV2/1IqFGBqe+QjJb7c5DEirkhCgabEprsvNxkKlkpg0tQwjtDt+tBs=
Wa58UiEzYL7UGaFVee8DrSkdibd/8AdiED4MWyvL4NAOT3mBjHjJ3trEDWZhzSvPnMIvDOgyxRdJVJ8DDgBZxKge0fI7hjd4tAE=
UTcWuTmX8mTQVSEn/sPi0xBSS7XdgKOGIK9KZleW2gtyENF3cTqp9w21fJ0Y1Adtz6QLC0i5KXVYKiF/I9Drw+EHjyl3tAw=
Hdi9E7IL2oxzGiT3J5F2jUdX9a5ROXrFvshQplD6RO/7vwh0rusRdRzMQVpaQIXS8TlDazxmx3g4ho3TCZDXN950seCIOrkGK7I/fLQF
uhhFzbUolTW74vF2U+UAL1qx+kifPJNZyHanPHTwpCs591BZNwyE/dZyuDP8LnegWH4dW4kYR08+LAEoyPLJ3guKL3S0DQ==
+wQpl9LPsX3HNu8rYAEJslqx+kifPJNZyHKlMnTwpCs591BZNwyE/dZyuDP8LnegWH4dW4kYR08+LAEoyPLJ3guKL3S0DQ==
Hfq/6GLyg8I5E5lY9OH8GEp6IHCJwnuDnwjZr54OohiqVzGtj5y3/96WlKrzDFN5Kz8GidzHOalizj1+ha1YVyMvNSYf7dY+nPbELl7AR3SLdPtF23S/c+R5RU2serWXn7D365W3G3FbtCA=
mecYVefR3nGohTGsBhEtQkp6IHCJwn+DnwjZr54OohiqVzGtj5y2xZ2Nif2TAwx5bmFb3cDWEq90xw8bwLZaZWppNCYf7dY+nPbELl7AR3SLdPtF23S/c+R5RU2serWXn7D365W3G3FbtCA=
cRwb8j0K5CTy0VSUQ9q9MbPacwjs7XtA3gefFunCBhaFQwBQf43lofclXwlJTsz72hOhi9cSceNSg1MdMfHk1LGHgHMWaVTNVM7yDPxOt0DY3t07ifgH775MQcjI0gl+i2pvVLQt
wAnOPZA6R7z+I247wySDcUp6IHCJwniDnwjZr54OohiqVzGtj5yyxZ2Nif2TAwx5bmFb3MDWEq90xw8bwLZaZWpqNCYf7dY+nPbELl7AR3SLdPtF23S/c+R5RU2serWXn7D365W3G3FbtCA=
YWGOEY5XJMpi2mZ5iGeieUp6IHCJwn6DnwjZr54OohiqVzGtj5y2xZ2Nif2TAwx5bmFb3cDWEq90xw8bwLZaZWpqNCYf7dY+nPbELl7AR3SLdPtF23S/c+R5RU2serWXn7D365W3G3FbtCA=
pWBBSuv09V48GSpGZ2EfJkp6IHCJwnqDnwjZr54OohiqVzGtj5y0xZ2Nif2TAwx5bmFb3MDWEq90xw8bwLZaZWprNCYf7dY+nPbELl7AR3SLdPtF23S/c+R5RU2serWXn7D365W3G3FbtCA=
haEr2ubMkZMfs3icDDGSmEp6IHCJwnmDnwjZr54OohiqVzGtj5y2xZ2Nif2TAwx5bmFb3cDWEq90xw8bwLZaZWprNCYf7dY+nPbELl7AR3SLdPtF23S/c+R5RU2serWXn7D365W3G3FbtCA=
hYg556N7T2DnEmLAR9ecnrPacwjs7XtA3QefFunCBhaFQwBQf43lofclXwlJTsz72hOhi9cSceNSg1MdNPHk1LGHgHMWaVTNVM7yDPxOt0DY3t07ifgH775MQcjI0gl+i2pvVLQt
t5/t6IQZ3twJVyl9Bc6LuUp6IHCJwnqDnwjZr54OohiqVzGtj5y1xZ2Nif2TAwx5bmFb3MDWEq90xw8bwLZaZWptNCYf7dY+nPbELl7AR3SLdPtF23S/c+R5RU2serWXn7D365W3G3FbtCA=
KVhh/7RETFCGzxbDbpec+eREncJnCGtTw3JsaHQkKsMOZQ3muxJfV3NEFBwUbxGbuvX40c2zdk70A9KnqbcmbuwJPN3i6qm1kHJaNgJiGJhxuF1ErSntrFlfwhljYUpig/uJgOHno68dfV20Jg==
ij+aQANs6sYEY7GmfrXoauLzo8be2KnKUW7YjtHLwlnC4x9ua0JY84fczU4zVl9HM7eZlIq9gsFdpfd4RfVagV8DBAvA8sm1XL3WIwB7vGxecmzUM8ZATGHVaVJzuXaOjZa46O2YsxhzWrQn
FXeHrRMr025By9NOXbyg1kp6IHCJwniDnwjZr54OohiqVzGtj5y2xZ2Nif2TAwx5bmFb3cDWEq90xw8bwLZaZWpsNCYf7dY+nPbELl7AR3SLdPtF23S/c+R5RU2serWXn7D365W3G3FbtCA=
qFAvSEKcyc/FqJK9YtP8c4LKJzMlI3RizSsmQyDenwi6g1gAbmfnWG4d36xNDziyq4eJSxFzbRUfOywXefDBF88bV9CQKDvd34mV0vCqqa1spdY7MGPcNG6qrAyDniDU0U3pysMhFtY9Tngw3cDTAENCtD8=
36wtAPJp1LUETJ1C2SOWl9J4EyYSiivTPHl2Ta36SiC+/wXvthtaVVrVoYi0hlxxOX1SBuFD7koL7xio8EjtoSNffDgBCxj/luXMQeQiaqCc4m+saJKF90k0X6OOoJnkqP4Rkrtmd1i0IQ==
Q4Dfr5+K9NITE533/ppdz9J4EyYSiijTPHl2Ta36SiC+/wXvthtaVVrVoYi0hlxxOX1SBuFD7koL7xio8EjtoCNffDgBCxj/luXMQeQiaqCc4m+saJKF90k0X6OOoJnkqP4Rkrtmd1i0IQ==
4BIhm8526VAF+kAlfFJmCNJ4EyYSii/TPHl2Ta36SiC+/wXvthtZVVrVoYi0hlxxOX1SBuFD7koL7xio8EjtpSNffDgBCxj/luXMQeQiaqCc4m+saJKF90k0X6OOoJnkqP4Rkrtmd1i0IQ==
GmbGXR9wj2ekg9z8Ad/5u9J4EyYSii7TPHl2Ta36SiC+/wXvthtZVVrVoYi0hlxxOX1SBuFD7koL7xio8EjtpCNffDgBCxj/luXMQeQiaqCc4m+saJKF90k0X6OOoJnkqP4Rkrtmd1i0IQ==
4ZDkqhSGzlmFVQMuwMxUeOZ9eH0/wgadx56Ak/p6LxD/9KWrLLk2zAgBw9DiNggFVs3Yoai+l5i3hxNjW9wPyZ50PEFZhWlAVyQsEOHjKOeW/fypBAo62Nxav0TIOvVvyayvCy7IyVxoBsG62w5HQLQ5
vnPhDE7pOHuKRTB/1BnaFtJ4EyYSiijTPHl2Ta36SiC+/wXvthtYVVrVoYi0hlxxOX1SBuFD7koL7xio8EjtpyNffDgBCxj/luXMQeQiaqCc4m+saJKF90k0X6OOoJnkqP4Rkrtmd1i0IQ==
pkN0EbXiHBgfXbol78UsMdJ4EyYSii7TPHl2Ta36SiC+/wXvthtYVVrVoYi0hlxxOX1SBuFD7koL7xio8EjtpiNffDgBCxj/luXMQeQiaqCc4m+saJKF90k0X6OOoJnkqP4Rkrtmd1i0IQ==
2u6is4KGc7b2yMx06JB/q9J4EyYSii7TPHl2Ta36SiC+/wXvthtfVVrVoYi0hlxxOX1SBuFD7koL7xio8EjtoyNffDgBCxj/luXMQeQiaqCc4m+saJKF90k0X6OOoJnkqP4Rkrtmd1i0IQ==
JG+lmlWNQ4Ag5InICbByGOZ9eH0/wgfGkoSXmOBrAhDJ4ZDqOddGhFgHz9HDczRRGYmM8un8hpWtsAJ4Tt9b+LplPEFDg2tbRSQsEOHjKOeW/fypBAo62Nxav0TIOvVvyayvCy7IyVxoBsG62w5HQLQ5
TdyVZhCfITO+qTBH8grFlkp6IHCJwnvYyhLOpIQfjxicQgTs+v/WjZGNwLjyDFN5Kz8GidzHOalizj1+gK1YVyMvNSYf7dY+nPbELl7AR3SLdPtF23S/c+R5RU2serWXn7D365W3G3FbtCA=
3jW5Sv48r3ND/bZfLjloBE47Lhj+hsWEkPB1AQPIvf3TOlC0+TJlhNXD/oXL2ZDnokE6fV40cCQa5kTgOj2f5YvQC/7c0ZW+Y31athh2QKbSULvsLxSf/QeEczugOYGFYErp77uQE/Oppxd5X7Qk
P2lxC0TQHm9KtcfXv06fbOVEncJnCC4ZnXRscmgIYoc5dArykmBJTGNVEQ41JinP9bH4lZDvUgupBdmmsqJybv4qf4vx6qm1kHJaNgJiGJhxuF1ErSntrFlfwhljYUpig/uJgOHno68dfV20Jg==
bVGp/DDKYMkFdaj77Ta+heLzo8be2KqMGzDejtfN4kXFxy09OzU7lc/QzQd2N1AYM/LHyd+hk+pbs/5KILdBg21KRwrA8sm1XL3WIwB7vGxecmzUM8ZATGHVaVJzuXaOjZa46O2YsxhzWrQn
nUijDs2xE2F7EjgZw9UtGOLzo8be2KqMGzDejtfN4kXFxy09OjU7lc/QzQdwN1AYM/LHyd+hk+pbs/5KILdBg21KRwrA8sm1XL3WIwB7vGxecmzUM8ZATGHVaVJzuXaOjZa46O2YsxhzWrQn
GaCeG6e62UfQF1OQ4hUqW5dW/wLJQ/Agt/t9Y47JX////zl11i4dZHk0Y7VjFLdDjPntPaRazScH8M/7zReTIXO0CA==
TYto7TI6nFhKtcYNOQ16FrSz5pxai4ExQ2wvxl9NzAc1COMosdBrkmFVBKyV0u4bE2UvNBwALOuHz940xzQ6Phe96XiD5v12WEZZOdQ9X6i/70zA9hYMaOsykAApnC+Oi21G4uWymBT1rKMUe160Ow==
ydmaLA6mrZ2jar1KZlKGSiQOrizDEEEZTEnRFBPzCsq04yKVgYqJ8VdSVwoGkZi3s4bEQK+GYMZQZeA/ZpnWjoudYqYUf1+x6jDT3PfUJ61vJOvLJb8JNfiqQb/D0MsDgYdvaVe0LA==
uu9Zr2vWFjmfOCLHjiHyDPp3LZgeBt6Xjm2D3/2ansl58R/1xNKBdqIxQvzrOOWhe3ASLQpTNThc4b/ExrXerjDOYyDKConuS677kryagZSBn0F6GBhJvVJRloTleYUM4c83n9v+MgIrK0FAKdfLzwVNRbQ+
N4g7dteIodYu1dOClrve9aMTfyABInpHMJIFRoi/yFgLM7N6a7PX/UapSgRVmbVMUS9mnwteQkLbCzHA+ffbD5UtdbQO
BHUdXvpO6aXsf1Ljzs6kcKATfyABInpHMJIFRoi/yFgLM7N6a7PX/UapSgRVmbVMUS9mnwteQkLbCzHA+ffbD5UtdbQO
AekFCcOLrCs7tfbgj0fhzaETfyABInpHMJIFRoi/yFgLM7N6a7PX/UapSgRVmbVMUS9mnwteQkLbCzHA+ffbD5UtdbQO
+o7H1itOHASBJiVxliwDjqcTfyABInpHMJIFRoi/yFgLM7N6a7PX/UapSgRVmbVMUS9mnwteQkLbCzHA+ffbD5UtdbQO
5Zks65d4FtW/JhU9T8vXEKYTfyABInpHMJIFRoi/yFgLM7N6a7PX/UapSgRVmbVMUS9mnwteQkLbCzHA+ffbD5UtdbQO
yIbdBoQ5FZR4JD8W3DT2fCkFhbdm5hhiED4MWyvL4NAOT3mBjHjJ3trEDWZhzSvPnMIvDOgyxRtPVJADDgBZxKge0fI7hjd4tAE=
DKfNe6Xw9A456uD8jT5H1SgFhbdm5hhiED4MWyvL4NAOT3mBjHjJ3trEDWZhzSvPnMIvDOgyxRtPVJADDgBZxKge0fI7hjd4tAE=
IYNOTREQNxwSB6lXZrgJnSsFhbdm5hhiED4MWyvL4NAOT3mBjHjJ3trEDWZhzSvPnMIvDOgyxRtPVJADDgBZxKge0fI7hjd4tAE=
hYPocfEq/FyU6jrXtXAcLSoFhbdm5hhiED4MWyvL4NAOT3mBjHjJ3trEDWZhzSvPnMIvDOgyxRtPVJADDgBZxKge0fI7hjd4tAE=
KQDgY5W0+RWsJWx1nO5znC0Fhbdm5hhiED4MWyvL4NAOT3mBjHjJ3trEDWZhzSvPnMIvDOgyxRtPVJADDgBZxKge0fI7hjd4tAE=
yFBoKqINybjsTkyG31egkA+ewy7QctQXm2e4PG6j4S089FFSWkiV6tFhsyP8LnegWH4dV48YSE8+LAEoyPLJ3guKL3S0DQ==
hUh6ONkI8J/S1u3ffzpQfg6ewy7QctQXm2e4PG6j4S089FFSWkiV6tFhsyP8LnegWH4dV48YSE8+LAEoyPLJ3guKL3S0DQ==
p6AhEx+CQTyOaBvNvMgcODzwt5EqQAKxvnH1BlUAK3a4D+I2r9YCO1rwqWd5OqHn9dVUrUAUf71nBJN7zD+hysDKSa+bkDOzCSe3OX+0BA==
iRlMkyOI5qdheaUhbjK+SA2ewy7QctQXm2e4PG6j4S089FFSWkiV6tFhsyP8LnegWH4dV48YSE8+LAEoyPLJ3guKL3S0DQ==
m+hrRQ9HdKVbSwH3gvh17wyewy7QctQXm2e4PG6j4S089FFSWkiV6tFhsyP8LnegWH4dV48YSE8+LAEoyPLJ3guKL3S0DQ==
c9trCbe3Gor+sR6Bxnhh0TV3zOELO2vBrcBQplD6RO/7vwh0rusRdRzMQVpaQIXS8TlDazxmx3g4ho3fD5DYN950seCIOrkGK7I/fLQF
wWMM00wPAgpvNlQn5ZXyRAuewy7QctQXm2e4PG6j4S089FFSWkiV6tFhsyP8LnegWH4dV48YSE8+LAEoyPLJ3guKL3S0DQ==
FZetrEKAR4mf73c/emOAXwqewy7QctQXm2e4PG6j4S089FFSWkiV6tFhsyP8LnegWH4dV48YSE8+LAEoyPLJ3guKL3S0DQ==
F+ytGs/ypHUItL1FiXyMvSR83+EKO2vBrcBQplD6RO/7vwh0rusRdRzMQVpaQIXS8TlDazxmx3g4ho3fD5DYN950seCIOrkGK7I/fLQF
7w+KjTP0L7sP8gTuvjfzuAmewy7QctQXm2e4PG6j4S089FFSWkiV6tFhsyP8LnegWH4dV48YSE8+LAEoyPLJ3guKL3S0DQ==
gjGo0H8aT/X2DAoo91a6OQiewy7QctQXm2e4PG6j4S089FFSWkiV6tFhsyP8LnegWH4dV48YSE8+LAEoyPLJ3guKL3S0DQ==
eFFXbEdk2AEWPol5XgAb8/aLvQ4NLLndlWI5kNmhzVqpQJeuzN9WXkN2rtPOQD0f5bo9H2FlwMXstBNV01RnI3D/3RL0mr2Ht3Bfmx1XowFjtBg=
fSDNIrdrFFBGWn1qh9F8KC8Fhbdm5hhiED4MWyvL4NAOT3mBjHjJ3trEDWZhzSvPnMIvDOgyxRtPVJADDgBZxKge0fI7hjd4tAE=
qby7FQI0UKf5yn/SH9JQqhBSS7XdgKOGIK9KZleW2gtyENF3cTqp9w21fJ0Y1Adtz6QLC0S/KXpYKiF/I9Drw+EHjyl3tAw=
HtQpXeno5EoXl25fBWo3kRFSS7XdgKOGIK9KZleW2gtyENF3cTqp9w21fJ0Y1Adtz6QLC0S/KXpYKiF/I9Drw+EHjyl3tAw=
WWa00hzGva6coeOGAvVmqg/F4c1AA2nU0XhUoOYEMAQYVSPJ3Mb+JV2/1IqFGBqe+QjJb7c5DEirkhCgab0vrsTNxkKlkpg0tQwjtDt+tBs=
XDVa63oZV0S7Lko4K4T20C0dibd/8AdiED4MWyvL4NAOT3mBjHjJ3trEDWZhzSvPnMIvDOgyxRtPVJADDgBZxKge0fI7hjd4tAE=
SRciVyk6gQRda+rKO4fjlRJSS7XdgKOGIK9KZleW2gtyENF3cTqp9w21fJ0Y1Adtz6QLC0S/KXpYKiF/I9Drw+EHjyl3tAw=
FKxJe4+IrFOg9riVR0kmmEdX9a5ROXrFvshQplD6RO/7vwh0rusRdRzMQVpaQIXS8TlDazxmx3g4ho3fD5DYN950seCIOrkGK7I/fLQF
QxRQ/K+s8r9p1N08SRezBCwdibd/8AdiED4MWyvL4NAOT3mBjHjJ3trEDWZhzSvPnMIvDOgyxRtPVJADDgBZxKge0fI7hjd4tAE=
pPo1T/mgdCRZ/Cd7KhlM1Vqx+kifPJNZyHanPHTwpCs591BZNwyE/dZyuDP8LnegWH4dV48YSE8+LAEoyPLJ3guKL3S0DQ==
/c7LOMkoeWwVF6Pe7sOxQVqx+kifPJNZyHKlMnTwpCs591BZNwyE/dZyuDP8LnegWH4dV48YSE8+LAEoyPLJ3guKL3S0DQ==
BnTWV8UbPxm5PiS2ZiOgaOLzo8be2KrXTirJhc3cz0Xz0hh8TCRJl8/QzQd1NFAYM/LHyd+hk+pbs/5KILBBg21KRwrA8sm1XL3WIwB7vGxecmzUM8ZATGHZb1J8uXaOjZa46O2YsxhzWrQn
fGAV5Gjilba0QLnGVlhkzeLzo8be2KjKUW7YjtHLwlnC4x9ua0JY9YfczU4zVl9HM7eZlIu9gsFdpfd4RfVagV8DAQvA8sm1XL3WIwB7vGxecmzUM8ZATGHZb1J8uXaOjZa46O2YsxhzWrQn
miq8pQzlx59VfHx4rx5lGLPacwjs7XtA3gefFunCBhaFQwBQf43lofclXwlJTsz72hOhi9cSceNSg1MdMfHk1LGHgHMWaVTNVM7yDPxOt0DY3t03j/gI775MQcjI0gl+i2pvVLQt
bSkJ9JmoWdZPDfCS2gVi0Ep6IHCJwnmDnwjZr54OohiqVzGtj5y1xZ2Nif2TAwx5bmFb3MDWEq90xw8bwLZaZWprNCYf7dY+nPbELl7AR3SLdPtF23S/c+h/RUKserWXn7D365W3G3FbtCA=
s+72alm6fNqnNHiOWHha10p6IHCJwniDnwjZr54OohiqVzGtj5y2xZ2Nif2TAwx5bmFb3cDWEq90xw8bwLZaZWprNCYf7dY+nPbELl7AR3SLdPtF23S/c+h/RUKserWXn7D365W3G3FbtCA=
cA++PDpDwkYuHufxx/RflbPacwjs7XtA3QefFunCBhaFQwBQf43lofclXwlJTsz72hOhi9cSceNSg1MdNPHk1LGHgHMWaVTNVM7yDPxOt0DY3t03j/gI775MQcjI0gl+i2pvVLQt
i/mRUKsIZMQpoQ+soV/LdEp6IHCJwnqDnwjZr54OohiqVzGtj5yzxZ2Nif2TAwx5bmFb3MDWEq90xw8bwLZaZWptNCYf7dY+nPbELl7AR3SLdPtF23S/c+h/RUKserWXn7D365W3G3FbtCA=
OKfrKcB+p/wRTQxv5xh07eREncJnCGtTw3JsaHQkKsMOZQ3muxJfV3NEFBwUbxGbuvX40c2zdk70A9KnqbcmbuwJPN3i6qm1kHJaNgJiGJhxuF1ErSntrFlfzh9jbkpig/uJgOHno68dfV20Jg==
WZqQQV3W3ADCTPgxrey6UuLzo8be2KrXTirJhc3cz0Xz0hh8TCRMl8/QzQd2N1AYM/LHyd+hk+pbs/5KILVBg21KRwrA8sm1XL3WIwB7vGxecmzUM8ZATGHZb1J8uXaOjZa46O2YsxhzWrQn
yFiDID73UH8q7/EkM/SjFUp6IHCJwnmDnwjZr54OohiqVzGtj5y2xZ2Nif2TAwx5bmFb3cDWEq90xw8bwLZaZWpsNCYf7dY+nPbELl7AR3SLdPtF23S/c+h/RUKserWXn7D365W3G3FbtCA=
nJWwRmVD5d5lrD7TAmcRuEp6IHCJwnuDnwjZr54OohiqVzGtj5y0/96WlKr0DFN5Kz8GidzHOalizj1+hq1YVyMvNSYf7dY+nPbELl7AR3SLdPtF23S/c+h/RUKserWXn7D365W3G3FbtCA=
zEMGlUJZH9mrLtjRXkGch0p6IHCJwnqDnwjZr54OohiqVzGtj5y2xZ2Nif2TAwx5bmFb3cDWEq90xw8bwLZaZWpqNCYf7dY+nPbELl7AR3SLdPtF23S/c+h/RUKserWXn7D365W3G3FbtCA=
vw+sL6ThiwEJEWOB9PXlq047Lhj+hsTQgftpFg7UjMyAa2Txv3ZJhtXf+cCWnJbrmxMwYQpBJHEG8VX9ISrL5ZnzR6uf+5K+Y31athh2QKbSULvsLxSf/QeEczusP4GKYErp77uQE/Oppxd5X7Qk
0gtJg4WdPbz4SFQWf4OXHYLKJzMlI3NhzSsmQyDenwi6g1gAbmfnWG4d36xNDziyq4eJSxFzbRUfOywXefDBF88MS9yQKTvd34mV0vCqqa1spdY7MGPcNG6qrAyDniDU0UHvyswhFtY9Tngw3cDTAENCtD8=
hbQjlOqidTDEDygow/L+stJ4EyYSiijTPHl2Ta36SiC+/wXvthtaVVrVoYi0hlxxOX1SBuFD7koL7xio8EjtoSNffDgBCxj/luXMQeQiaqCc4m+saJKF+080UKOOoJnkqP4Rkrtmd1i0IQ==
pbuZsDl9vp/MWC1RMcAxkNJ4EyYSii7TPHl2Ta36SiC+/wXvthtaVVrVoYi0hlxxOX1SBuFD7koL7xio8EjtoCNffDgBCxj/luXMQeQiaqCc4m+saJKF+080UKOOoJnkqP4Rkrtmd1i0IQ==
kpdwMzK8qouacsPdOlU/meZ9eH0/wgTGkoSXmOBrAhDJ4ZDqOddAhFgHz9HDczRRGYmM8un8hpWtsAJ4Tt9b+LplPEJDg2tbRSQsEOHjKOeW/fypBAo62Nxav0TIOvVjz6ygCy7IyVxoBsG62w5HQLQ5
m+3nl7ze93P0LbyPbk3vW9J4EyYSiinTPHl2Ta36SiC+/wXvthtZVVrVoYi0hlxxOX1SBuFD7koL7xio8EjtoiNffDgBCxj/luXMQeQiaqCc4m+saJKF+080UKOOoJnkqP4Rkrtmd1i0IQ==
6KuJh289lMFPxAVEInz3QtJ4EyYSii/TPHl2Ta36SiC+/wXvthtZVVrVoYi0hlxxOX1SBuFD7koL7xio8EjtoyNffDgBCxj/luXMQeQiaqCc4m+saJKF+080UKOOoJnkqP4Rkrtmd1i0IQ==
faS5s3tx5ajERY/gqMZAO9J4EyYSiiqIaWNhRrfrZyCI6jCuxHg7HVbV6M7Ilkdgdz9DC/t0/1Ee7Ezo+W25+BdcfDgBCxj/luXMQeQiaqCc4m+saJKF+080UKOOoJnkqP4Rkrtmd1i0IQ==
Xui7eHroDhPvfU4u8KQxl9J4EyYSiiqIaWNhRrfrZyCI6jCuxXg7HVbV6MzIlkdgdz9DC/t0/1Ee7Ezo+W25+BdcfDgBCxj/luXMQeQiaqCc4m+saJKF+080UKOOoJnkqP4Rkrtmd1i0IQ==
76qgo+fx2zChJouDvVQwz+Z9eH0/wgadx56Ak/p6LxD/9KWrLLk2zAkBw9DiNggFVs3Yo6i+l5i3hxNjW9wPyZ50PEBZhWlAVyQsEOHjKOeW/fypBAo62Nxav0TIOvVjz6ygCy7IyVxoBsG62w5HQLQ5
6fxKXM6/62RVZDof7wtkm0p6IHCJwn+egEzIpIIZrwSbZja/qPqmmZaalOO3cENiOnFEmNHdDrh52z4qx6R9A3MbNiYf7dY+nPbELl7AR3SLdPtF23S/c+h/RUKserWXn7D365W3G3FbtCA=
r1xh+qjyaT3eKIpR1ohoKUp6IHCJwniegEzIpIIZrwSbZja/qPqmmZaalOO3cENiOnFEmNHdDrh52z4qx6R9A3IbNiYf7dY+nPbELl7AR3SLdPtF23S/c+h/RUKserWXn7D365W3G3FbtCA=
3rBj3DW7bBqUvvUKEaAf3V9Cv01iAHuYzWKm3SI7vr977j5Duim+jogsF1BO9uDkg7LrwU1bIQd/9TcIVoH0DzLJwJajqpSMkX+QexZhRDV0loJEPIYHGLhmTb8PcJhXXpTxgIga+aarEn9ctCU=
H0UeT2RqzcUGiQQeun43idJ4EyYSiijTPHl2Ta36SiC+/wXvthteVVrVoYi0hlxxOX1SBuFD7koL7xio8EjtpyNffDgBCxj/luXMQeQiaqCc4m+saJKF+080UKOOoJnkqP4Rkrtmd1i0IQ==
xfwJ/2/sJ8IUoW69gm5nLdJ4EyYSiinTPHl2Ta36SiC+/wXvthteVVrVoYi0hlxxOX1SBuFD7koL7xio8EjtpiNffDgBCxj/luXMQeQiaqCc4m+saJKF+080UKOOoJnkqP4Rkrtmd1i0IQ==
gRPToNfZbwBt28oEpheCcZdW/wLJQ/Agt/t9Y47JX////zl11i4dZHk0Y7VjFLdDgP/tMqRazScH8M/7zReTIXO0CA==
1JMzMRPDa+kQImk1rmviQ7Sz5pxai4ExQ2wvxl9NzAc1COMosdBrkmFVBKyV0u4bE2UvNBwALOuHz940xzQ6Phe96XiD5v12WEZZOdQ9X6i/70zA9hYMaOsykAApmCuOjWhG4eeynxT1rKMUe0OnLg==
kRzNmaFjI25uRYonmPPflCQOrizDEEEZTEnRFBPwCsq04yKVgYqJ8VdSVwoGkZi3s4bEQK+GYMZVZeA/ZpnWjoudYqYUf1+x6jDT3PfUJ61vJOvLIbsJM/2qQr3D18sDgYdvaUqnOQ==
eexqNfQCs5foaHm0U17Jt+vzo8be2OmLGzLJmdbuhwHEwx9oZVZYtpza1UI2bCgIKOOJi8m6gsNKsvZbILVZj21TURXA8sm1XLnfNAd7vGxecmzUM8ZATGHda1J1vHaNj5a/6O2YsxhzR6cy
7+9LyBhN9y2ZqVuvwTV4shyf0mhunc0e+u3OY6v5twjlPOwEU/aAPMEKboLVzba970Y/uA2o8+jTF6di
AapV7GkxLxlsmafPgPtE0D4U+RJa3rqcqLiLoQaGtrMnV73nghFOl8MV58y94MwQW/qwGPk2rjZ9YSY5d9rf7MXkA4wra6cW
tNA61tPRddTl+2XN852hOCIc5VtFyaud56/Z90iIubsmW/7sghFOl8MV58y94MwQW/qwGPk1rzZ8YSY5d9rf7MXkA4wra6cW
b7wG/DaCA3ybS1j9JhZSuFJx9r6GWrp93A7bQvN6v+FSXLCiwbw+rvYhdsPpm8ek6THhnCXXJl9HbnISDGHNp+Xf7z+BNWSnFw==
A9LnKoNcpMuibEvifowREgW6eflZZkzo9idUyIe7N/rvO0ps1jy/ZLHhSTydZ6fbzxiJcuQxFefd78cfmSVspx8=
zA0H4I/Z9mZbYoJUH3uaEm6Onb8RCNihgRx2Tn6Gn/9gpmZ3PIrxJlyHhIh32yf6/9srrYqRHuQhgbl8TUeR27/42bJUkYVnLY8XX6kFfKcP
sv1ubmKSslryQNKt9mDzZuVBxHZrl1pXZUJAlWQEVB/BnwGdtRNzfH6aPcv0C5xhbi3QwZacl9GFg4igjlRsAWIM9GrCh2RVvuQQESJYMCsNUDGSCm4dVXRym7R4VNdN32Sbqxe/+RDO6jIdc1dbo9HHP0lapyk=
cWsosuCGXZxQ3iz/5LSFFtG70I+EsA6KxURPr7Y22NeMyQs5SvgaglyK33QIqlWQz9wKnW77Kwzv1uHKG54nbacc
o6tQ2PBYI7vtiqEhujsvbeVBxHZrl1pXZUJAlWQEVB/BnwGdtRNzfH6aPcv0C5xhbi3QwZacl9GFg4igjlRsAWIM9GrCh2RVvuQQESJYMCsNUDGSCm4dVXRym7R4VNdN32SbqxG++RDO6jIdc1dbo9HHP0lapyk=
rFmi7l5dPRGVONtfF+jjSNG70I+EsA6KxURPr7Y22NeMyQs5SvgaglyK33QIqlWWztwKnW77Kwzv1uHKG54nbacc
IGHcEquUkldeWsKv9igy0dwQhTciQTjkAUEZ/O2Hst7fPLgyNFHlZ01Pd9/JxRynbw==
C+g1yFFFUKafY/m6fSYbUjT2+FW7pmre2fVRTaACL1wk9Ctly7Qv0xh+dag6uqb1TzeHC6X369EWp2U=
2VNyQSf/yP30hR0ZQT8t0YYgOMJxdxrhIlhu8h+NTGC7inBoGUWuRp4T5kmXql+cJZTD/Msbp2Y=
KclmjJNfkwKqGFflfH3EL+3Gqw31jDM+uon+BXMQWs7wtWUvJQdpky/bDlCkP+wtk6yVAxsnDAn68zVKXpu4hRL0S6VrNI+T+35VaFo6xjVvN2dLRXdLEXanBQ==
bGb0nHt17cWOk2JmcvXsZsi/MAxwmZ2oNBJexavzaz+nzwE7IEyqB+Ixndy7H3Uf4lW0M3sWsCPWGbyExTnljAEPVZ77NJSCiOmhR0mXK0+lDXinCw==
