[2022-04-20 16:21:36] [info] Start Program:
Path:"D:\\1.School\\OOP\\a56hp\\paul56a\\x64\\Debug\\paul56a.exe"
Arguments:
Working directory: not set.
Modules: Selected: * Excluded: 
Sources: Selected: paul56a Excluded: 
Log Level: Normal
Cover Children: 0
Aggregate by file: 1
Continue after C++ exception: 0
Optimized build support: 0
Export: html 
Input coverage: 
Unified diff: 
Excluded line regular expressions: 
Substitute pdb source paths: 
[2022-04-20 16:21:36] [info] Module: D:\1.School\OOP\a56hp\paul56a\x64\Debug\paul56a.exe is selected because it matches selected pattern: *
[2022-04-20 16:21:36] [info] Module: C:\Windows\System32\ntdll.dll is selected because it matches selected pattern: *
[2022-04-20 16:21:36] [info] Module: C:\Windows\System32\kernel32.dll is selected because it matches selected pattern: *
[2022-04-20 16:21:36] [info] Module: C:\Windows\System32\KernelBase.dll is selected because it matches selected pattern: *
[2022-04-20 16:21:36] [info] Module: C:\Windows\System32\msvcp140d.dll is selected because it matches selected pattern: *
[2022-04-20 16:21:36] [info] Module: C:\Windows\System32\vcruntime140_1d.dll is selected because it matches selected pattern: *
[2022-04-20 16:21:36] [info] Module: C:\Windows\System32\vcruntime140d.dll is selected because it matches selected pattern: *
[2022-04-20 16:21:36] [info] Module: C:\Windows\System32\ucrtbased.dll is selected because it matches selected pattern: *
[2022-04-20 16:21:36] [info] Module: C:\Windows\System32\kernel.appcore.dll is selected because it matches selected pattern: *
[2022-04-20 16:21:36] [info] Module: C:\Windows\System32\msvcrt.dll is selected because it matches selected pattern: *
[2022-04-20 16:21:36] [info] ----------------------------------------------------
[2022-04-20 16:21:36] [info] Coverage generated in Folder D:\1.School\OOP\a56hp\paul56a\CoverageReport-2022-04-20-16h21m36s
[2022-04-20 16:21:36] [info] ----------------------------------------------------
[2022-04-20 16:21:36] [info] The code coverage report is not what you expect? See the FAQ https://github.com/OpenCppCoverage/OpenCppCoverage/wiki/FAQ.
