go->(-1, -1)
{->(-1, -1)
number->(-1, -1)
id->(15, 0)
;->(-1, -1)
number->(-1, -1)
id->(16, 0)
;->(-1, -1)
number->(-1, -1)
id->(0, 0)
;->(-1, -1)
id->(15, 0)
=->(-1, -1)
const->(14, 0)
;->(-1, -1)
id->(15, 0)
=->(-1, -1)
const->(15, 1)
;->(-1, -1)
id->(16, 0)
=->(-1, -1)
;->(-1, -1)
id->(0, 0)
=->(-1, -1)
const->(10, 0)
;->(-1, -1)
number->(-1, -1)
id->(10, 1)
;->(-1, -1)
number->(-1, -1)
id->(14, 1)
;->(-1, -1)
number->(-1, -1)
;->(-1, -1)
cin->(-1, -1)
>>->(-1, -1)
id->(15, 0)
;->(-1, -1)
cin->(-1, -1)
>>->(-1, -1)
id->(16, 0)
;->(-1, -1)
cin->(-1, -1)
>>->(-1, -1)
id->(0, 0)
;->(-1, -1)
number->(-1, -1)
id->(12, 0)
;->(-1, -1)
if->(-1, -1)
(->(-1, -1)
id->(15, 0)
>->(-1, -1)
id->(16, 0)
and->(-1, -1)
id->(15, 0)
>->(-1, -1)
id->(0, 0)
)->(-1, -1)
{->(-1, -1)
id->(12, 0)
=->(-1, -1)
id->(15, 0)
;->(-1, -1)
}->(-1, -1)
if->(-1, -1)
(->(-1, -1)
id->(16, 0)
>->(-1, -1)
id->(15, 0)
and->(-1, -1)
id->(16, 0)
>->(-1, -1)
id->(0, 0)
)->(-1, -1)
{->(-1, -1)
id->(12, 0)
=->(-1, -1)
id->(16, 0)
;->(-1, -1)
}->(-1, -1)
if->(-1, -1)
(->(-1, -1)
id->(0, 0)
>->(-1, -1)
id->(15, 0)
and->(-1, -1)
id->(0, 0)
>->(-1, -1)
id->(16, 0)
)->(-1, -1)
{->(-1, -1)
id->(12, 0)
=->(-1, -1)
id->(0, 0)
;->(-1, -1)
}->(-1, -1)
cout->(-1, -1)
<<->(-1, -1)
id->(12, 0)
;->(-1, -1)
}->(-1, -1)
